# JRE version: OpenJDK Runtime Environment (17.0.9) (build 17.0.9+0--11185874)
# Java VM: OpenJDK 64-Bit Server VM (17.0.9+0--11185874, mixed mode, tiered, compressed oops, compressed class ptrs, g1 gc, windows-amd64)
GC Precious Log:
 CPUs: 8 total, 8 available
 Memory: 7882M
 Large Page Support: Disabled
 NUMA Support: Disabled
 Compressed Oops: Enabled (32-bit)
 Heap Region Size: 1M
 Heap Min Capacity: 8M
 Heap Initial Capacity: 124M
 Heap Max Capacity: 2G
 Pre-touch: Disabled
 Parallel Workers: 8
 Concurrent Workers: 2
 Concurrent Refinement Workers: 8
 Periodic GC: Disabled
Heap:
 garbage-first heap   total 137216K, used 66667K [0x0000000080000000, 0x0000000100000000)
  region size 1024K, 1 young (1024K), 1 survivors (1024K)
 Metaspace       used 68942K, committed 69568K, reserved 1114112K
  class space    used 9305K, committed 9600K, reserved 1048576K
GC Heap History (20 events):
Event: 6.345 GC heap after
{Heap after GC invocations=14 (full 0):
 garbage-first heap   total 103424K, used 37456K [0x0000000080000000, 0x0000000100000000)
  region size 1024K, 5 young (5120K), 5 survivors (5120K)
 Metaspace       used 55328K, committed 55872K, reserved 1114112K
  class space    used 7605K, committed 7872K, reserved 1048576K
}
Event: 6.818 GC heap before
{Heap before GC invocations=14 (full 0):
 garbage-first heap   total 103424K, used 78416K [0x0000000080000000, 0x0000000100000000)
  region size 1024K, 35 young (35840K), 5 survivors (5120K)
 Metaspace       used 56070K, committed 56640K, reserved 1114112K
  class space    used 7674K, committed 7936K, reserved 1048576K
}
Event: 6.825 GC heap after
{Heap after GC invocations=15 (full 0):
 garbage-first heap   total 103424K, used 56322K [0x0000000080000000, 0x0000000100000000)
  region size 1024K, 6 young (6144K), 6 survivors (6144K)
 Metaspace       used 56070K, committed 56640K, reserved 1114112K
  class space    used 7674K, committed 7936K, reserved 1048576K
}
Event: 7.069 GC heap before
{Heap before GC invocations=16 (full 0):
 garbage-first heap   total 103424K, used 72706K [0x0000000080000000, 0x0000000100000000)
  region size 1024K, 22 young (22528K), 6 survivors (6144K)
 Metaspace       used 57164K, committed 57728K, reserved 1114112K
  class space    used 7828K, committed 8064K, reserved 1048576K
}
Event: 7.072 GC heap after
{Heap after GC invocations=17 (full 0):
 garbage-first heap   total 103424K, used 59578K [0x0000000080000000, 0x0000000100000000)
  region size 1024K, 2 young (2048K), 2 survivors (2048K)
 Metaspace       used 57164K, committed 57728K, reserved 1114112K
  class space    used 7828K, committed 8064K, reserved 1048576K
}
Event: 7.286 GC heap before
{Heap before GC invocations=18 (full 0):
 garbage-first heap   total 109568K, used 80058K [0x0000000080000000, 0x0000000100000000)
  region size 1024K, 21 young (21504K), 2 survivors (2048K)
 Metaspace       used 58703K, committed 59264K, reserved 1114112K
  class space    used 8042K, committed 8320K, reserved 1048576K
}
Event: 7.288 GC heap after
{Heap after GC invocations=19 (full 0):
 garbage-first heap   total 109568K, used 60774K [0x0000000080000000, 0x0000000100000000)
  region size 1024K, 2 young (2048K), 2 survivors (2048K)
 Metaspace       used 58703K, committed 59264K, reserved 1114112K
  class space    used 8042K, committed 8320K, reserved 1048576K
}
Event: 7.317 GC heap before
{Heap before GC invocations=19 (full 0):
 garbage-first heap   total 109568K, used 63846K [0x0000000080000000, 0x0000000100000000)
  region size 1024K, 5 young (5120K), 2 survivors (2048K)
 Metaspace       used 58950K, committed 59584K, reserved 1114112K
  class space    used 8081K, committed 8384K, reserved 1048576K
}
Event: 7.319 GC heap after
{Heap after GC invocations=20 (full 0):
 garbage-first heap   total 109568K, used 61008K [0x0000000080000000, 0x0000000100000000)
  region size 1024K, 1 young (1024K), 1 survivors (1024K)
 Metaspace       used 58950K, committed 59584K, reserved 1114112K
  class space    used 8081K, committed 8384K, reserved 1048576K
}
Event: 7.578 GC heap before
{Heap before GC invocations=20 (full 0):
 garbage-first heap   total 109568K, used 83536K [0x0000000080000000, 0x0000000100000000)
  region size 1024K, 24 young (24576K), 1 survivors (1024K)
 Metaspace       used 61278K, committed 61888K, reserved 1114112K
  class space    used 8338K, committed 8640K, reserved 1048576K
}
Event: 7.580 GC heap after
{Heap after GC invocations=21 (full 0):
 garbage-first heap   total 109568K, used 61553K [0x0000000080000000, 0x0000000100000000)
  region size 1024K, 1 young (1024K), 1 survivors (1024K)
 Metaspace       used 61278K, committed 61888K, reserved 1114112K
  class space    used 8338K, committed 8640K, reserved 1048576K
}
Event: 7.850 GC heap before
{Heap before GC invocations=22 (full 0):
 garbage-first heap   total 109568K, used 86129K [0x0000000080000000, 0x0000000100000000)
  region size 1024K, 26 young (26624K), 1 survivors (1024K)
 Metaspace       used 63980K, committed 64576K, reserved 1114112K
  class space    used 8618K, committed 8896K, reserved 1048576K
}
Event: 7.852 GC heap after
{Heap after GC invocations=23 (full 0):
 garbage-first heap   total 109568K, used 62248K [0x0000000080000000, 0x0000000100000000)
  region size 1024K, 2 young (2048K), 2 survivors (2048K)
 Metaspace       used 63980K, committed 64576K, reserved 1114112K
  class space    used 8618K, committed 8896K, reserved 1048576K
}
Event: 7.888 GC heap before
{Heap before GC invocations=23 (full 0):
 garbage-first heap   total 109568K, used 65320K [0x0000000080000000, 0x0000000100000000)
  region size 1024K, 5 young (5120K), 2 survivors (2048K)
 Metaspace       used 64327K, committed 64896K, reserved 1114112K
  class space    used 8658K, committed 8896K, reserved 1048576K
}
Event: 7.892 GC heap after
{Heap after GC invocations=24 (full 0):
 garbage-first heap   total 109568K, used 61860K [0x0000000080000000, 0x0000000100000000)
  region size 1024K, 1 young (1024K), 1 survivors (1024K)
 Metaspace       used 64327K, committed 64896K, reserved 1114112K
  class space    used 8658K, committed 8896K, reserved 1048576K
}
Event: 8.277 GC heap before
{Heap before GC invocations=24 (full 0):
 garbage-first heap   total 109568K, used 88484K [0x0000000080000000, 0x0000000100000000)
  region size 1024K, 27 young (27648K), 1 survivors (1024K)
 Metaspace       used 67845K, committed 68416K, reserved 1114112K
  class space    used 9149K, committed 9408K, reserved 1048576K
}
Event: 8.280 GC heap after
{Heap after GC invocations=25 (full 0):
 garbage-first heap   total 109568K, used 63711K [0x0000000080000000, 0x0000000100000000)
  region size 1024K, 2 young (2048K), 2 survivors (2048K)
 Metaspace       used 67845K, committed 68416K, reserved 1114112K
  class space    used 9149K, committed 9408K, reserved 1048576K
}
Event: 8.468 GC heap before
{Heap before GC invocations=26 (full 0):
 garbage-first heap   total 137216K, used 94431K [0x0000000080000000, 0x0000000100000000)
  region size 1024K, 27 young (27648K), 2 survivors (2048K)
 Metaspace       used 68761K, committed 69312K, reserved 1114112K
  class space    used 9284K, committed 9536K, reserved 1048576K
}
Event: 8.473 GC heap after
{Heap after GC invocations=27 (full 0):
 garbage-first heap   total 137216K, used 66991K [0x0000000080000000, 0x0000000100000000)
  region size 1024K, 4 young (4096K), 4 survivors (4096K)
 Metaspace       used 68761K, committed 69312K, reserved 1114112K
  class space    used 9284K, committed 9536K, reserved 1048576K
}
Event: 8.493 GC heap before
{Heap before GC invocations=27 (full 0):
 garbage-first heap   total 137216K, used 69039K [0x0000000080000000, 0x0000000100000000)
  region size 1024K, 6 young (6144K), 4 survivors (4096K)
 Metaspace       used 68942K, committed 69568K, reserved 1114112K
  class space    used 9305K, committed 9600K, reserved 1048576K
}

