# JRE version: OpenJDK Runtime Environment (17.0.9) (build 17.0.9+0--11185874)
# Java VM: OpenJDK 64-Bit Server VM (17.0.9+0--11185874, mixed mode, tiered, compressed oops, compressed class ptrs, g1 gc, windows-amd64)
GC Precious Log:
 CPUs: 8 total, 8 available
 Memory: 7882M
 Large Page Support: Disabled
 NUMA Support: Disabled
 Compressed Oops: Enabled (32-bit)
 Heap Region Size: 1M
 Heap Min Capacity: 8M
 Heap Initial Capacity: 124M
 Heap Max Capacity: 1G
 Pre-touch: Disabled
 Parallel Workers: 8
 Concurrent Workers: 2
 Concurrent Refinement Workers: 8
 Periodic GC: Disabled
Heap:
 garbage-first heap   total 494592K, used 321914K [0x00000000c0000000, 0x0000000100000000)
  region size 1024K, 171 young (175104K), 2 survivors (2048K)
 Metaspace       used 121216K, committed 122112K, reserved 1179648K
  class space    used 15938K, committed 16384K, reserved 1048576K
GC Heap History (20 events):
Event: 5426.852 GC heap before
{Heap before GC invocations=81 (full 0):
 garbage-first heap   total 209920K, used 111763K [0x00000000c0000000, 0x0000000100000000)
  region size 1024K, 10 young (10240K), 2 survivors (2048K)
 Metaspace       used 110782K, committed 112064K, reserved 1179648K
  class space    used 14844K, committed 15360K, reserved 1048576K
}
Event: 5426.861 GC heap after
{Heap after GC invocations=82 (full 0):
 garbage-first heap   total 209920K, used 104487K [0x00000000c0000000, 0x0000000100000000)
  region size 1024K, 2 young (2048K), 2 survivors (2048K)
 Metaspace       used 110782K, committed 112064K, reserved 1179648K
  class space    used 14844K, committed 15360K, reserved 1048576K
}
Event: 5456.955 GC heap before
{Heap before GC invocations=82 (full 0):
 garbage-first heap   total 209920K, used 179239K [0x00000000c0000000, 0x0000000100000000)
  region size 1024K, 75 young (76800K), 2 survivors (2048K)
 Metaspace       used 111487K, committed 112320K, reserved 1179648K
  class space    used 14927K, committed 15360K, reserved 1048576K
}
Event: 5456.970 GC heap after
{Heap after GC invocations=83 (full 0):
 garbage-first heap   total 209920K, used 108235K [0x00000000c0000000, 0x0000000100000000)
  region size 1024K, 6 young (6144K), 6 survivors (6144K)
 Metaspace       used 111487K, committed 112320K, reserved 1179648K
  class space    used 14927K, committed 15360K, reserved 1048576K
}
Event: 5458.064 GC heap before
{Heap before GC invocations=84 (full 0):
 garbage-first heap   total 209920K, used 175819K [0x00000000c0000000, 0x0000000100000000)
  region size 1024K, 73 young (74752K), 6 survivors (6144K)
 Metaspace       used 112787K, committed 113664K, reserved 1179648K
  class space    used 15092K, committed 15552K, reserved 1048576K
}
Event: 5458.083 GC heap after
{Heap after GC invocations=85 (full 0):
 garbage-first heap   total 209920K, used 115044K [0x00000000c0000000, 0x0000000100000000)
  region size 1024K, 10 young (10240K), 10 survivors (10240K)
 Metaspace       used 112787K, committed 113664K, reserved 1179648K
  class space    used 15092K, committed 15552K, reserved 1048576K
}
Event: 5458.123 GC heap before
{Heap before GC invocations=85 (full 0):
 garbage-first heap   total 209920K, used 115044K [0x00000000c0000000, 0x0000000100000000)
  region size 1024K, 11 young (11264K), 10 survivors (10240K)
 Metaspace       used 113162K, committed 113984K, reserved 1179648K
  class space    used 15127K, committed 15552K, reserved 1048576K
}
Event: 5458.145 GC heap after
{Heap after GC invocations=86 (full 0):
 garbage-first heap   total 209920K, used 108172K [0x00000000c0000000, 0x0000000100000000)
  region size 1024K, 2 young (2048K), 2 survivors (2048K)
 Metaspace       used 113162K, committed 113984K, reserved 1179648K
  class space    used 15127K, committed 15552K, reserved 1048576K
}
Event: 5458.859 GC heap before
{Heap before GC invocations=86 (full 0):
 garbage-first heap   total 209920K, used 139916K [0x00000000c0000000, 0x0000000100000000)
  region size 1024K, 35 young (35840K), 2 survivors (2048K)
 Metaspace       used 114089K, committed 114944K, reserved 1179648K
  class space    used 15210K, committed 15616K, reserved 1048576K
}
Event: 5458.867 GC heap after
{Heap after GC invocations=87 (full 0):
 garbage-first heap   total 209920K, used 115551K [0x00000000c0000000, 0x0000000100000000)
  region size 1024K, 9 young (9216K), 9 survivors (9216K)
 Metaspace       used 114089K, committed 114944K, reserved 1179648K
  class space    used 15210K, committed 15616K, reserved 1048576K
}
Event: 5460.311 GC heap before
{Heap before GC invocations=88 (full 0):
 garbage-first heap   total 224256K, used 186207K [0x00000000c0000000, 0x0000000100000000)
  region size 1024K, 61 young (62464K), 9 survivors (9216K)
 Metaspace       used 114651K, committed 115456K, reserved 1179648K
  class space    used 15255K, committed 15680K, reserved 1048576K
}
Event: 5460.334 GC heap after
{Heap after GC invocations=89 (full 0):
 garbage-first heap   total 224256K, used 135717K [0x00000000c0000000, 0x0000000100000000)
  region size 1024K, 8 young (8192K), 8 survivors (8192K)
 Metaspace       used 114651K, committed 115456K, reserved 1179648K
  class space    used 15255K, committed 15680K, reserved 1048576K
}
Event: 5460.410 GC heap before
{Heap before GC invocations=89 (full 0):
 garbage-first heap   total 224256K, used 136741K [0x00000000c0000000, 0x0000000100000000)
  region size 1024K, 10 young (10240K), 8 survivors (8192K)
 Metaspace       used 114681K, committed 115520K, reserved 1179648K
  class space    used 15255K, committed 15680K, reserved 1048576K
}
Event: 5460.422 GC heap after
{Heap after GC invocations=90 (full 0):
 garbage-first heap   total 224256K, used 137113K [0x00000000c0000000, 0x0000000100000000)
  region size 1024K, 2 young (2048K), 2 survivors (2048K)
 Metaspace       used 114681K, committed 115520K, reserved 1179648K
  class space    used 15255K, committed 15680K, reserved 1048576K
}
Event: 5461.347 GC heap before
{Heap before GC invocations=90 (full 0):
 garbage-first heap   total 224256K, used 165785K [0x00000000c0000000, 0x0000000100000000)
  region size 1024K, 31 young (31744K), 2 survivors (2048K)
 Metaspace       used 114773K, committed 115584K, reserved 1179648K
  class space    used 15260K, committed 15680K, reserved 1048576K
}
Event: 5461.356 GC heap after
{Heap after GC invocations=91 (full 0):
 garbage-first heap   total 224256K, used 144966K [0x00000000c0000000, 0x0000000100000000)
  region size 1024K, 6 young (6144K), 6 survivors (6144K)
 Metaspace       used 114773K, committed 115584K, reserved 1179648K
  class space    used 15260K, committed 15680K, reserved 1048576K
}
Event: 5461.594 GC heap before
{Heap before GC invocations=92 (full 0):
 garbage-first heap   total 286720K, used 196166K [0x00000000c0000000, 0x0000000100000000)
  region size 1024K, 40 young (40960K), 6 survivors (6144K)
 Metaspace       used 115346K, committed 116096K, reserved 1179648K
  class space    used 15309K, committed 15680K, reserved 1048576K
}
Event: 5461.603 GC heap after
{Heap after GC invocations=93 (full 0):
 garbage-first heap   total 286720K, used 150179K [0x00000000c0000000, 0x0000000100000000)
  region size 1024K, 5 young (5120K), 5 survivors (5120K)
 Metaspace       used 115346K, committed 116096K, reserved 1179648K
  class space    used 15309K, committed 15680K, reserved 1048576K
}
Event: 5461.682 GC heap before
{Heap before GC invocations=93 (full 0):
 garbage-first heap   total 286720K, used 158371K [0x00000000c0000000, 0x0000000100000000)
  region size 1024K, 14 young (14336K), 5 survivors (5120K)
 Metaspace       used 115966K, committed 116864K, reserved 1179648K
  class space    used 15379K, committed 15808K, reserved 1048576K
}
Event: 5461.691 GC heap after
{Heap after GC invocations=94 (full 0):
 garbage-first heap   total 494592K, used 150906K [0x00000000c0000000, 0x0000000100000000)
  region size 1024K, 2 young (2048K), 2 survivors (2048K)
 Metaspace       used 115966K, committed 116864K, reserved 1179648K
  class space    used 15379K, committed 15808K, reserved 1048576K
}

