# JRE version: OpenJDK Runtime Environment (17.0.9) (build 17.0.9+0--11185874)
# Java VM: OpenJDK 64-Bit Server VM (17.0.9+0--11185874, mixed mode, tiered, compressed oops, compressed class ptrs, g1 gc, windows-amd64)
GC Precious Log:
 CPUs: 8 total, 8 available
 Memory: 7882M
 Large Page Support: Disabled
 NUMA Support: Disabled
 Compressed Oops: Enabled (32-bit)
 Heap Region Size: 1M
 Heap Min Capacity: 8M
 Heap Initial Capacity: 124M
 Heap Max Capacity: 1G
 Pre-touch: Disabled
 Parallel Workers: 8
 Concurrent Workers: 2
 Concurrent Refinement Workers: 8
 Periodic GC: Disabled
Heap:
 garbage-first heap   total 331776K, used 279676K [0x00000000c0000000, 0x0000000100000000)
  region size 1024K, 69 young (70656K), 3 survivors (3072K)
 Metaspace       used 144407K, committed 145664K, reserved 1179648K
  class space    used 19556K, committed 20224K, reserved 1048576K
GC Heap History (20 events):
Event: 23.093 GC heap before
{Heap before GC invocations=55 (full 0):
 garbage-first heap   total 331776K, used 250649K [0x00000000c0000000, 0x0000000100000000)
  region size 1024K, 79 young (80896K), 1 survivors (1024K)
 Metaspace       used 112762K, committed 113664K, reserved 1179648K
  class space    used 15281K, committed 15744K, reserved 1048576K
}
Event: 23.100 GC heap after
{Heap after GC invocations=56 (full 0):
 garbage-first heap   total 331776K, used 173785K [0x00000000c0000000, 0x0000000100000000)
  region size 1024K, 4 young (4096K), 4 survivors (4096K)
 Metaspace       used 112762K, committed 113664K, reserved 1179648K
  class space    used 15281K, committed 15744K, reserved 1048576K
}
Event: 23.877 GC heap before
{Heap before GC invocations=56 (full 0):
 garbage-first heap   total 331776K, used 256729K [0x00000000c0000000, 0x0000000100000000)
  region size 1024K, 85 young (87040K), 4 survivors (4096K)
 Metaspace       used 115716K, committed 116672K, reserved 1179648K
  class space    used 15627K, committed 16128K, reserved 1048576K
}
Event: 23.889 GC heap after
{Heap after GC invocations=57 (full 0):
 garbage-first heap   total 331776K, used 180887K [0x00000000c0000000, 0x0000000100000000)
  region size 1024K, 11 young (11264K), 11 survivors (11264K)
 Metaspace       used 115716K, committed 116672K, reserved 1179648K
  class space    used 15627K, committed 16128K, reserved 1048576K
}
Event: 24.806 GC heap before
{Heap before GC invocations=57 (full 0):
 garbage-first heap   total 331776K, used 260759K [0x00000000c0000000, 0x0000000100000000)
  region size 1024K, 90 young (92160K), 11 survivors (11264K)
 Metaspace       used 121321K, committed 122368K, reserved 1179648K
  class space    used 16311K, committed 16832K, reserved 1048576K
}
Event: 24.838 GC heap after
{Heap after GC invocations=58 (full 0):
 garbage-first heap   total 331776K, used 188486K [0x00000000c0000000, 0x0000000100000000)
  region size 1024K, 8 young (8192K), 8 survivors (8192K)
 Metaspace       used 121321K, committed 122368K, reserved 1179648K
  class space    used 16311K, committed 16832K, reserved 1048576K
}
Event: 40.808 GC heap before
{Heap before GC invocations=58 (full 0):
 garbage-first heap   total 331776K, used 265286K [0x00000000c0000000, 0x0000000100000000)
  region size 1024K, 84 young (86016K), 8 survivors (8192K)
 Metaspace       used 125850K, committed 126912K, reserved 1179648K
  class space    used 16735K, committed 17280K, reserved 1048576K
}
Event: 40.819 GC heap after
{Heap after GC invocations=59 (full 0):
 garbage-first heap   total 331776K, used 192419K [0x00000000c0000000, 0x0000000100000000)
  region size 1024K, 4 young (4096K), 4 survivors (4096K)
 Metaspace       used 125850K, committed 126912K, reserved 1179648K
  class space    used 16735K, committed 17280K, reserved 1048576K
}
Event: 41.776 GC heap before
{Heap before GC invocations=59 (full 0):
 garbage-first heap   total 331776K, used 270243K [0x00000000c0000000, 0x0000000100000000)
  region size 1024K, 81 young (82944K), 4 survivors (4096K)
 Metaspace       used 128612K, committed 129728K, reserved 1179648K
  class space    used 17086K, committed 17664K, reserved 1048576K
}
Event: 41.789 GC heap after
{Heap after GC invocations=60 (full 0):
 garbage-first heap   total 331776K, used 200788K [0x00000000c0000000, 0x0000000100000000)
  region size 1024K, 11 young (11264K), 11 survivors (11264K)
 Metaspace       used 128612K, committed 129728K, reserved 1179648K
  class space    used 17086K, committed 17664K, reserved 1048576K
}
Event: 42.380 GC heap before
{Heap before GC invocations=60 (full 0):
 garbage-first heap   total 331776K, used 272468K [0x00000000c0000000, 0x0000000100000000)
  region size 1024K, 82 young (83968K), 11 survivors (11264K)
 Metaspace       used 129856K, committed 131008K, reserved 1179648K
  class space    used 17256K, committed 17792K, reserved 1048576K
}
Event: 42.412 GC heap after
{Heap after GC invocations=61 (full 0):
 garbage-first heap   total 331776K, used 206183K [0x00000000c0000000, 0x0000000100000000)
  region size 1024K, 6 young (6144K), 6 survivors (6144K)
 Metaspace       used 129856K, committed 131008K, reserved 1179648K
  class space    used 17256K, committed 17792K, reserved 1048576K
}
Event: 50.251 GC heap before
{Heap before GC invocations=61 (full 0):
 garbage-first heap   total 331776K, used 274791K [0x00000000c0000000, 0x0000000100000000)
  region size 1024K, 74 young (75776K), 6 survivors (6144K)
 Metaspace       used 132391K, committed 133568K, reserved 1179648K
  class space    used 17667K, committed 18240K, reserved 1048576K
}
Event: 50.261 GC heap after
{Heap after GC invocations=62 (full 0):
 garbage-first heap   total 331776K, used 209308K [0x00000000c0000000, 0x0000000100000000)
  region size 1024K, 9 young (9216K), 9 survivors (9216K)
 Metaspace       used 132391K, committed 133568K, reserved 1179648K
  class space    used 17667K, committed 18240K, reserved 1048576K
}
Event: 50.647 GC heap before
{Heap before GC invocations=62 (full 0):
 garbage-first heap   total 331776K, used 276892K [0x00000000c0000000, 0x0000000100000000)
  region size 1024K, 76 young (77824K), 9 survivors (9216K)
 Metaspace       used 132487K, committed 133632K, reserved 1179648K
  class space    used 17681K, committed 18240K, reserved 1048576K
}
Event: 50.654 GC heap after
{Heap after GC invocations=63 (full 0):
 garbage-first heap   total 331776K, used 209807K [0x00000000c0000000, 0x0000000100000000)
  region size 1024K, 5 young (5120K), 5 survivors (5120K)
 Metaspace       used 132487K, committed 133632K, reserved 1179648K
  class space    used 17681K, committed 18240K, reserved 1048576K
}
Event: 51.094 GC heap before
{Heap before GC invocations=63 (full 0):
 garbage-first heap   total 331776K, used 282511K [0x00000000c0000000, 0x0000000100000000)
  region size 1024K, 75 young (76800K), 5 survivors (5120K)
 Metaspace       used 135343K, committed 136576K, reserved 1179648K
  class space    used 18088K, committed 18688K, reserved 1048576K
}
Event: 51.104 GC heap after
{Heap after GC invocations=64 (full 0):
 garbage-first heap   total 331776K, used 215441K [0x00000000c0000000, 0x0000000100000000)
  region size 1024K, 10 young (10240K), 10 survivors (10240K)
 Metaspace       used 135343K, committed 136576K, reserved 1179648K
  class space    used 18088K, committed 18688K, reserved 1048576K
}
Event: 51.434 GC heap before
{Heap before GC invocations=64 (full 0):
 garbage-first heap   total 331776K, used 283025K [0x00000000c0000000, 0x0000000100000000)
  region size 1024K, 75 young (76800K), 10 survivors (10240K)
 Metaspace       used 138229K, committed 139520K, reserved 1179648K
  class space    used 18535K, committed 19200K, reserved 1048576K
}
Event: 51.441 GC heap after
{Heap after GC invocations=65 (full 0):
 garbage-first heap   total 331776K, used 214140K [0x00000000c0000000, 0x0000000100000000)
  region size 1024K, 3 young (3072K), 3 survivors (3072K)
 Metaspace       used 138229K, committed 139520K, reserved 1179648K
  class space    used 18535K, committed 19200K, reserved 1048576K
}

