# JRE version: OpenJDK Runtime Environment (17.0.9) (build 17.0.9+0--11185874)
# Java VM: OpenJDK 64-Bit Server VM (17.0.9+0--11185874, mixed mode, tiered, compressed oops, compressed class ptrs, g1 gc, windows-amd64)
GC Precious Log:
 CPUs: 8 total, 8 available
 Memory: 7882M
 Large Page Support: Disabled
 NUMA Support: Disabled
 Compressed Oops: Enabled (32-bit)
 Heap Region Size: 1M
 Heap Min Capacity: 8M
 Heap Initial Capacity: 124M
 Heap Max Capacity: 1G
 Pre-touch: Disabled
 Parallel Workers: 8
 Concurrent Workers: 2
 Concurrent Refinement Workers: 8
 Periodic GC: Disabled
Heap:
 garbage-first heap   total 345088K, used 276576K [0x00000000c0000000, 0x0000000100000000)
  region size 1024K, 38 young (38912K), 5 survivors (5120K)
 Metaspace       used 193605K, committed 194816K, reserved 1245184K
  class space    used 25677K, committed 26240K, reserved 1048576K
GC Heap History (20 events):
Event: 311.659 GC heap before
{Heap before GC invocations=88 (full 0):
 garbage-first heap   total 345088K, used 299943K [0x00000000c0000000, 0x0000000100000000)
  region size 1024K, 88 young (90112K), 10 survivors (10240K)
 Metaspace       used 151033K, committed 152128K, reserved 1245184K
  class space    used 20147K, committed 20672K, reserved 1048576K
}
Event: 311.674 GC heap after
{Heap after GC invocations=89 (full 0):
 garbage-first heap   total 345088K, used 214917K [0x00000000c0000000, 0x0000000100000000)
  region size 1024K, 11 young (11264K), 11 survivors (11264K)
 Metaspace       used 151033K, committed 152128K, reserved 1245184K
  class space    used 20147K, committed 20672K, reserved 1048576K
}
Event: 312.341 GC heap before
{Heap before GC invocations=89 (full 0):
 garbage-first heap   total 345088K, used 285573K [0x00000000c0000000, 0x0000000100000000)
  region size 1024K, 79 young (80896K), 11 survivors (11264K)
 Metaspace       used 157597K, committed 158720K, reserved 1245184K
  class space    used 20993K, committed 21504K, reserved 1048576K
}
Event: 312.350 GC heap after
{Heap after GC invocations=90 (full 0):
 garbage-first heap   total 345088K, used 217168K [0x00000000c0000000, 0x0000000100000000)
  region size 1024K, 4 young (4096K), 4 survivors (4096K)
 Metaspace       used 157597K, committed 158720K, reserved 1245184K
  class space    used 20993K, committed 21504K, reserved 1048576K
}
Event: 312.991 GC heap before
{Heap before GC invocations=90 (full 0):
 garbage-first heap   total 345088K, used 285776K [0x00000000c0000000, 0x0000000100000000)
  region size 1024K, 72 young (73728K), 4 survivors (4096K)
 Metaspace       used 161321K, committed 162368K, reserved 1245184K
  class space    used 21452K, committed 21952K, reserved 1048576K
}
Event: 312.999 GC heap after
{Heap after GC invocations=91 (full 0):
 garbage-first heap   total 345088K, used 221520K [0x00000000c0000000, 0x0000000100000000)
  region size 1024K, 8 young (8192K), 8 survivors (8192K)
 Metaspace       used 161321K, committed 162368K, reserved 1245184K
  class space    used 21452K, committed 21952K, reserved 1048576K
}
Event: 313.794 GC heap before
{Heap before GC invocations=91 (full 0):
 garbage-first heap   total 345088K, used 289104K [0x00000000c0000000, 0x0000000100000000)
  region size 1024K, 74 young (75776K), 8 survivors (8192K)
 Metaspace       used 165159K, committed 166336K, reserved 1245184K
  class space    used 21915K, committed 22464K, reserved 1048576K
}
Event: 313.805 GC heap after
{Heap after GC invocations=92 (full 0):
 garbage-first heap   total 345088K, used 226838K [0x00000000c0000000, 0x0000000100000000)
  region size 1024K, 10 young (10240K), 10 survivors (10240K)
 Metaspace       used 165159K, committed 166336K, reserved 1245184K
  class space    used 21915K, committed 22464K, reserved 1048576K
}
Event: 454.646 GC heap before
{Heap before GC invocations=92 (full 0):
 garbage-first heap   total 345088K, used 290326K [0x00000000c0000000, 0x0000000100000000)
  region size 1024K, 73 young (74752K), 10 survivors (10240K)
 Metaspace       used 171236K, committed 172480K, reserved 1245184K
  class space    used 22540K, committed 23104K, reserved 1048576K
}
Event: 454.655 GC heap after
{Heap after GC invocations=93 (full 0):
 garbage-first heap   total 345088K, used 230170K [0x00000000c0000000, 0x0000000100000000)
  region size 1024K, 4 young (4096K), 4 survivors (4096K)
 Metaspace       used 171236K, committed 172480K, reserved 1245184K
  class space    used 22540K, committed 23104K, reserved 1048576K
}
Event: 531.320 GC heap before
{Heap before GC invocations=93 (full 0):
 garbage-first heap   total 345088K, used 291610K [0x00000000c0000000, 0x0000000100000000)
  region size 1024K, 65 young (66560K), 4 survivors (4096K)
 Metaspace       used 173188K, committed 174464K, reserved 1245184K
  class space    used 22781K, committed 23360K, reserved 1048576K
}
Event: 531.327 GC heap after
{Heap after GC invocations=94 (full 0):
 garbage-first heap   total 345088K, used 233106K [0x00000000c0000000, 0x0000000100000000)
  region size 1024K, 7 young (7168K), 7 survivors (7168K)
 Metaspace       used 173188K, committed 174464K, reserved 1245184K
  class space    used 22781K, committed 23360K, reserved 1048576K
}
Event: 531.993 GC heap before
{Heap before GC invocations=94 (full 0):
 garbage-first heap   total 345088K, used 299666K [0x00000000c0000000, 0x0000000100000000)
  region size 1024K, 67 young (68608K), 7 survivors (7168K)
 Metaspace       used 178821K, committed 180096K, reserved 1245184K
  class space    used 23405K, committed 24000K, reserved 1048576K
}
Event: 532.001 GC heap after
{Heap after GC invocations=95 (full 0):
 garbage-first heap   total 345088K, used 239531K [0x00000000c0000000, 0x0000000100000000)
  region size 1024K, 8 young (8192K), 8 survivors (8192K)
 Metaspace       used 178821K, committed 180096K, reserved 1245184K
  class space    used 23405K, committed 24000K, reserved 1048576K
}
Event: 532.540 GC heap before
{Heap before GC invocations=95 (full 0):
 garbage-first heap   total 345088K, used 297899K [0x00000000c0000000, 0x0000000100000000)
  region size 1024K, 63 young (64512K), 8 survivors (8192K)
 Metaspace       used 182610K, committed 183872K, reserved 1245184K
  class space    used 23930K, committed 24512K, reserved 1048576K
}
Event: 532.547 GC heap after
{Heap after GC invocations=96 (full 0):
 garbage-first heap   total 345088K, used 239380K [0x00000000c0000000, 0x0000000100000000)
  region size 1024K, 7 young (7168K), 7 survivors (7168K)
 Metaspace       used 182610K, committed 183872K, reserved 1245184K
  class space    used 23930K, committed 24512K, reserved 1048576K
}
Event: 533.291 GC heap before
{Heap before GC invocations=96 (full 0):
 garbage-first heap   total 345088K, used 296724K [0x00000000c0000000, 0x0000000100000000)
  region size 1024K, 63 young (64512K), 7 survivors (7168K)
 Metaspace       used 186792K, committed 188032K, reserved 1245184K
  class space    used 24510K, committed 25088K, reserved 1048576K
}
Event: 533.297 GC heap after
{Heap after GC invocations=97 (full 0):
 garbage-first heap   total 345088K, used 242114K [0x00000000c0000000, 0x0000000100000000)
  region size 1024K, 6 young (6144K), 6 survivors (6144K)
 Metaspace       used 186792K, committed 188032K, reserved 1245184K
  class space    used 24510K, committed 25088K, reserved 1048576K
}
Event: 534.100 GC heap before
{Heap before GC invocations=97 (full 0):
 garbage-first heap   total 345088K, used 299458K [0x00000000c0000000, 0x0000000100000000)
  region size 1024K, 61 young (62464K), 6 survivors (6144K)
 Metaspace       used 191286K, committed 192576K, reserved 1245184K
  class space    used 25340K, committed 25920K, reserved 1048576K
}
Event: 534.107 GC heap after
{Heap after GC invocations=98 (full 0):
 garbage-first heap   total 345088K, used 243808K [0x00000000c0000000, 0x0000000100000000)
  region size 1024K, 5 young (5120K), 5 survivors (5120K)
 Metaspace       used 191286K, committed 192576K, reserved 1245184K
  class space    used 25340K, committed 25920K, reserved 1048576K
}

