# JRE version: OpenJDK Runtime Environment (17.0.9) (build 17.0.9+0--11185874)
# Java VM: OpenJDK 64-Bit Server VM (17.0.9+0--11185874, mixed mode, tiered, compressed oops, compressed class ptrs, g1 gc, windows-amd64)
GC Precious Log:
 CPUs: 8 total, 8 available
 Memory: 7882M
 Large Page Support: Disabled
 NUMA Support: Disabled
 Compressed Oops: Enabled (32-bit)
 Heap Region Size: 1M
 Heap Min Capacity: 8M
 Heap Initial Capacity: 124M
 Heap Max Capacity: 1G
 Pre-touch: Disabled
 Parallel Workers: 8
 Concurrent Workers: 2
 Concurrent Refinement Workers: 8
 Periodic GC: Disabled
Heap:
 garbage-first heap   total 334848K, used 218218K [0x00000000c0000000, 0x0000000100000000)
  region size 1024K, 26 young (26624K), 2 survivors (2048K)
 Metaspace       used 132746K, committed 133824K, reserved 1179648K
  class space    used 17474K, committed 17984K, reserved 1048576K
GC Heap History (20 events):
Event: 250.155 GC heap before
{Heap before GC invocations=64 (full 0):
 garbage-first heap   total 288768K, used 215755K [0x00000000c0000000, 0x0000000100000000)
  region size 1024K, 59 young (60416K), 6 survivors (6144K)
 Metaspace       used 123798K, committed 124864K, reserved 1179648K
  class space    used 16428K, committed 16960K, reserved 1048576K
}
Event: 250.184 GC heap after
{Heap after GC invocations=65 (full 0):
 garbage-first heap   total 288768K, used 167810K [0x00000000c0000000, 0x0000000100000000)
  region size 1024K, 8 young (8192K), 8 survivors (8192K)
 Metaspace       used 123798K, committed 124864K, reserved 1179648K
  class space    used 16428K, committed 16960K, reserved 1048576K
}
Event: 250.841 GC heap before
{Heap before GC invocations=65 (full 0):
 garbage-first heap   total 288768K, used 223106K [0x00000000c0000000, 0x0000000100000000)
  region size 1024K, 55 young (56320K), 8 survivors (8192K)
 Metaspace       used 124015K, committed 125120K, reserved 1179648K
  class space    used 16435K, committed 16960K, reserved 1048576K
}
Event: 250.887 GC heap after
{Heap after GC invocations=66 (full 0):
 garbage-first heap   total 288768K, used 184864K [0x00000000c0000000, 0x0000000100000000)
  region size 1024K, 7 young (7168K), 7 survivors (7168K)
 Metaspace       used 124015K, committed 125120K, reserved 1179648K
  class space    used 16435K, committed 16960K, reserved 1048576K
}
Event: 251.437 GC heap before
{Heap before GC invocations=66 (full 0):
 garbage-first heap   total 288768K, used 231968K [0x00000000c0000000, 0x0000000100000000)
  region size 1024K, 42 young (43008K), 7 survivors (7168K)
 Metaspace       used 124094K, committed 125120K, reserved 1179648K
  class space    used 16438K, committed 16960K, reserved 1048576K
}
Event: 251.455 GC heap after
{Heap after GC invocations=67 (full 0):
 garbage-first heap   total 288768K, used 198656K [0x00000000c0000000, 0x0000000100000000)
  region size 1024K, 6 young (6144K), 6 survivors (6144K)
 Metaspace       used 124094K, committed 125120K, reserved 1179648K
  class space    used 16438K, committed 16960K, reserved 1048576K
}
Event: 251.578 GC heap before
{Heap before GC invocations=67 (full 0):
 garbage-first heap   total 288768K, used 233472K [0x00000000c0000000, 0x0000000100000000)
  region size 1024K, 37 young (37888K), 6 survivors (6144K)
 Metaspace       used 124230K, committed 125248K, reserved 1179648K
  class space    used 16452K, committed 16960K, reserved 1048576K
}
Event: 251.591 GC heap after
{Heap after GC invocations=68 (full 0):
 garbage-first heap   total 288768K, used 200704K [0x00000000c0000000, 0x0000000100000000)
  region size 1024K, 5 young (5120K), 5 survivors (5120K)
 Metaspace       used 124230K, committed 125248K, reserved 1179648K
  class space    used 16452K, committed 16960K, reserved 1048576K
}
Event: 252.103 GC heap before
{Heap before GC invocations=69 (full 0):
 garbage-first heap   total 322560K, used 216064K [0x00000000c0000000, 0x0000000100000000)
  region size 1024K, 37 young (37888K), 5 survivors (5120K)
 Metaspace       used 126555K, committed 127616K, reserved 1179648K
  class space    used 16658K, committed 17152K, reserved 1048576K
}
Event: 252.112 GC heap after
{Heap after GC invocations=70 (full 0):
 garbage-first heap   total 322560K, used 187833K [0x00000000c0000000, 0x0000000100000000)
  region size 1024K, 3 young (3072K), 3 survivors (3072K)
 Metaspace       used 126555K, committed 127616K, reserved 1179648K
  class space    used 16658K, committed 17152K, reserved 1048576K
}
Event: 252.174 GC heap before
{Heap before GC invocations=70 (full 0):
 garbage-first heap   total 322560K, used 199097K [0x00000000c0000000, 0x0000000100000000)
  region size 1024K, 15 young (15360K), 3 survivors (3072K)
 Metaspace       used 126587K, committed 127616K, reserved 1179648K
  class space    used 16658K, committed 17152K, reserved 1048576K
}
Event: 252.182 GC heap after
{Heap after GC invocations=71 (full 0):
 garbage-first heap   total 322560K, used 173529K [0x00000000c0000000, 0x0000000100000000)
  region size 1024K, 2 young (2048K), 2 survivors (2048K)
 Metaspace       used 126587K, committed 127616K, reserved 1179648K
  class space    used 16658K, committed 17152K, reserved 1048576K
}
Event: 252.492 GC heap before
{Heap before GC invocations=71 (full 0):
 garbage-first heap   total 322560K, used 238041K [0x00000000c0000000, 0x0000000100000000)
  region size 1024K, 66 young (67584K), 2 survivors (2048K)
 Metaspace       used 127138K, committed 128256K, reserved 1179648K
  class space    used 16712K, committed 17216K, reserved 1048576K
}
Event: 252.499 GC heap after
{Heap after GC invocations=72 (full 0):
 garbage-first heap   total 322560K, used 175684K [0x00000000c0000000, 0x0000000100000000)
  region size 1024K, 4 young (4096K), 4 survivors (4096K)
 Metaspace       used 127138K, committed 128256K, reserved 1179648K
  class space    used 16712K, committed 17216K, reserved 1048576K
}
Event: 253.300 GC heap before
{Heap before GC invocations=72 (full 0):
 garbage-first heap   total 322560K, used 244292K [0x00000000c0000000, 0x0000000100000000)
  region size 1024K, 72 young (73728K), 4 survivors (4096K)
 Metaspace       used 128899K, committed 129984K, reserved 1179648K
  class space    used 16907K, committed 17408K, reserved 1048576K
}
Event: 253.309 GC heap after
{Heap after GC invocations=73 (full 0):
 garbage-first heap   total 322560K, used 177157K [0x00000000c0000000, 0x0000000100000000)
  region size 1024K, 6 young (6144K), 6 survivors (6144K)
 Metaspace       used 128899K, committed 129984K, reserved 1179648K
  class space    used 16907K, committed 17408K, reserved 1048576K
}
Event: 254.147 GC heap before
{Heap before GC invocations=73 (full 0):
 garbage-first heap   total 322560K, used 251909K [0x00000000c0000000, 0x0000000100000000)
  region size 1024K, 60 young (61440K), 6 survivors (6144K)
 Metaspace       used 132527K, committed 133632K, reserved 1179648K
  class space    used 17431K, committed 17984K, reserved 1048576K
}
Event: 254.159 GC heap after
{Heap after GC invocations=74 (full 0):
 garbage-first heap   total 322560K, used 201089K [0x00000000c0000000, 0x0000000100000000)
  region size 1024K, 10 young (10240K), 10 survivors (10240K)
 Metaspace       used 132527K, committed 133632K, reserved 1179648K
  class space    used 17431K, committed 17984K, reserved 1048576K
}
Event: 254.168 GC heap before
{Heap before GC invocations=74 (full 0):
 garbage-first heap   total 322560K, used 214401K [0x00000000c0000000, 0x0000000100000000)
  region size 1024K, 13 young (13312K), 10 survivors (10240K)
 Metaspace       used 132531K, committed 133632K, reserved 1179648K
  class space    used 17431K, committed 17984K, reserved 1048576K
}
Event: 254.193 GC heap after
{Heap after GC invocations=75 (full 0):
 garbage-first heap   total 322560K, used 207978K [0x00000000c0000000, 0x0000000100000000)
  region size 1024K, 2 young (2048K), 2 survivors (2048K)
 Metaspace       used 132531K, committed 133632K, reserved 1179648K
  class space    used 17431K, committed 17984K, reserved 1048576K
}

