# JRE version: OpenJDK Runtime Environment (17.0.9) (build 17.0.9+0--11185874)
# Java VM: OpenJDK 64-Bit Server VM (17.0.9+0--11185874, mixed mode, tiered, compressed oops, compressed class ptrs, g1 gc, windows-amd64)
GC Precious Log:
 CPUs: 8 total, 8 available
 Memory: 7882M
 Large Page Support: Disabled
 NUMA Support: Disabled
 Compressed Oops: Enabled (32-bit)
 Heap Region Size: 1M
 Heap Min Capacity: 8M
 Heap Initial Capacity: 124M
 Heap Max Capacity: 1G
 Pre-touch: Disabled
 Parallel Workers: 8
 Concurrent Workers: 2
 Concurrent Refinement Workers: 8
 Periodic GC: Disabled
Heap:
 garbage-first heap   total 237568K, used 163464K [0x00000000c0000000, 0x0000000100000000)
  region size 1024K, 21 young (21504K), 5 survivors (5120K)
 Metaspace       used 121018K, committed 121856K, reserved 1179648K
  class space    used 16140K, committed 16576K, reserved 1048576K
GC Heap History (20 events):
Event: 2292.821 GC heap before
{Heap before GC invocations=69 (full 0):
 garbage-first heap   total 171008K, used 147410K [0x00000000c0000000, 0x0000000100000000)
  region size 1024K, 41 young (41984K), 3 survivors (3072K)
 Metaspace       used 110469K, committed 111232K, reserved 1179648K
  class space    used 14873K, committed 15232K, reserved 1048576K
}
Event: 2292.841 GC heap after
{Heap after GC invocations=70 (full 0):
 garbage-first heap   total 171008K, used 111569K [0x00000000c0000000, 0x0000000100000000)
  region size 1024K, 6 young (6144K), 6 survivors (6144K)
 Metaspace       used 110469K, committed 111232K, reserved 1179648K
  class space    used 14873K, committed 15232K, reserved 1048576K
}
Event: 2294.028 GC heap before
{Heap before GC invocations=70 (full 0):
 garbage-first heap   total 171008K, used 146385K [0x00000000c0000000, 0x0000000100000000)
  region size 1024K, 40 young (40960K), 6 survivors (6144K)
 Metaspace       used 110966K, committed 111872K, reserved 1179648K
  class space    used 14888K, committed 15360K, reserved 1048576K
}
Event: 2294.100 GC heap after
{Heap after GC invocations=71 (full 0):
 garbage-first heap   total 171008K, used 116166K [0x00000000c0000000, 0x0000000100000000)
  region size 1024K, 5 young (5120K), 5 survivors (5120K)
 Metaspace       used 110966K, committed 111872K, reserved 1179648K
  class space    used 14888K, committed 15360K, reserved 1048576K
}
Event: 2294.983 GC heap before
{Heap before GC invocations=71 (full 0):
 garbage-first heap   total 171008K, used 145862K [0x00000000c0000000, 0x0000000100000000)
  region size 1024K, 33 young (33792K), 5 survivors (5120K)
 Metaspace       used 112762K, committed 113536K, reserved 1179648K
  class space    used 15115K, committed 15488K, reserved 1048576K
}
Event: 2295.004 GC heap after
{Heap after GC invocations=72 (full 0):
 garbage-first heap   total 171008K, used 130774K [0x00000000c0000000, 0x0000000100000000)
  region size 1024K, 5 young (5120K), 5 survivors (5120K)
 Metaspace       used 112762K, committed 113536K, reserved 1179648K
  class space    used 15115K, committed 15488K, reserved 1048576K
}
Event: 2295.202 GC heap before
{Heap before GC invocations=72 (full 0):
 garbage-first heap   total 171008K, used 142038K [0x00000000c0000000, 0x0000000100000000)
  region size 1024K, 17 young (17408K), 5 survivors (5120K)
 Metaspace       used 113057K, committed 113920K, reserved 1179648K
  class space    used 15150K, committed 15552K, reserved 1048576K
}
Event: 2295.217 GC heap after
{Heap after GC invocations=73 (full 0):
 garbage-first heap   total 171008K, used 134996K [0x00000000c0000000, 0x0000000100000000)
  region size 1024K, 3 young (3072K), 3 survivors (3072K)
 Metaspace       used 113057K, committed 113920K, reserved 1179648K
  class space    used 15150K, committed 15552K, reserved 1048576K
}
Event: 2296.141 GC heap before
{Heap before GC invocations=74 (full 0):
 garbage-first heap   total 237568K, used 143188K [0x00000000c0000000, 0x0000000100000000)
  region size 1024K, 12 young (12288K), 3 survivors (3072K)
 Metaspace       used 112977K, committed 113984K, reserved 1179648K
  class space    used 15111K, committed 15552K, reserved 1048576K
}
Event: 2296.146 GC heap after
{Heap after GC invocations=75 (full 0):
 garbage-first heap   total 237568K, used 135540K [0x00000000c0000000, 0x0000000100000000)
  region size 1024K, 1 young (1024K), 1 survivors (1024K)
 Metaspace       used 112977K, committed 113984K, reserved 1179648K
  class space    used 15111K, committed 15552K, reserved 1048576K
}
Event: 2296.410 GC heap before
{Heap before GC invocations=75 (full 0):
 garbage-first heap   total 237568K, used 145780K [0x00000000c0000000, 0x0000000100000000)
  region size 1024K, 11 young (11264K), 1 survivors (1024K)
 Metaspace       used 113080K, committed 113984K, reserved 1179648K
  class space    used 15120K, committed 15552K, reserved 1048576K
}
Event: 2296.428 GC heap after
{Heap after GC invocations=76 (full 0):
 garbage-first heap   total 237568K, used 133750K [0x00000000c0000000, 0x0000000100000000)
  region size 1024K, 2 young (2048K), 2 survivors (2048K)
 Metaspace       used 113080K, committed 113984K, reserved 1179648K
  class space    used 15120K, committed 15552K, reserved 1048576K
}
Event: 2297.039 GC heap before
{Heap before GC invocations=76 (full 0):
 garbage-first heap   total 237568K, used 188022K [0x00000000c0000000, 0x0000000100000000)
  region size 1024K, 39 young (39936K), 2 survivors (2048K)
 Metaspace       used 115421K, committed 116160K, reserved 1179648K
  class space    used 15399K, committed 15808K, reserved 1048576K
}
Event: 2297.045 GC heap after
{Heap after GC invocations=77 (full 0):
 garbage-first heap   total 237568K, used 135741K [0x00000000c0000000, 0x0000000100000000)
  region size 1024K, 4 young (4096K), 4 survivors (4096K)
 Metaspace       used 115421K, committed 116160K, reserved 1179648K
  class space    used 15399K, committed 15808K, reserved 1048576K
}
Event: 2299.516 GC heap before
{Heap before GC invocations=77 (full 0):
 garbage-first heap   total 237568K, used 175677K [0x00000000c0000000, 0x0000000100000000)
  region size 1024K, 44 young (45056K), 4 survivors (4096K)
 Metaspace       used 116595K, committed 117376K, reserved 1179648K
  class space    used 15540K, committed 15936K, reserved 1048576K
}
Event: 2299.530 GC heap after
{Heap after GC invocations=78 (full 0):
 garbage-first heap   total 237568K, used 143478K [0x00000000c0000000, 0x0000000100000000)
  region size 1024K, 6 young (6144K), 6 survivors (6144K)
 Metaspace       used 116595K, committed 117376K, reserved 1179648K
  class space    used 15540K, committed 15936K, reserved 1048576K
}
Event: 2299.952 GC heap before
{Heap before GC invocations=78 (full 0):
 garbage-first heap   total 237568K, used 180342K [0x00000000c0000000, 0x0000000100000000)
  region size 1024K, 43 young (44032K), 6 survivors (6144K)
 Metaspace       used 118257K, committed 119040K, reserved 1179648K
  class space    used 15737K, committed 16128K, reserved 1048576K
}
Event: 2299.961 GC heap after
{Heap after GC invocations=79 (full 0):
 garbage-first heap   total 237568K, used 145988K [0x00000000c0000000, 0x0000000100000000)
  region size 1024K, 3 young (3072K), 3 survivors (3072K)
 Metaspace       used 118257K, committed 119040K, reserved 1179648K
  class space    used 15737K, committed 16128K, reserved 1048576K
}
Event: 2379.902 GC heap before
{Heap before GC invocations=79 (full 0):
 garbage-first heap   total 237568K, used 184900K [0x00000000c0000000, 0x0000000100000000)
  region size 1024K, 42 young (43008K), 3 survivors (3072K)
 Metaspace       used 120911K, committed 121792K, reserved 1179648K
  class space    used 16125K, committed 16576K, reserved 1048576K
}
Event: 2379.910 GC heap after
{Heap after GC invocations=80 (full 0):
 garbage-first heap   total 237568K, used 148104K [0x00000000c0000000, 0x0000000100000000)
  region size 1024K, 5 young (5120K), 5 survivors (5120K)
 Metaspace       used 120911K, committed 121792K, reserved 1179648K
  class space    used 16125K, committed 16576K, reserved 1048576K
}

