# JRE version: OpenJDK Runtime Environment (17.0.9) (build 17.0.9+0--11185874)
# Java VM: OpenJDK 64-Bit Server VM (17.0.9+0--11185874, mixed mode, tiered, compressed oops, compressed class ptrs, g1 gc, windows-amd64)
GC Precious Log:
 CPUs: 8 total, 8 available
 Memory: 7882M
 Large Page Support: Disabled
 NUMA Support: Disabled
 Compressed Oops: Enabled (32-bit)
 Heap Region Size: 1M
 Heap Min Capacity: 8M
 Heap Initial Capacity: 124M
 Heap Max Capacity: 2G
 Pre-touch: Disabled
 Parallel Workers: 8
 Concurrent Workers: 2
 Concurrent Refinement Workers: 8
 Periodic GC: Disabled
Heap:
 garbage-first heap   total 253952K, used 194252K [0x0000000080000000, 0x0000000100000000)
  region size 1024K, 108 young (110592K), 6 survivors (6144K)
 Metaspace       used 103191K, committed 103936K, reserved 1179648K
  class space    used 14217K, committed 14592K, reserved 1048576K
GC Heap History (20 events):
Event: 8.741 GC heap before
{Heap before GC invocations=21 (full 0):
 garbage-first heap   total 135168K, used 108696K [0x0000000080000000, 0x0000000100000000)
  region size 1024K, 43 young (44032K), 5 survivors (5120K)
 Metaspace       used 69753K, committed 70336K, reserved 1114112K
  class space    used 9423K, committed 9728K, reserved 1048576K
}
Event: 8.746 GC heap after
{Heap after GC invocations=22 (full 0):
 garbage-first heap   total 135168K, used 66934K [0x0000000080000000, 0x0000000100000000)
  region size 1024K, 6 young (6144K), 6 survivors (6144K)
 Metaspace       used 69753K, committed 70336K, reserved 1114112K
  class space    used 9423K, committed 9728K, reserved 1048576K
}
Event: 8.760 GC heap before
{Heap before GC invocations=22 (full 0):
 garbage-first heap   total 135168K, used 66934K [0x0000000080000000, 0x0000000100000000)
  region size 1024K, 7 young (7168K), 6 survivors (6144K)
 Metaspace       used 69820K, committed 70400K, reserved 1114112K
  class space    used 9433K, committed 9728K, reserved 1048576K
}
Event: 8.764 GC heap after
{Heap after GC invocations=23 (full 0):
 garbage-first heap   total 135168K, used 66938K [0x0000000080000000, 0x0000000100000000)
  region size 1024K, 1 young (1024K), 1 survivors (1024K)
 Metaspace       used 69820K, committed 70400K, reserved 1114112K
  class space    used 9433K, committed 9728K, reserved 1048576K
}
Event: 9.276 GC heap before
{Heap before GC invocations=23 (full 0):
 garbage-first heap   total 135168K, used 106874K [0x0000000080000000, 0x0000000100000000)
  region size 1024K, 40 young (40960K), 1 survivors (1024K)
 Metaspace       used 73476K, committed 74112K, reserved 1114112K
  class space    used 9913K, committed 10240K, reserved 1048576K
}
Event: 9.279 GC heap after
{Heap after GC invocations=24 (full 0):
 garbage-first heap   total 135168K, used 68618K [0x0000000080000000, 0x0000000100000000)
  region size 1024K, 3 young (3072K), 3 survivors (3072K)
 Metaspace       used 73476K, committed 74112K, reserved 1114112K
  class space    used 9913K, committed 10240K, reserved 1048576K
}
Event: 9.714 GC heap before
{Heap before GC invocations=25 (full 0):
 garbage-first heap   total 135168K, used 111626K [0x0000000080000000, 0x0000000100000000)
  region size 1024K, 41 young (41984K), 3 survivors (3072K)
 Metaspace       used 77325K, committed 77952K, reserved 1179648K
  class space    used 10469K, committed 10752K, reserved 1048576K
}
Event: 9.718 GC heap after
{Heap after GC invocations=26 (full 0):
 garbage-first heap   total 135168K, used 74517K [0x0000000080000000, 0x0000000100000000)
  region size 1024K, 5 young (5120K), 5 survivors (5120K)
 Metaspace       used 77325K, committed 77952K, reserved 1179648K
  class space    used 10469K, committed 10752K, reserved 1048576K
}
Event: 10.128 GC heap before
{Heap before GC invocations=26 (full 0):
 garbage-first heap   total 135168K, used 110357K [0x0000000080000000, 0x0000000100000000)
  region size 1024K, 40 young (40960K), 5 survivors (5120K)
 Metaspace       used 80021K, committed 80640K, reserved 1179648K
  class space    used 10832K, committed 11136K, reserved 1048576K
}
Event: 10.134 GC heap after
{Heap after GC invocations=27 (full 0):
 garbage-first heap   total 135168K, used 76450K [0x0000000080000000, 0x0000000100000000)
  region size 1024K, 4 young (4096K), 4 survivors (4096K)
 Metaspace       used 80021K, committed 80640K, reserved 1179648K
  class space    used 10832K, committed 11136K, reserved 1048576K
}
Event: 10.603 GC heap before
{Heap before GC invocations=28 (full 0):
 garbage-first heap   total 137216K, used 110242K [0x0000000080000000, 0x0000000100000000)
  region size 1024K, 38 young (38912K), 4 survivors (4096K)
 Metaspace       used 81594K, committed 82240K, reserved 1179648K
  class space    used 11025K, committed 11328K, reserved 1048576K
}
Event: 10.610 GC heap after
{Heap after GC invocations=29 (full 0):
 garbage-first heap   total 137216K, used 79311K [0x0000000080000000, 0x0000000100000000)
  region size 1024K, 5 young (5120K), 5 survivors (5120K)
 Metaspace       used 81594K, committed 82240K, reserved 1179648K
  class space    used 11025K, committed 11328K, reserved 1048576K
}
Event: 10.861 GC heap before
{Heap before GC invocations=29 (full 0):
 garbage-first heap   total 137216K, used 106959K [0x0000000080000000, 0x0000000100000000)
  region size 1024K, 33 young (33792K), 5 survivors (5120K)
 Metaspace       used 83596K, committed 84224K, reserved 1179648K
  class space    used 11305K, committed 11584K, reserved 1048576K
}
Event: 10.865 GC heap after
{Heap after GC invocations=30 (full 0):
 garbage-first heap   total 137216K, used 80740K [0x0000000080000000, 0x0000000100000000)
  region size 1024K, 4 young (4096K), 4 survivors (4096K)
 Metaspace       used 83596K, committed 84224K, reserved 1179648K
  class space    used 11305K, committed 11584K, reserved 1048576K
}
Event: 11.241 GC heap before
{Heap before GC invocations=31 (full 0):
 garbage-first heap   total 145408K, used 114532K [0x0000000080000000, 0x0000000100000000)
  region size 1024K, 36 young (36864K), 4 survivors (4096K)
 Metaspace       used 85891K, committed 86464K, reserved 1179648K
  class space    used 11744K, committed 12032K, reserved 1048576K
}
Event: 11.245 GC heap after
{Heap after GC invocations=32 (full 0):
 garbage-first heap   total 145408K, used 81500K [0x0000000080000000, 0x0000000100000000)
  region size 1024K, 3 young (3072K), 3 survivors (3072K)
 Metaspace       used 85891K, committed 86464K, reserved 1179648K
  class space    used 11744K, committed 12032K, reserved 1048576K
}
Event: 11.285 GC heap before
{Heap before GC invocations=32 (full 0):
 garbage-first heap   total 145408K, used 84572K [0x0000000080000000, 0x0000000100000000)
  region size 1024K, 7 young (7168K), 3 survivors (3072K)
 Metaspace       used 86192K, committed 86848K, reserved 1179648K
  class space    used 11820K, committed 12160K, reserved 1048576K
}
Event: 11.289 GC heap after
{Heap after GC invocations=33 (full 0):
 garbage-first heap   total 253952K, used 81791K [0x0000000080000000, 0x0000000100000000)
  region size 1024K, 1 young (1024K), 1 survivors (1024K)
 Metaspace       used 86192K, committed 86848K, reserved 1179648K
  class space    used 11820K, committed 12160K, reserved 1048576K
}
Event: 12.694 GC heap before
{Heap before GC invocations=33 (full 0):
 garbage-first heap   total 253952K, used 200575K [0x0000000080000000, 0x0000000100000000)
  region size 1024K, 117 young (119808K), 1 survivors (1024K)
 Metaspace       used 95002K, committed 95680K, reserved 1179648K
  class space    used 13192K, committed 13504K, reserved 1048576K
}
Event: 12.703 GC heap after
{Heap after GC invocations=34 (full 0):
 garbage-first heap   total 253952K, used 86732K [0x0000000080000000, 0x0000000100000000)
  region size 1024K, 6 young (6144K), 6 survivors (6144K)
 Metaspace       used 95002K, committed 95680K, reserved 1179648K
  class space    used 13192K, committed 13504K, reserved 1048576K
}

