# JRE version: OpenJDK Runtime Environment (17.0.9) (build 17.0.9+0--11185874)
# Java VM: OpenJDK 64-Bit Server VM (17.0.9+0--11185874, mixed mode, tiered, compressed oops, compressed class ptrs, g1 gc, windows-amd64)
GC Precious Log:
 CPUs: 8 total, 8 available
 Memory: 7882M
 Large Page Support: Disabled
 NUMA Support: Disabled
 Compressed Oops: Enabled (32-bit)
 Heap Region Size: 1M
 Heap Min Capacity: 8M
 Heap Initial Capacity: 124M
 Heap Max Capacity: 1G
 Pre-touch: Disabled
 Parallel Workers: 8
 Concurrent Workers: 2
 Concurrent Refinement Workers: 8
 Periodic GC: Disabled
Heap:
 garbage-first heap   total 324608K, used 270464K [0x00000000c0000000, 0x0000000100000000)
  region size 1024K, 13 young (13312K), 4 survivors (4096K)
 Metaspace       used 125064K, committed 125888K, reserved 1179648K
  class space    used 17086K, committed 17472K, reserved 1048576K
GC Heap History (20 events):
Event: 26.784 GC heap before
{Heap before GC invocations=77 (full 0):
 garbage-first heap   total 324608K, used 217387K [0x00000000c0000000, 0x0000000100000000)
  region size 1024K, 38 young (38912K), 4 survivors (4096K)
 Metaspace       used 116509K, committed 117312K, reserved 1179648K
  class space    used 15726K, committed 16128K, reserved 1048576K
}
Event: 26.798 GC heap after
{Heap after GC invocations=78 (full 0):
 garbage-first heap   total 324608K, used 183166K [0x00000000c0000000, 0x0000000100000000)
  region size 1024K, 5 young (5120K), 5 survivors (5120K)
 Metaspace       used 116509K, committed 117312K, reserved 1179648K
  class space    used 15726K, committed 16128K, reserved 1048576K
}
Event: 26.879 GC heap before
{Heap before GC invocations=78 (full 0):
 garbage-first heap   total 324608K, used 193406K [0x00000000c0000000, 0x0000000100000000)
  region size 1024K, 15 young (15360K), 5 survivors (5120K)
 Metaspace       used 116509K, committed 117312K, reserved 1179648K
  class space    used 15726K, committed 16128K, reserved 1048576K
}
Event: 26.892 GC heap after
{Heap after GC invocations=79 (full 0):
 garbage-first heap   total 324608K, used 165523K [0x00000000c0000000, 0x0000000100000000)
  region size 1024K, 2 young (2048K), 2 survivors (2048K)
 Metaspace       used 116509K, committed 117312K, reserved 1179648K
  class space    used 15726K, committed 16128K, reserved 1048576K
}
Event: 27.686 GC heap before
{Heap before GC invocations=79 (full 0):
 garbage-first heap   total 324608K, used 246419K [0x00000000c0000000, 0x0000000100000000)
  region size 1024K, 81 young (82944K), 2 survivors (2048K)
 Metaspace       used 119335K, committed 120128K, reserved 1179648K
  class space    used 16307K, committed 16704K, reserved 1048576K
}
Event: 27.721 GC heap after
{Heap after GC invocations=80 (full 0):
 garbage-first heap   total 324608K, used 199349K [0x00000000c0000000, 0x0000000100000000)
  region size 1024K, 11 young (11264K), 11 survivors (11264K)
 Metaspace       used 119335K, committed 120128K, reserved 1179648K
  class space    used 16307K, committed 16704K, reserved 1048576K
}
Event: 28.276 GC heap before
{Heap before GC invocations=80 (full 0):
 garbage-first heap   total 324608K, used 247477K [0x00000000c0000000, 0x0000000100000000)
  region size 1024K, 59 young (60416K), 11 survivors (11264K)
 Metaspace       used 120203K, committed 120960K, reserved 1179648K
  class space    used 16439K, committed 16832K, reserved 1048576K
}
Event: 28.314 GC heap after
{Heap after GC invocations=81 (full 0):
 garbage-first heap   total 324608K, used 221184K [0x00000000c0000000, 0x0000000100000000)
  region size 1024K, 8 young (8192K), 8 survivors (8192K)
 Metaspace       used 120203K, committed 120960K, reserved 1179648K
  class space    used 16439K, committed 16832K, reserved 1048576K
}
Event: 29.280 GC heap before
{Heap before GC invocations=81 (full 0):
 garbage-first heap   total 324608K, used 257024K [0x00000000c0000000, 0x0000000100000000)
  region size 1024K, 43 young (44032K), 8 survivors (8192K)
 Metaspace       used 123057K, committed 123840K, reserved 1179648K
  class space    used 16824K, committed 17216K, reserved 1048576K
}
Event: 29.299 GC heap after
{Heap after GC invocations=82 (full 0):
 garbage-first heap   total 324608K, used 223833K [0x00000000c0000000, 0x0000000100000000)
  region size 1024K, 2 young (2048K), 2 survivors (2048K)
 Metaspace       used 123057K, committed 123840K, reserved 1179648K
  class space    used 16824K, committed 17216K, reserved 1048576K
}
Event: 29.958 GC heap before
{Heap before GC invocations=82 (full 0):
 garbage-first heap   total 324608K, used 261721K [0x00000000c0000000, 0x0000000100000000)
  region size 1024K, 39 young (39936K), 2 survivors (2048K)
 Metaspace       used 123976K, committed 124736K, reserved 1179648K
  class space    used 16966K, committed 17344K, reserved 1048576K
}
Event: 29.965 GC heap after
{Heap after GC invocations=83 (full 0):
 garbage-first heap   total 324608K, used 229224K [0x00000000c0000000, 0x0000000100000000)
  region size 1024K, 5 young (5120K), 5 survivors (5120K)
 Metaspace       used 123976K, committed 124736K, reserved 1179648K
  class space    used 16966K, committed 17344K, reserved 1048576K
}
Event: 30.439 GC heap before
{Heap before GC invocations=83 (full 0):
 garbage-first heap   total 324608K, used 267112K [0x00000000c0000000, 0x0000000100000000)
  region size 1024K, 41 young (41984K), 5 survivors (5120K)
 Metaspace       used 124391K, committed 125184K, reserved 1179648K
  class space    used 17015K, committed 17408K, reserved 1048576K
}
Event: 30.448 GC heap after
{Heap after GC invocations=84 (full 0):
 garbage-first heap   total 324608K, used 232523K [0x00000000c0000000, 0x0000000100000000)
  region size 1024K, 3 young (3072K), 3 survivors (3072K)
 Metaspace       used 124391K, committed 125184K, reserved 1179648K
  class space    used 17015K, committed 17408K, reserved 1048576K
}
Event: 31.108 GC heap before
{Heap before GC invocations=84 (full 0):
 garbage-first heap   total 324608K, used 274507K [0x00000000c0000000, 0x0000000100000000)
  region size 1024K, 39 young (39936K), 3 survivors (3072K)
 Metaspace       used 124507K, committed 125312K, reserved 1179648K
  class space    used 17026K, committed 17408K, reserved 1048576K
}
Event: 31.116 GC heap after
{Heap after GC invocations=85 (full 0):
 garbage-first heap   total 324608K, used 239678K [0x00000000c0000000, 0x0000000100000000)
  region size 1024K, 4 young (4096K), 4 survivors (4096K)
 Metaspace       used 124507K, committed 125312K, reserved 1179648K
  class space    used 17026K, committed 17408K, reserved 1048576K
}
Event: 32.124 GC heap before
{Heap before GC invocations=85 (full 0):
 garbage-first heap   total 324608K, used 280638K [0x00000000c0000000, 0x0000000100000000)
  region size 1024K, 37 young (37888K), 4 survivors (4096K)
 Metaspace       used 124903K, committed 125760K, reserved 1179648K
  class space    used 17069K, committed 17472K, reserved 1048576K
}
Event: 32.131 GC heap after
{Heap after GC invocations=86 (full 0):
 garbage-first heap   total 324608K, used 249899K [0x00000000c0000000, 0x0000000100000000)
  region size 1024K, 5 young (5120K), 5 survivors (5120K)
 Metaspace       used 124903K, committed 125760K, reserved 1179648K
  class space    used 17069K, committed 17472K, reserved 1048576K
}
Event: 33.095 GC heap before
{Heap before GC invocations=86 (full 0):
 garbage-first heap   total 324608K, used 283691K [0x00000000c0000000, 0x0000000100000000)
  region size 1024K, 32 young (32768K), 5 survivors (5120K)
 Metaspace       used 125064K, committed 125888K, reserved 1179648K
  class space    used 17086K, committed 17472K, reserved 1048576K
}
Event: 33.108 GC heap after
{Heap after GC invocations=87 (full 0):
 garbage-first heap   total 324608K, used 262272K [0x00000000c0000000, 0x0000000100000000)
  region size 1024K, 4 young (4096K), 4 survivors (4096K)
 Metaspace       used 125064K, committed 125888K, reserved 1179648K
  class space    used 17086K, committed 17472K, reserved 1048576K
}

