# JRE version: OpenJDK Runtime Environment (17.0.9) (build 17.0.9+0--11185874)
# Java VM: OpenJDK 64-Bit Server VM (17.0.9+0--11185874, mixed mode, tiered, compressed oops, compressed class ptrs, g1 gc, windows-amd64)
GC Precious Log:
 CPUs: 8 total, 8 available
 Memory: 7882M
 Large Page Support: Disabled
 NUMA Support: Disabled
 Compressed Oops: Enabled (32-bit)
 Heap Region Size: 1M
 Heap Min Capacity: 8M
 Heap Initial Capacity: 124M
 Heap Max Capacity: 2G
 Pre-touch: Disabled
 Parallel Workers: 8
 Concurrent Workers: 2
 Concurrent Refinement Workers: 8
 Periodic GC: Disabled
Heap:
 garbage-first heap   total 346112K, used 178617K [0x0000000080000000, 0x0000000100000000)
  region size 1024K, 8 young (8192K), 8 survivors (8192K)
 Metaspace       used 127344K, committed 128192K, reserved 1179648K
  class space    used 17818K, committed 18240K, reserved 1048576K
GC Heap History (20 events):
Event: 10.976 GC heap after
{Heap after GC invocations=40 (full 0):
 garbage-first heap   total 158720K, used 93715K [0x0000000080000000, 0x0000000100000000)
  region size 1024K, 7 young (7168K), 7 survivors (7168K)
 Metaspace       used 100710K, committed 101440K, reserved 1179648K
  class space    used 13891K, committed 14272K, reserved 1048576K
}
Event: 11.398 GC heap before
{Heap before GC invocations=41 (full 0):
 garbage-first heap   total 173056K, used 135699K [0x0000000080000000, 0x0000000100000000)
  region size 1024K, 43 young (44032K), 7 survivors (7168K)
 Metaspace       used 103359K, committed 104064K, reserved 1179648K
  class space    used 14287K, committed 14656K, reserved 1048576K
}
Event: 11.405 GC heap after
{Heap after GC invocations=42 (full 0):
 garbage-first heap   total 173056K, used 97018K [0x0000000080000000, 0x0000000100000000)
  region size 1024K, 4 young (4096K), 4 survivors (4096K)
 Metaspace       used 103359K, committed 104064K, reserved 1179648K
  class space    used 14287K, committed 14656K, reserved 1048576K
}
Event: 11.757 GC heap before
{Heap before GC invocations=42 (full 0):
 garbage-first heap   total 173056K, used 142074K [0x0000000080000000, 0x0000000100000000)
  region size 1024K, 49 young (50176K), 4 survivors (4096K)
 Metaspace       used 103912K, committed 104640K, reserved 1179648K
  class space    used 14339K, committed 14720K, reserved 1048576K
}
Event: 11.765 GC heap after
{Heap after GC invocations=43 (full 0):
 garbage-first heap   total 346112K, used 99955K [0x0000000080000000, 0x0000000100000000)
  region size 1024K, 7 young (7168K), 7 survivors (7168K)
 Metaspace       used 103912K, committed 104640K, reserved 1179648K
  class space    used 14339K, committed 14720K, reserved 1048576K
}
Event: 14.001 GC heap before
{Heap before GC invocations=44 (full 0):
 garbage-first heap   total 346112K, used 280179K [0x0000000080000000, 0x0000000100000000)
  region size 1024K, 184 young (188416K), 7 survivors (7168K)
 Metaspace       used 109266K, committed 110080K, reserved 1179648K
  class space    used 14870K, committed 15232K, reserved 1048576K
}
Event: 14.016 GC heap after
{Heap after GC invocations=45 (full 0):
 garbage-first heap   total 346112K, used 106167K [0x0000000080000000, 0x0000000100000000)
  region size 1024K, 13 young (13312K), 13 survivors (13312K)
 Metaspace       used 109266K, committed 110080K, reserved 1179648K
  class space    used 14870K, committed 15232K, reserved 1048576K
}
Event: 14.030 GC heap before
{Heap before GC invocations=45 (full 0):
 garbage-first heap   total 346112K, used 109239K [0x0000000080000000, 0x0000000100000000)
  region size 1024K, 16 young (16384K), 13 survivors (13312K)
 Metaspace       used 109275K, committed 110080K, reserved 1179648K
  class space    used 14870K, committed 15232K, reserved 1048576K
}
Event: 14.039 GC heap after
{Heap after GC invocations=46 (full 0):
 garbage-first heap   total 346112K, used 107425K [0x0000000080000000, 0x0000000100000000)
  region size 1024K, 2 young (2048K), 2 survivors (2048K)
 Metaspace       used 109275K, committed 110080K, reserved 1179648K
  class space    used 14870K, committed 15232K, reserved 1048576K
}
Event: 14.764 GC heap before
{Heap before GC invocations=46 (full 0):
 garbage-first heap   total 346112K, used 284577K [0x0000000080000000, 0x0000000100000000)
  region size 1024K, 176 young (180224K), 2 survivors (2048K)
 Metaspace       used 109650K, committed 110464K, reserved 1179648K
  class space    used 14911K, committed 15296K, reserved 1048576K
}
Event: 14.766 GC heap after
{Heap after GC invocations=47 (full 0):
 garbage-first heap   total 346112K, used 107218K [0x0000000080000000, 0x0000000100000000)
  region size 1024K, 2 young (2048K), 2 survivors (2048K)
 Metaspace       used 109650K, committed 110464K, reserved 1179648K
  class space    used 14911K, committed 15296K, reserved 1048576K
}
Event: 15.855 GC heap before
{Heap before GC invocations=47 (full 0):
 garbage-first heap   total 346112K, used 289490K [0x0000000080000000, 0x0000000100000000)
  region size 1024K, 181 young (185344K), 2 survivors (2048K)
 Metaspace       used 115989K, committed 116864K, reserved 1179648K
  class space    used 15887K, committed 16320K, reserved 1048576K
}
Event: 15.877 GC heap after
{Heap after GC invocations=48 (full 0):
 garbage-first heap   total 346112K, used 130482K [0x0000000080000000, 0x0000000100000000)
  region size 1024K, 23 young (23552K), 23 survivors (23552K)
 Metaspace       used 115989K, committed 116864K, reserved 1179648K
  class space    used 15887K, committed 16320K, reserved 1048576K
}
Event: 16.439 GC heap before
{Heap before GC invocations=48 (full 0):
 garbage-first heap   total 346112K, used 276914K [0x0000000080000000, 0x0000000100000000)
  region size 1024K, 167 young (171008K), 23 survivors (23552K)
 Metaspace       used 121134K, committed 122048K, reserved 1179648K
  class space    used 16809K, committed 17280K, reserved 1048576K
}
Event: 16.476 GC heap after
{Heap after GC invocations=49 (full 0):
 garbage-first heap   total 346112K, used 151624K [0x0000000080000000, 0x0000000100000000)
  region size 1024K, 21 young (21504K), 21 survivors (21504K)
 Metaspace       used 121134K, committed 122048K, reserved 1179648K
  class space    used 16809K, committed 17280K, reserved 1048576K
}
Event: 16.732 GC heap before
{Heap before GC invocations=49 (full 0):
 garbage-first heap   total 346112K, used 274504K [0x0000000080000000, 0x0000000100000000)
  region size 1024K, 142 young (145408K), 21 survivors (21504K)
 Metaspace       used 123580K, committed 124416K, reserved 1179648K
  class space    used 17235K, committed 17664K, reserved 1048576K
}
Event: 16.765 GC heap after
{Heap after GC invocations=50 (full 0):
 garbage-first heap   total 346112K, used 170718K [0x0000000080000000, 0x0000000100000000)
  region size 1024K, 18 young (18432K), 18 survivors (18432K)
 Metaspace       used 123580K, committed 124416K, reserved 1179648K
  class space    used 17235K, committed 17664K, reserved 1048576K
}
Event: 17.269 GC heap before
{Heap before GC invocations=50 (full 0):
 garbage-first heap   total 346112K, used 276190K [0x0000000080000000, 0x0000000100000000)
  region size 1024K, 122 young (124928K), 18 survivors (18432K)
 Metaspace       used 126494K, committed 127360K, reserved 1179648K
  class space    used 17733K, committed 18176K, reserved 1048576K
}
Event: 17.290 GC heap after
{Heap after GC invocations=51 (full 0):
 garbage-first heap   total 346112K, used 179113K [0x0000000080000000, 0x0000000100000000)
  region size 1024K, 9 young (9216K), 9 survivors (9216K)
 Metaspace       used 126494K, committed 127360K, reserved 1179648K
  class space    used 17733K, committed 18176K, reserved 1048576K
}
Event: 17.595 GC heap before
{Heap before GC invocations=51 (full 0):
 garbage-first heap   total 346112K, used 279465K [0x0000000080000000, 0x0000000100000000)
  region size 1024K, 108 young (110592K), 9 survivors (9216K)
 Metaspace       used 127344K, committed 128192K, reserved 1179648K
  class space    used 17818K, committed 18240K, reserved 1048576K
}

