# JRE version: OpenJDK Runtime Environment (17.0.9) (build 17.0.9+0--11185874)
# Java VM: OpenJDK 64-Bit Server VM (17.0.9+0--11185874, mixed mode, tiered, compressed oops, compressed class ptrs, g1 gc, windows-amd64)
GC Precious Log:
 CPUs: 8 total, 8 available
 Memory: 7882M
 Large Page Support: Disabled
 NUMA Support: Disabled
 Compressed Oops: Enabled (32-bit)
 Heap Region Size: 1M
 Heap Min Capacity: 8M
 Heap Initial Capacity: 124M
 Heap Max Capacity: 1G
 Pre-touch: Disabled
 Parallel Workers: 8
 Concurrent Workers: 2
 Concurrent Refinement Workers: 8
 Periodic GC: Disabled
Heap:
 garbage-first heap   total 82944K, used 32496K [0x00000000c0000000, 0x0000000100000000)
  region size 1024K, 6 young (6144K), 2 survivors (2048K)
 Metaspace       used 41961K, committed 42368K, reserved 1114112K
  class space    used 5589K, committed 5760K, reserved 1048576K
GC Heap History (18 events):
Event: 0.953 GC heap before
{Heap before GC invocations=0 (full 0):
 garbage-first heap   total 126976K, used 26624K [0x00000000c0000000, 0x0000000100000000)
  region size 1024K, 23 young (23552K), 0 survivors (0K)
 Metaspace       used 10505K, committed 10624K, reserved 1114112K
  class space    used 1093K, committed 1152K, reserved 1048576K
}
Event: 0.963 GC heap after
{Heap after GC invocations=1 (full 0):
 garbage-first heap   total 126976K, used 10784K [0x00000000c0000000, 0x0000000100000000)
  region size 1024K, 3 young (3072K), 3 survivors (3072K)
 Metaspace       used 10505K, committed 10624K, reserved 1114112K
  class space    used 1093K, committed 1152K, reserved 1048576K
}
Event: 1.278 GC heap before
{Heap before GC invocations=1 (full 0):
 garbage-first heap   total 126976K, used 37408K [0x00000000c0000000, 0x0000000100000000)
  region size 1024K, 29 young (29696K), 3 survivors (3072K)
 Metaspace       used 11468K, committed 11648K, reserved 1114112K
  class space    used 1199K, committed 1280K, reserved 1048576K
}
Event: 1.283 GC heap after
{Heap after GC invocations=2 (full 0):
 garbage-first heap   total 126976K, used 11439K [0x00000000c0000000, 0x0000000100000000)
  region size 1024K, 1 young (1024K), 1 survivors (1024K)
 Metaspace       used 11468K, committed 11648K, reserved 1114112K
  class space    used 1199K, committed 1280K, reserved 1048576K
}
Event: 2.474 GC heap before
{Heap before GC invocations=2 (full 0):
 garbage-first heap   total 126976K, used 58543K [0x00000000c0000000, 0x0000000100000000)
  region size 1024K, 48 young (49152K), 1 survivors (1024K)
 Metaspace       used 21324K, committed 21504K, reserved 1114112K
  class space    used 2524K, committed 2624K, reserved 1048576K
}
Event: 2.481 GC heap after
{Heap after GC invocations=3 (full 0):
 garbage-first heap   total 126976K, used 18832K [0x00000000c0000000, 0x0000000100000000)
  region size 1024K, 8 young (8192K), 8 survivors (8192K)
 Metaspace       used 21324K, committed 21504K, reserved 1114112K
  class space    used 2524K, committed 2624K, reserved 1048576K
}
Event: 3.134 GC heap before
{Heap before GC invocations=4 (full 0):
 garbage-first heap   total 68608K, used 50576K [0x00000000c0000000, 0x0000000100000000)
  region size 1024K, 40 young (40960K), 8 survivors (8192K)
 Metaspace       used 26438K, committed 26688K, reserved 1114112K
  class space    used 3405K, committed 3520K, reserved 1048576K
}
Event: 3.141 GC heap after
{Heap after GC invocations=5 (full 0):
 garbage-first heap   total 68608K, used 20785K [0x00000000c0000000, 0x0000000100000000)
  region size 1024K, 3 young (3072K), 3 survivors (3072K)
 Metaspace       used 26438K, committed 26688K, reserved 1114112K
  class space    used 3405K, committed 3520K, reserved 1048576K
}
Event: 3.589 GC heap before
{Heap before GC invocations=5 (full 0):
 garbage-first heap   total 68608K, used 47409K [0x00000000c0000000, 0x0000000100000000)
  region size 1024K, 29 young (29696K), 3 survivors (3072K)
 Metaspace       used 30033K, committed 30336K, reserved 1114112K
  class space    used 4014K, committed 4160K, reserved 1048576K
}
Event: 3.593 GC heap after
{Heap after GC invocations=6 (full 0):
 garbage-first heap   total 68608K, used 21992K [0x00000000c0000000, 0x0000000100000000)
  region size 1024K, 4 young (4096K), 4 survivors (4096K)
 Metaspace       used 30033K, committed 30336K, reserved 1114112K
  class space    used 4014K, committed 4160K, reserved 1048576K
}
Event: 4.070 GC heap before
{Heap before GC invocations=6 (full 0):
 garbage-first heap   total 68608K, used 48616K [0x00000000c0000000, 0x0000000100000000)
  region size 1024K, 30 young (30720K), 4 survivors (4096K)
 Metaspace       used 33353K, committed 33664K, reserved 1114112K
  class space    used 4541K, committed 4672K, reserved 1048576K
}
Event: 4.076 GC heap after
{Heap after GC invocations=7 (full 0):
 garbage-first heap   total 68608K, used 23253K [0x00000000c0000000, 0x0000000100000000)
  region size 1024K, 3 young (3072K), 3 survivors (3072K)
 Metaspace       used 33353K, committed 33664K, reserved 1114112K
  class space    used 4541K, committed 4672K, reserved 1048576K
}
Event: 4.354 GC heap before
{Heap before GC invocations=7 (full 0):
 garbage-first heap   total 68608K, used 37589K [0x00000000c0000000, 0x0000000100000000)
  region size 1024K, 18 young (18432K), 3 survivors (3072K)
 Metaspace       used 35847K, committed 36160K, reserved 1114112K
  class space    used 4903K, committed 5056K, reserved 1048576K
}
Event: 4.357 GC heap after
{Heap after GC invocations=8 (full 0):
 garbage-first heap   total 68608K, used 24071K [0x00000000c0000000, 0x0000000100000000)
  region size 1024K, 2 young (2048K), 2 survivors (2048K)
 Metaspace       used 35847K, committed 36160K, reserved 1114112K
  class space    used 4903K, committed 5056K, reserved 1048576K
}
Event: 4.785 GC heap before
{Heap before GC invocations=9 (full 0):
 garbage-first heap   total 68608K, used 50695K [0x00000000c0000000, 0x0000000100000000)
  region size 1024K, 29 young (29696K), 2 survivors (2048K)
 Metaspace       used 40938K, committed 41280K, reserved 1114112K
  class space    used 5423K, committed 5568K, reserved 1048576K
}
Event: 4.789 GC heap after
{Heap after GC invocations=10 (full 0):
 garbage-first heap   total 68608K, used 27442K [0x00000000c0000000, 0x0000000100000000)
  region size 1024K, 4 young (4096K), 4 survivors (4096K)
 Metaspace       used 40938K, committed 41280K, reserved 1114112K
  class space    used 5423K, committed 5568K, reserved 1048576K
}
Event: 4.969 GC heap before
{Heap before GC invocations=10 (full 0):
 garbage-first heap   total 68608K, used 52018K [0x00000000c0000000, 0x0000000100000000)
  region size 1024K, 28 young (28672K), 4 survivors (4096K)
 Metaspace       used 41905K, committed 42304K, reserved 1114112K
  class space    used 5583K, committed 5760K, reserved 1048576K
}
Event: 4.973 GC heap after
{Heap after GC invocations=11 (full 0):
 garbage-first heap   total 82944K, used 29424K [0x00000000c0000000, 0x0000000100000000)
  region size 1024K, 2 young (2048K), 2 survivors (2048K)
 Metaspace       used 41905K, committed 42304K, reserved 1114112K
  class space    used 5583K, committed 5760K, reserved 1048576K
}

