# JRE version: OpenJDK Runtime Environment (17.0.9) (build 17.0.9+0--11185874)
# Java VM: OpenJDK 64-Bit Server VM (17.0.9+0--11185874, mixed mode, tiered, compressed oops, compressed class ptrs, g1 gc, windows-amd64)
GC Precious Log:
 CPUs: 8 total, 8 available
 Memory: 7882M
 Large Page Support: Disabled
 NUMA Support: Disabled
 Compressed Oops: Enabled (32-bit)
 Heap Region Size: 1M
 Heap Min Capacity: 8M
 Heap Initial Capacity: 124M
 Heap Max Capacity: 1G
 Pre-touch: Disabled
 Parallel Workers: 8
 Concurrent Workers: 2
 Concurrent Refinement Workers: 8
 Periodic GC: Disabled
Heap:
 garbage-first heap   total 102400K, used 61580K [0x00000000c0000000, 0x0000000100000000)
  region size 1024K, 3 young (3072K), 1 survivors (1024K)
 Metaspace       used 58605K, committed 59136K, reserved 1114112K
  class space    used 8028K, committed 8320K, reserved 1048576K
GC Heap History (20 events):
Event: 4.924 GC heap before
{Heap before GC invocations=10 (full 0):
 garbage-first heap   total 71680K, used 55839K [0x00000000c0000000, 0x0000000100000000)
  region size 1024K, 30 young (30720K), 4 survivors (4096K)
 Metaspace       used 42714K, committed 43136K, reserved 1114112K
  class space    used 5594K, committed 5760K, reserved 1048576K
}
Event: 4.929 GC heap after
{Heap after GC invocations=11 (full 0):
 garbage-first heap   total 86016K, used 31084K [0x00000000c0000000, 0x0000000100000000)
  region size 1024K, 2 young (2048K), 2 survivors (2048K)
 Metaspace       used 42714K, committed 43136K, reserved 1114112K
  class space    used 5594K, committed 5760K, reserved 1048576K
}
Event: 5.609 GC heap before
{Heap before GC invocations=11 (full 0):
 garbage-first heap   total 86016K, used 65900K [0x00000000c0000000, 0x0000000100000000)
  region size 1024K, 36 young (36864K), 2 survivors (2048K)
 Metaspace       used 47173K, committed 47680K, reserved 1114112K
  class space    used 6329K, committed 6592K, reserved 1048576K
}
Event: 5.614 GC heap after
{Heap after GC invocations=12 (full 0):
 garbage-first heap   total 86016K, used 32284K [0x00000000c0000000, 0x0000000100000000)
  region size 1024K, 4 young (4096K), 4 survivors (4096K)
 Metaspace       used 47173K, committed 47680K, reserved 1114112K
  class space    used 6329K, committed 6592K, reserved 1048576K
}
Event: 6.206 GC heap before
{Heap before GC invocations=12 (full 0):
 garbage-first heap   total 86016K, used 67100K [0x00000000c0000000, 0x0000000100000000)
  region size 1024K, 38 young (38912K), 4 survivors (4096K)
 Metaspace       used 51784K, committed 52288K, reserved 1114112K
  class space    used 7069K, committed 7296K, reserved 1048576K
}
Event: 6.210 GC heap after
{Heap after GC invocations=13 (full 0):
 garbage-first heap   total 86016K, used 34154K [0x00000000c0000000, 0x0000000100000000)
  region size 1024K, 5 young (5120K), 5 survivors (5120K)
 Metaspace       used 51784K, committed 52288K, reserved 1114112K
  class space    used 7069K, committed 7296K, reserved 1048576K
}
Event: 6.869 GC heap before
{Heap before GC invocations=13 (full 0):
 garbage-first heap   total 86016K, used 66922K [0x00000000c0000000, 0x0000000100000000)
  region size 1024K, 37 young (37888K), 5 survivors (5120K)
 Metaspace       used 55242K, committed 55680K, reserved 1114112K
  class space    used 7592K, committed 7808K, reserved 1048576K
}
Event: 6.876 GC heap after
{Heap after GC invocations=14 (full 0):
 garbage-first heap   total 86016K, used 37137K [0x00000000c0000000, 0x0000000100000000)
  region size 1024K, 5 young (5120K), 5 survivors (5120K)
 Metaspace       used 55242K, committed 55680K, reserved 1114112K
  class space    used 7592K, committed 7808K, reserved 1048576K
}
Event: 7.345 GC heap before
{Heap before GC invocations=14 (full 0):
 garbage-first heap   total 86016K, used 67857K [0x00000000c0000000, 0x0000000100000000)
  region size 1024K, 31 young (31744K), 5 survivors (5120K)
 Metaspace       used 56056K, committed 56640K, reserved 1114112K
  class space    used 7679K, committed 7936K, reserved 1048576K
}
Event: 7.351 GC heap after
{Heap after GC invocations=15 (full 0):
 garbage-first heap   total 86016K, used 47013K [0x00000000c0000000, 0x0000000100000000)
  region size 1024K, 5 young (5120K), 5 survivors (5120K)
 Metaspace       used 56056K, committed 56640K, reserved 1114112K
  class space    used 7679K, committed 7936K, reserved 1048576K
}
Event: 7.411 GC heap before
{Heap before GC invocations=16 (full 0):
 garbage-first heap   total 86016K, used 49061K [0x00000000c0000000, 0x0000000100000000)
  region size 1024K, 8 young (8192K), 5 survivors (5120K)
 Metaspace       used 56063K, committed 56640K, reserved 1114112K
  class space    used 7679K, committed 7936K, reserved 1048576K
}
Event: 7.414 GC heap after
{Heap after GC invocations=17 (full 0):
 garbage-first heap   total 86016K, used 50379K [0x00000000c0000000, 0x0000000100000000)
  region size 1024K, 3 young (3072K), 3 survivors (3072K)
 Metaspace       used 56063K, committed 56640K, reserved 1114112K
  class space    used 7679K, committed 7936K, reserved 1048576K
}
Event: 7.493 GC heap before
{Heap before GC invocations=18 (full 0):
 garbage-first heap   total 101376K, used 58571K [0x00000000c0000000, 0x0000000100000000)
  region size 1024K, 8 young (8192K), 3 survivors (3072K)
 Metaspace       used 56084K, committed 56640K, reserved 1114112K
  class space    used 7683K, committed 7936K, reserved 1048576K
}
Event: 7.496 GC heap after
{Heap after GC invocations=19 (full 0):
 garbage-first heap   total 101376K, used 57536K [0x00000000c0000000, 0x0000000100000000)
  region size 1024K, 3 young (3072K), 3 survivors (3072K)
 Metaspace       used 56084K, committed 56640K, reserved 1114112K
  class space    used 7683K, committed 7936K, reserved 1048576K
}
Event: 7.686 GC heap before
{Heap before GC invocations=20 (full 0):
 garbage-first heap   total 102400K, used 71872K [0x00000000c0000000, 0x0000000100000000)
  region size 1024K, 17 young (17408K), 3 survivors (3072K)
 Metaspace       used 57082K, committed 57664K, reserved 1114112K
  class space    used 7828K, committed 8128K, reserved 1048576K
}
Event: 7.689 GC heap after
{Heap after GC invocations=21 (full 0):
 garbage-first heap   total 102400K, used 59974K [0x00000000c0000000, 0x0000000100000000)
  region size 1024K, 2 young (2048K), 2 survivors (2048K)
 Metaspace       used 57082K, committed 57664K, reserved 1114112K
  class space    used 7828K, committed 8128K, reserved 1048576K
}
Event: 7.720 GC heap before
{Heap before GC invocations=21 (full 0):
 garbage-first heap   total 102400K, used 63046K [0x00000000c0000000, 0x0000000100000000)
  region size 1024K, 5 young (5120K), 2 survivors (2048K)
 Metaspace       used 57277K, committed 57856K, reserved 1114112K
  class space    used 7848K, committed 8128K, reserved 1048576K
}
Event: 7.721 GC heap after
{Heap after GC invocations=22 (full 0):
 garbage-first heap   total 102400K, used 60269K [0x00000000c0000000, 0x0000000100000000)
  region size 1024K, 1 young (1024K), 1 survivors (1024K)
 Metaspace       used 57277K, committed 57856K, reserved 1114112K
  class space    used 7848K, committed 8128K, reserved 1048576K
}
Event: 7.882 GC heap before
{Heap before GC invocations=22 (full 0):
 garbage-first heap   total 102400K, used 74605K [0x00000000c0000000, 0x0000000100000000)
  region size 1024K, 15 young (15360K), 1 survivors (1024K)
 Metaspace       used 58444K, committed 58944K, reserved 1114112K
  class space    used 7999K, committed 8256K, reserved 1048576K
}
Event: 7.884 GC heap after
{Heap after GC invocations=23 (full 0):
 garbage-first heap   total 102400K, used 60556K [0x00000000c0000000, 0x0000000100000000)
  region size 1024K, 1 young (1024K), 1 survivors (1024K)
 Metaspace       used 58444K, committed 58944K, reserved 1114112K
  class space    used 7999K, committed 8256K, reserved 1048576K
}

