# JRE version: OpenJDK Runtime Environment (17.0.9) (build 17.0.9+0--11185874)
# Java VM: OpenJDK 64-Bit Server VM (17.0.9+0--11185874, mixed mode, tiered, compressed oops, compressed class ptrs, g1 gc, windows-amd64)
GC Precious Log:
 CPUs: 8 total, 8 available
 Memory: 7882M
 Large Page Support: Disabled
 NUMA Support: Disabled
 Compressed Oops: Enabled (32-bit)
 Heap Region Size: 1M
 Heap Min Capacity: 8M
 Heap Initial Capacity: 124M
 Heap Max Capacity: 2G
 Pre-touch: Disabled
 Parallel Workers: 8
 Concurrent Workers: 2
 Concurrent Refinement Workers: 8
 Periodic GC: Disabled
Heap:
 garbage-first heap   total 140288K, used 78320K [0x0000000080000000, 0x0000000100000000)
  region size 1024K, 2 young (2048K), 2 survivors (2048K)
 Metaspace       used 79930K, committed 80576K, reserved 1179648K
  class space    used 10817K, committed 11136K, reserved 1048576K
GC Heap History (20 events):
Event: 7.682 GC heap after
{Heap after GC invocations=20 (full 0):
 garbage-first heap   total 103424K, used 57157K [0x0000000080000000, 0x0000000100000000)
  region size 1024K, 2 young (2048K), 2 survivors (2048K)
 Metaspace       used 57104K, committed 57664K, reserved 1114112K
  class space    used 7831K, committed 8128K, reserved 1048576K
}
Event: 7.701 GC heap before
{Heap before GC invocations=20 (full 0):
 garbage-first heap   total 103424K, used 58181K [0x0000000080000000, 0x0000000100000000)
  region size 1024K, 4 young (4096K), 2 survivors (2048K)
 Metaspace       used 57231K, committed 57792K, reserved 1114112K
  class space    used 7840K, committed 8128K, reserved 1048576K
}
Event: 7.702 GC heap after
{Heap after GC invocations=21 (full 0):
 garbage-first heap   total 140288K, used 57340K [0x0000000080000000, 0x0000000100000000)
  region size 1024K, 1 young (1024K), 1 survivors (1024K)
 Metaspace       used 57231K, committed 57792K, reserved 1114112K
  class space    used 7840K, committed 8128K, reserved 1048576K
}
Event: 8.100 GC heap before
{Heap before GC invocations=21 (full 0):
 garbage-first heap   total 140288K, used 91132K [0x0000000080000000, 0x0000000100000000)
  region size 1024K, 33 young (33792K), 1 survivors (1024K)
 Metaspace       used 59971K, committed 60544K, reserved 1114112K
  class space    used 8220K, committed 8512K, reserved 1048576K
}
Event: 8.103 GC heap after
{Heap after GC invocations=22 (full 0):
 garbage-first heap   total 140288K, used 59375K [0x0000000080000000, 0x0000000100000000)
  region size 1024K, 2 young (2048K), 2 survivors (2048K)
 Metaspace       used 59971K, committed 60544K, reserved 1114112K
  class space    used 8220K, committed 8512K, reserved 1048576K
}
Event: 8.528 GC heap before
{Heap before GC invocations=22 (full 0):
 garbage-first heap   total 140288K, used 95215K [0x0000000080000000, 0x0000000100000000)
  region size 1024K, 37 young (37888K), 2 survivors (2048K)
 Metaspace       used 63885K, committed 64448K, reserved 1114112K
  class space    used 8599K, committed 8832K, reserved 1048576K
}
Event: 8.530 GC heap after
{Heap after GC invocations=23 (full 0):
 garbage-first heap   total 140288K, used 60294K [0x0000000080000000, 0x0000000100000000)
  region size 1024K, 2 young (2048K), 2 survivors (2048K)
 Metaspace       used 63885K, committed 64448K, reserved 1114112K
  class space    used 8599K, committed 8832K, reserved 1048576K
}
Event: 9.091 GC heap before
{Heap before GC invocations=23 (full 0):
 garbage-first heap   total 140288K, used 103302K [0x0000000080000000, 0x0000000100000000)
  region size 1024K, 40 young (40960K), 2 survivors (2048K)
 Metaspace       used 67961K, committed 68608K, reserved 1114112K
  class space    used 9161K, committed 9472K, reserved 1048576K
}
Event: 9.096 GC heap after
{Heap after GC invocations=24 (full 0):
 garbage-first heap   total 140288K, used 68388K [0x0000000080000000, 0x0000000100000000)
  region size 1024K, 5 young (5120K), 5 survivors (5120K)
 Metaspace       used 67961K, committed 68608K, reserved 1114112K
  class space    used 9161K, committed 9472K, reserved 1048576K
}
Event: 9.105 GC heap before
{Heap before GC invocations=24 (full 0):
 garbage-first heap   total 140288K, used 70436K [0x0000000080000000, 0x0000000100000000)
  region size 1024K, 8 young (8192K), 5 survivors (5120K)
 Metaspace       used 67966K, committed 68608K, reserved 1114112K
  class space    used 9161K, committed 9472K, reserved 1048576K
}
Event: 9.109 GC heap after
{Heap after GC invocations=25 (full 0):
 garbage-first heap   total 140288K, used 69491K [0x0000000080000000, 0x0000000100000000)
  region size 1024K, 2 young (2048K), 2 survivors (2048K)
 Metaspace       used 67966K, committed 68608K, reserved 1114112K
  class space    used 9161K, committed 9472K, reserved 1048576K
}
Event: 9.475 GC heap before
{Heap before GC invocations=26 (full 0):
 garbage-first heap   total 140288K, used 106355K [0x0000000080000000, 0x0000000100000000)
  region size 1024K, 36 young (36864K), 2 survivors (2048K)
 Metaspace       used 70137K, committed 70784K, reserved 1114112K
  class space    used 9471K, committed 9792K, reserved 1048576K
}
Event: 9.479 GC heap after
{Heap after GC invocations=27 (full 0):
 garbage-first heap   total 140288K, used 72336K [0x0000000080000000, 0x0000000100000000)
  region size 1024K, 3 young (3072K), 3 survivors (3072K)
 Metaspace       used 70137K, committed 70784K, reserved 1114112K
  class space    used 9471K, committed 9792K, reserved 1048576K
}
Event: 9.937 GC heap before
{Heap before GC invocations=27 (full 0):
 garbage-first heap   total 140288K, used 107152K [0x0000000080000000, 0x0000000100000000)
  region size 1024K, 37 young (37888K), 3 survivors (3072K)
 Metaspace       used 73326K, committed 73920K, reserved 1114112K
  class space    used 9891K, committed 10176K, reserved 1048576K
}
Event: 9.942 GC heap after
{Heap after GC invocations=28 (full 0):
 garbage-first heap   total 140288K, used 74349K [0x0000000080000000, 0x0000000100000000)
  region size 1024K, 3 young (3072K), 3 survivors (3072K)
 Metaspace       used 73326K, committed 73920K, reserved 1114112K
  class space    used 9891K, committed 10176K, reserved 1048576K
}
Event: 10.331 GC heap before
{Heap before GC invocations=29 (full 0):
 garbage-first heap   total 140288K, used 111213K [0x0000000080000000, 0x0000000100000000)
  region size 1024K, 38 young (38912K), 3 survivors (3072K)
 Metaspace       used 76870K, committed 77440K, reserved 1179648K
  class space    used 10396K, committed 10688K, reserved 1048576K
}
Event: 10.336 GC heap after
{Heap after GC invocations=30 (full 0):
 garbage-first heap   total 140288K, used 76847K [0x0000000080000000, 0x0000000100000000)
  region size 1024K, 4 young (4096K), 4 survivors (4096K)
 Metaspace       used 76870K, committed 77440K, reserved 1179648K
  class space    used 10396K, committed 10688K, reserved 1048576K
}
Event: 10.353 GC heap before
{Heap before GC invocations=30 (full 0):
 garbage-first heap   total 140288K, used 77871K [0x0000000080000000, 0x0000000100000000)
  region size 1024K, 6 young (6144K), 4 survivors (4096K)
 Metaspace       used 77093K, committed 77696K, reserved 1179648K
  class space    used 10436K, committed 10752K, reserved 1048576K
}
Event: 10.359 GC heap after
{Heap after GC invocations=31 (full 0):
 garbage-first heap   total 140288K, used 76635K [0x0000000080000000, 0x0000000100000000)
  region size 1024K, 1 young (1024K), 1 survivors (1024K)
 Metaspace       used 77093K, committed 77696K, reserved 1179648K
  class space    used 10436K, committed 10752K, reserved 1048576K
}
Event: 10.761 GC heap before
{Heap before GC invocations=31 (full 0):
 garbage-first heap   total 140288K, used 111451K [0x0000000080000000, 0x0000000100000000)
  region size 1024K, 35 young (35840K), 1 survivors (1024K)
 Metaspace       used 79930K, committed 80576K, reserved 1179648K
  class space    used 10817K, committed 11136K, reserved 1048576K
}

