# JRE version: OpenJDK Runtime Environment (17.0.9) (build 17.0.9+0--11185874)
# Java VM: OpenJDK 64-Bit Server VM (17.0.9+0--11185874, mixed mode, tiered, compressed oops, compressed class ptrs, g1 gc, windows-amd64)
GC Precious Log:
 CPUs: 8 total, 8 available
 Memory: 7882M
 Large Page Support: Disabled
 NUMA Support: Disabled
 Compressed Oops: Enabled (32-bit)
 Heap Region Size: 1M
 Heap Min Capacity: 8M
 Heap Initial Capacity: 124M
 Heap Max Capacity: 1G
 Pre-touch: Disabled
 Parallel Workers: 8
 Concurrent Workers: 2
 Concurrent Refinement Workers: 8
 Periodic GC: Disabled
Heap:
 garbage-first heap   total 201728K, used 145790K [0x00000000c0000000, 0x0000000100000000)
  region size 1024K, 4 young (4096K), 4 survivors (4096K)
 Metaspace       used 107851K, committed 108672K, reserved 1179648K
  class space    used 14757K, committed 15168K, reserved 1048576K
GC Heap History (20 events):
Event: 23.086 GC heap after
{Heap after GC invocations=54 (full 0):
 garbage-first heap   total 145408K, used 96647K [0x00000000c0000000, 0x0000000100000000)
  region size 1024K, 4 young (4096K), 4 survivors (4096K)
 Metaspace       used 100811K, committed 101568K, reserved 1179648K
  class space    used 13895K, committed 14272K, reserved 1048576K
}
Event: 23.673 GC heap before
{Heap before GC invocations=55 (full 0):
 garbage-first heap   total 173056K, used 123271K [0x00000000c0000000, 0x0000000100000000)
  region size 1024K, 27 young (27648K), 4 survivors (4096K)
 Metaspace       used 103250K, committed 104000K, reserved 1179648K
  class space    used 14246K, committed 14592K, reserved 1048576K
}
Event: 23.680 GC heap after
{Heap after GC invocations=56 (full 0):
 garbage-first heap   total 173056K, used 96893K [0x00000000c0000000, 0x0000000100000000)
  region size 1024K, 3 young (3072K), 3 survivors (3072K)
 Metaspace       used 103250K, committed 104000K, reserved 1179648K
  class space    used 14246K, committed 14592K, reserved 1048576K
}
Event: 23.721 GC heap before
{Heap before GC invocations=56 (full 0):
 garbage-first heap   total 173056K, used 100989K [0x00000000c0000000, 0x0000000100000000)
  region size 1024K, 8 young (8192K), 3 survivors (3072K)
 Metaspace       used 103397K, committed 104192K, reserved 1179648K
  class space    used 14283K, committed 14656K, reserved 1048576K
}
Event: 23.725 GC heap after
{Heap after GC invocations=57 (full 0):
 garbage-first heap   total 173056K, used 97763K [0x00000000c0000000, 0x0000000100000000)
  region size 1024K, 1 young (1024K), 1 survivors (1024K)
 Metaspace       used 103397K, committed 104192K, reserved 1179648K
  class space    used 14283K, committed 14656K, reserved 1048576K
}
Event: 24.436 GC heap before
{Heap before GC invocations=57 (full 0):
 garbage-first heap   total 173056K, used 142819K [0x00000000c0000000, 0x0000000100000000)
  region size 1024K, 45 young (46080K), 1 survivors (1024K)
 Metaspace       used 104078K, committed 104896K, reserved 1179648K
  class space    used 14391K, committed 14784K, reserved 1048576K
}
Event: 24.442 GC heap after
{Heap after GC invocations=58 (full 0):
 garbage-first heap   total 173056K, used 100503K [0x00000000c0000000, 0x0000000100000000)
  region size 1024K, 4 young (4096K), 4 survivors (4096K)
 Metaspace       used 104078K, committed 104896K, reserved 1179648K
  class space    used 14391K, committed 14784K, reserved 1048576K
}
Event: 25.630 GC heap before
{Heap before GC invocations=58 (full 0):
 garbage-first heap   total 173056K, used 145559K [0x00000000c0000000, 0x0000000100000000)
  region size 1024K, 45 young (46080K), 4 survivors (4096K)
 Metaspace       used 106005K, committed 106752K, reserved 1179648K
  class space    used 14576K, committed 14912K, reserved 1048576K
}
Event: 25.639 GC heap after
{Heap after GC invocations=59 (full 0):
 garbage-first heap   total 173056K, used 111288K [0x00000000c0000000, 0x0000000100000000)
  region size 1024K, 6 young (6144K), 6 survivors (6144K)
 Metaspace       used 106005K, committed 106752K, reserved 1179648K
  class space    used 14576K, committed 14912K, reserved 1048576K
}
Event: 26.191 GC heap before
{Heap before GC invocations=60 (full 0):
 garbage-first heap   total 201728K, used 143032K [0x00000000c0000000, 0x0000000100000000)
  region size 1024K, 33 young (33792K), 6 survivors (6144K)
 Metaspace       used 106064K, committed 106752K, reserved 1179648K
  class space    used 14573K, committed 14912K, reserved 1048576K
}
Event: 26.205 GC heap after
{Heap after GC invocations=61 (full 0):
 garbage-first heap   total 201728K, used 127311K [0x00000000c0000000, 0x0000000100000000)
  region size 1024K, 5 young (5120K), 5 survivors (5120K)
 Metaspace       used 106064K, committed 106752K, reserved 1179648K
  class space    used 14573K, committed 14912K, reserved 1048576K
}
Event: 26.258 GC heap before
{Heap before GC invocations=61 (full 0):
 garbage-first heap   total 201728K, used 131407K [0x00000000c0000000, 0x0000000100000000)
  region size 1024K, 9 young (9216K), 5 survivors (5120K)
 Metaspace       used 106167K, committed 106880K, reserved 1179648K
  class space    used 14585K, committed 14912K, reserved 1048576K
}
Event: 26.265 GC heap after
{Heap after GC invocations=62 (full 0):
 garbage-first heap   total 201728K, used 129261K [0x00000000c0000000, 0x0000000100000000)
  region size 1024K, 2 young (2048K), 2 survivors (2048K)
 Metaspace       used 106167K, committed 106880K, reserved 1179648K
  class space    used 14585K, committed 14912K, reserved 1048576K
}
Event: 27.084 GC heap before
{Heap before GC invocations=62 (full 0):
 garbage-first heap   total 201728K, used 163053K [0x00000000c0000000, 0x0000000100000000)
  region size 1024K, 28 young (28672K), 2 survivors (2048K)
 Metaspace       used 106598K, committed 107392K, reserved 1179648K
  class space    used 14618K, committed 14976K, reserved 1048576K
}
Event: 27.090 GC heap after
{Heap after GC invocations=63 (full 0):
 garbage-first heap   total 201728K, used 131599K [0x00000000c0000000, 0x0000000100000000)
  region size 1024K, 4 young (4096K), 4 survivors (4096K)
 Metaspace       used 106598K, committed 107392K, reserved 1179648K
  class space    used 14618K, committed 14976K, reserved 1048576K
}
Event: 27.829 GC heap before
{Heap before GC invocations=63 (full 0):
 garbage-first heap   total 201728K, used 166415K [0x00000000c0000000, 0x0000000100000000)
  region size 1024K, 31 young (31744K), 4 survivors (4096K)
 Metaspace       used 106690K, committed 107392K, reserved 1179648K
  class space    used 14624K, committed 14976K, reserved 1048576K
}
Event: 27.837 GC heap after
{Heap after GC invocations=64 (full 0):
 garbage-first heap   total 201728K, used 142480K [0x00000000c0000000, 0x0000000100000000)
  region size 1024K, 4 young (4096K), 4 survivors (4096K)
 Metaspace       used 106690K, committed 107392K, reserved 1179648K
  class space    used 14624K, committed 14976K, reserved 1048576K
}
Event: 28.019 GC heap before
{Heap before GC invocations=64 (full 0):
 garbage-first heap   total 201728K, used 172176K [0x00000000c0000000, 0x0000000100000000)
  region size 1024K, 24 young (24576K), 4 survivors (4096K)
 Metaspace       used 107093K, committed 107904K, reserved 1179648K
  class space    used 14671K, committed 15040K, reserved 1048576K
}
Event: 28.025 GC heap after
{Heap after GC invocations=65 (full 0):
 garbage-first heap   total 201728K, used 142072K [0x00000000c0000000, 0x0000000100000000)
  region size 1024K, 3 young (3072K), 3 survivors (3072K)
 Metaspace       used 107093K, committed 107904K, reserved 1179648K
  class space    used 14671K, committed 15040K, reserved 1048576K
}
Event: 28.129 GC heap before
{Heap before GC invocations=65 (full 0):
 garbage-first heap   total 201728K, used 163576K [0x00000000c0000000, 0x0000000100000000)
  region size 1024K, 25 young (25600K), 3 survivors (3072K)
 Metaspace       used 107851K, committed 108672K, reserved 1179648K
  class space    used 14757K, committed 15168K, reserved 1048576K
}

