# JRE version: OpenJDK Runtime Environment (17.0.9) (build 17.0.9+0--11185874)
# Java VM: OpenJDK 64-Bit Server VM (17.0.9+0--11185874, mixed mode, tiered, compressed oops, compressed class ptrs, g1 gc, windows-amd64)
GC Precious Log:
 CPUs: 8 total, 8 available
 Memory: 7882M
 Large Page Support: Disabled
 NUMA Support: Disabled
 Compressed Oops: Enabled (32-bit)
 Heap Region Size: 1M
 Heap Min Capacity: 8M
 Heap Initial Capacity: 124M
 Heap Max Capacity: 2G
 Pre-touch: Disabled
 Parallel Workers: 8
 Concurrent Workers: 2
 Concurrent Refinement Workers: 8
 Periodic GC: Disabled
Heap:
 garbage-first heap   total 488448K, used 343360K [0x0000000080000000, 0x0000000100000000)
  region size 1024K, 217 young (222208K), 2 survivors (2048K)
 Metaspace       used 121127K, committed 121984K, reserved 1179648K
  class space    used 16206K, committed 16640K, reserved 1048576K
GC Heap History (20 events):
Event: 16.071 GC heap before
{Heap before GC invocations=51 (full 0):
 garbage-first heap   total 171008K, used 140374K [0x0000000080000000, 0x0000000100000000)
  region size 1024K, 48 young (49152K), 7 survivors (7168K)
 Metaspace       used 103719K, committed 104448K, reserved 1179648K
  class space    used 14359K, committed 14720K, reserved 1048576K
}
Event: 16.082 GC heap after
{Heap after GC invocations=52 (full 0):
 garbage-first heap   total 171008K, used 96923K [0x0000000080000000, 0x0000000100000000)
  region size 1024K, 5 young (5120K), 5 survivors (5120K)
 Metaspace       used 103719K, committed 104448K, reserved 1179648K
  class space    used 14359K, committed 14720K, reserved 1048576K
}
Event: 16.719 GC heap before
{Heap before GC invocations=52 (full 0):
 garbage-first heap   total 171008K, used 139931K [0x0000000080000000, 0x0000000100000000)
  region size 1024K, 48 young (49152K), 5 survivors (5120K)
 Metaspace       used 104881K, committed 105728K, reserved 1179648K
  class space    used 14490K, committed 14848K, reserved 1048576K
}
Event: 16.727 GC heap after
{Heap after GC invocations=53 (full 0):
 garbage-first heap   total 254976K, used 98690K [0x0000000080000000, 0x0000000100000000)
  region size 1024K, 3 young (3072K), 3 survivors (3072K)
 Metaspace       used 104881K, committed 105728K, reserved 1179648K
  class space    used 14490K, committed 14848K, reserved 1048576K
}
Event: 18.586 GC heap before
{Heap before GC invocations=54 (full 0):
 garbage-first heap   total 254976K, used 225666K [0x0000000080000000, 0x0000000100000000)
  region size 1024K, 111 young (113664K), 3 survivors (3072K)
 Metaspace       used 107106K, committed 107904K, reserved 1179648K
  class space    used 14672K, committed 15040K, reserved 1048576K
}
Event: 18.607 GC heap after
{Heap after GC invocations=55 (full 0):
 garbage-first heap   total 259072K, used 129506K [0x0000000080000000, 0x0000000100000000)
  region size 1024K, 14 young (14336K), 14 survivors (14336K)
 Metaspace       used 107106K, committed 107904K, reserved 1179648K
  class space    used 14672K, committed 15040K, reserved 1048576K
}
Event: 18.748 GC heap before
{Heap before GC invocations=55 (full 0):
 garbage-first heap   total 259072K, used 138722K [0x0000000080000000, 0x0000000100000000)
  region size 1024K, 25 young (25600K), 14 survivors (14336K)
 Metaspace       used 107132K, committed 108032K, reserved 1179648K
  class space    used 14674K, committed 15104K, reserved 1048576K
}
Event: 18.764 GC heap after
{Heap after GC invocations=56 (full 0):
 garbage-first heap   total 259072K, used 138750K [0x0000000080000000, 0x0000000100000000)
  region size 1024K, 8 young (8192K), 8 survivors (8192K)
 Metaspace       used 107132K, committed 108032K, reserved 1179648K
  class space    used 14674K, committed 15104K, reserved 1048576K
}
Event: 19.319 GC heap before
{Heap before GC invocations=57 (full 0):
 garbage-first heap   total 266240K, used 216574K [0x0000000080000000, 0x0000000100000000)
  region size 1024K, 68 young (69632K), 8 survivors (8192K)
 Metaspace       used 109484K, committed 110272K, reserved 1179648K
  class space    used 14886K, committed 15232K, reserved 1048576K
}
Event: 19.328 GC heap after
{Heap after GC invocations=58 (full 0):
 garbage-first heap   total 266240K, used 142012K [0x0000000080000000, 0x0000000100000000)
  region size 1024K, 9 young (9216K), 9 survivors (9216K)
 Metaspace       used 109484K, committed 110272K, reserved 1179648K
  class space    used 14886K, committed 15232K, reserved 1048576K
}
Event: 19.348 GC heap before
{Heap before GC invocations=58 (full 0):
 garbage-first heap   total 266240K, used 145084K [0x0000000080000000, 0x0000000100000000)
  region size 1024K, 13 young (13312K), 9 survivors (9216K)
 Metaspace       used 109660K, committed 110464K, reserved 1179648K
  class space    used 14905K, committed 15296K, reserved 1048576K
}
Event: 19.355 GC heap after
{Heap after GC invocations=59 (full 0):
 garbage-first heap   total 266240K, used 141741K [0x0000000080000000, 0x0000000100000000)
  region size 1024K, 1 young (1024K), 1 survivors (1024K)
 Metaspace       used 109660K, committed 110464K, reserved 1179648K
  class space    used 14905K, committed 15296K, reserved 1048576K
}
Event: 19.686 GC heap before
{Heap before GC invocations=59 (full 0):
 garbage-first heap   total 266240K, used 207277K [0x0000000080000000, 0x0000000100000000)
  region size 1024K, 66 young (67584K), 1 survivors (1024K)
 Metaspace       used 111114K, committed 111936K, reserved 1179648K
  class space    used 15038K, committed 15424K, reserved 1048576K
}
Event: 19.692 GC heap after
{Heap after GC invocations=60 (full 0):
 garbage-first heap   total 266240K, used 143726K [0x0000000080000000, 0x0000000100000000)
  region size 1024K, 3 young (3072K), 3 survivors (3072K)
 Metaspace       used 111114K, committed 111936K, reserved 1179648K
  class space    used 15038K, committed 15424K, reserved 1048576K
}
Event: 20.018 GC heap before
{Heap before GC invocations=61 (full 0):
 garbage-first heap   total 266240K, used 191854K [0x0000000080000000, 0x0000000100000000)
  region size 1024K, 69 young (70656K), 3 survivors (3072K)
 Metaspace       used 111763K, committed 112576K, reserved 1179648K
  class space    used 15104K, committed 15488K, reserved 1048576K
}
Event: 20.026 GC heap after
{Heap after GC invocations=62 (full 0):
 garbage-first heap   total 266240K, used 132375K [0x0000000080000000, 0x0000000100000000)
  region size 1024K, 9 young (9216K), 9 survivors (9216K)
 Metaspace       used 111763K, committed 112576K, reserved 1179648K
  class space    used 15104K, committed 15488K, reserved 1048576K
}
Event: 20.037 GC heap before
{Heap before GC invocations=62 (full 0):
 garbage-first heap   total 266240K, used 136471K [0x0000000080000000, 0x0000000100000000)
  region size 1024K, 13 young (13312K), 9 survivors (9216K)
 Metaspace       used 111763K, committed 112576K, reserved 1179648K
  class space    used 15104K, committed 15488K, reserved 1048576K
}
Event: 20.044 GC heap after
{Heap after GC invocations=63 (full 0):
 garbage-first heap   total 266240K, used 128548K [0x0000000080000000, 0x0000000100000000)
  region size 1024K, 1 young (1024K), 1 survivors (1024K)
 Metaspace       used 111763K, committed 112576K, reserved 1179648K
  class space    used 15104K, committed 15488K, reserved 1048576K
}
Event: 20.285 GC heap before
{Heap before GC invocations=63 (full 0):
 garbage-first heap   total 266240K, used 204324K [0x0000000080000000, 0x0000000100000000)
  region size 1024K, 75 young (76800K), 1 survivors (1024K)
 Metaspace       used 111810K, committed 112640K, reserved 1179648K
  class space    used 15104K, committed 15488K, reserved 1048576K
}
Event: 20.290 GC heap after
{Heap after GC invocations=64 (full 0):
 garbage-first heap   total 602112K, used 129713K [0x0000000080000000, 0x0000000100000000)
  region size 1024K, 2 young (2048K), 2 survivors (2048K)
 Metaspace       used 111810K, committed 112640K, reserved 1179648K
  class space    used 15104K, committed 15488K, reserved 1048576K
}

