# JRE version: OpenJDK Runtime Environment (17.0.9) (build 17.0.9+0--11185874)
# Java VM: OpenJDK 64-Bit Server VM (17.0.9+0--11185874, mixed mode, tiered, compressed oops, compressed class ptrs, g1 gc, windows-amd64)
GC Precious Log:
 CPUs: 8 total, 8 available
 Memory: 7882M
 Large Page Support: Disabled
 NUMA Support: Disabled
 Compressed Oops: Enabled (32-bit)
 Heap Region Size: 1M
 Heap Min Capacity: 8M
 Heap Initial Capacity: 124M
 Heap Max Capacity: 1G
 Pre-touch: Disabled
 Parallel Workers: 8
 Concurrent Workers: 2
 Concurrent Refinement Workers: 8
 Periodic GC: Disabled
Heap:
 garbage-first heap   total 215040K, used 157766K [0x00000000c0000000, 0x0000000100000000)
  region size 1024K, 26 young (26624K), 2 survivors (2048K)
 Metaspace       used 110976K, committed 111808K, reserved 1179648K
  class space    used 15182K, committed 15552K, reserved 1048576K
GC Heap History (20 events):
Event: 14.496 GC heap before
{Heap before GC invocations=39 (full 0):
 garbage-first heap   total 153600K, used 128972K [0x00000000c0000000, 0x0000000100000000)
  region size 1024K, 39 young (39936K), 6 survivors (6144K)
 Metaspace       used 103477K, committed 104256K, reserved 1179648K
  class space    used 14299K, committed 14656K, reserved 1048576K
}
Event: 14.504 GC heap after
{Heap after GC invocations=40 (full 0):
 garbage-first heap   total 153600K, used 98712K [0x00000000c0000000, 0x0000000100000000)
  region size 1024K, 4 young (4096K), 4 survivors (4096K)
 Metaspace       used 103477K, committed 104256K, reserved 1179648K
  class space    used 14299K, committed 14656K, reserved 1048576K
}
Event: 14.752 GC heap before
{Heap before GC invocations=40 (full 0):
 garbage-first heap   total 153600K, used 128408K [0x00000000c0000000, 0x0000000100000000)
  region size 1024K, 34 young (34816K), 4 survivors (4096K)
 Metaspace       used 103882K, committed 104704K, reserved 1179648K
  class space    used 14340K, committed 14720K, reserved 1048576K
}
Event: 14.758 GC heap after
{Heap after GC invocations=41 (full 0):
 garbage-first heap   total 153600K, used 101266K [0x00000000c0000000, 0x0000000100000000)
  region size 1024K, 3 young (3072K), 3 survivors (3072K)
 Metaspace       used 103882K, committed 104704K, reserved 1179648K
  class space    used 14340K, committed 14720K, reserved 1048576K
}
Event: 15.136 GC heap before
{Heap before GC invocations=41 (full 0):
 garbage-first heap   total 153600K, used 128914K [0x00000000c0000000, 0x0000000100000000)
  region size 1024K, 31 young (31744K), 3 survivors (3072K)
 Metaspace       used 105991K, committed 106752K, reserved 1179648K
  class space    used 14582K, committed 14976K, reserved 1048576K
}
Event: 15.140 GC heap after
{Heap after GC invocations=42 (full 0):
 garbage-first heap   total 153600K, used 102418K [0x00000000c0000000, 0x0000000100000000)
  region size 1024K, 2 young (2048K), 2 survivors (2048K)
 Metaspace       used 105991K, committed 106752K, reserved 1179648K
  class space    used 14582K, committed 14976K, reserved 1048576K
}
Event: 15.372 GC heap before
{Heap before GC invocations=42 (full 0):
 garbage-first heap   total 153600K, used 129042K [0x00000000c0000000, 0x0000000100000000)
  region size 1024K, 29 young (29696K), 2 survivors (2048K)
 Metaspace       used 106738K, committed 107520K, reserved 1179648K
  class space    used 14683K, committed 15040K, reserved 1048576K
}
Event: 15.377 GC heap after
{Heap after GC invocations=43 (full 0):
 garbage-first heap   total 153600K, used 105083K [0x00000000c0000000, 0x0000000100000000)
  region size 1024K, 4 young (4096K), 4 survivors (4096K)
 Metaspace       used 106738K, committed 107520K, reserved 1179648K
  class space    used 14683K, committed 15040K, reserved 1048576K
}
Event: 15.504 GC heap before
{Heap before GC invocations=43 (full 0):
 garbage-first heap   total 153600K, used 129659K [0x00000000c0000000, 0x0000000100000000)
  region size 1024K, 29 young (29696K), 4 survivors (4096K)
 Metaspace       used 106921K, committed 107776K, reserved 1179648K
  class space    used 14688K, committed 15104K, reserved 1048576K
}
Event: 15.509 GC heap after
{Heap after GC invocations=44 (full 0):
 garbage-first heap   total 153600K, used 106647K [0x00000000c0000000, 0x0000000100000000)
  region size 1024K, 2 young (2048K), 2 survivors (2048K)
 Metaspace       used 106921K, committed 107776K, reserved 1179648K
  class space    used 14688K, committed 15104K, reserved 1048576K
}
Event: 15.657 GC heap before
{Heap before GC invocations=44 (full 0):
 garbage-first heap   total 153600K, used 130199K [0x00000000c0000000, 0x0000000100000000)
  region size 1024K, 26 young (26624K), 2 survivors (2048K)
 Metaspace       used 107075K, committed 107840K, reserved 1179648K
  class space    used 14698K, committed 15104K, reserved 1048576K
}
Event: 15.659 GC heap after
{Heap after GC invocations=45 (full 0):
 garbage-first heap   total 153600K, used 108416K [0x00000000c0000000, 0x0000000100000000)
  region size 1024K, 4 young (4096K), 4 survivors (4096K)
 Metaspace       used 107075K, committed 107840K, reserved 1179648K
  class space    used 14698K, committed 15104K, reserved 1048576K
}
Event: 17.259 GC heap before
{Heap before GC invocations=45 (full 0):
 garbage-first heap   total 153600K, used 129920K [0x00000000c0000000, 0x0000000100000000)
  region size 1024K, 26 young (26624K), 4 survivors (4096K)
 Metaspace       used 108437K, committed 109312K, reserved 1179648K
  class space    used 14871K, committed 15296K, reserved 1048576K
}
Event: 17.268 GC heap after
{Heap after GC invocations=46 (full 0):
 garbage-first heap   total 153600K, used 109503K [0x00000000c0000000, 0x0000000100000000)
  region size 1024K, 4 young (4096K), 4 survivors (4096K)
 Metaspace       used 108437K, committed 109312K, reserved 1179648K
  class space    used 14871K, committed 15296K, reserved 1048576K
}
Event: 17.398 GC heap before
{Heap before GC invocations=46 (full 0):
 garbage-first heap   total 153600K, used 131007K [0x00000000c0000000, 0x0000000100000000)
  region size 1024K, 26 young (26624K), 4 survivors (4096K)
 Metaspace       used 108688K, committed 109504K, reserved 1179648K
  class space    used 14900K, committed 15296K, reserved 1048576K
}
Event: 17.408 GC heap after
{Heap after GC invocations=47 (full 0):
 garbage-first heap   total 153600K, used 113754K [0x00000000c0000000, 0x0000000100000000)
  region size 1024K, 4 young (4096K), 4 survivors (4096K)
 Metaspace       used 108688K, committed 109504K, reserved 1179648K
  class space    used 14900K, committed 15296K, reserved 1048576K
}
Event: 17.516 GC heap before
{Heap before GC invocations=47 (full 0):
 garbage-first heap   total 153600K, used 129114K [0x00000000c0000000, 0x0000000100000000)
  region size 1024K, 20 young (20480K), 4 survivors (4096K)
 Metaspace       used 108988K, committed 109824K, reserved 1179648K
  class space    used 14928K, committed 15360K, reserved 1048576K
}
Event: 17.520 GC heap after
{Heap after GC invocations=48 (full 0):
 garbage-first heap   total 153600K, used 113963K [0x00000000c0000000, 0x0000000100000000)
  region size 1024K, 1 young (1024K), 1 survivors (1024K)
 Metaspace       used 108988K, committed 109824K, reserved 1179648K
  class space    used 14928K, committed 15360K, reserved 1048576K
}
Event: 17.676 GC heap before
{Heap before GC invocations=48 (full 0):
 garbage-first heap   total 215040K, used 130347K [0x00000000c0000000, 0x0000000100000000)
  region size 1024K, 18 young (18432K), 1 survivors (1024K)
 Metaspace       used 109088K, committed 109888K, reserved 1179648K
  class space    used 14932K, committed 15360K, reserved 1048576K
}
Event: 17.680 GC heap after
{Heap after GC invocations=49 (full 0):
 garbage-first heap   total 215040K, used 114758K [0x00000000c0000000, 0x0000000100000000)
  region size 1024K, 2 young (2048K), 2 survivors (2048K)
 Metaspace       used 109088K, committed 109888K, reserved 1179648K
  class space    used 14932K, committed 15360K, reserved 1048576K
}

