# JRE version: OpenJDK Runtime Environment (17.0.9) (build 17.0.9+0--11185874)
# Java VM: OpenJDK 64-Bit Server VM (17.0.9+0--11185874, mixed mode, tiered, compressed oops, compressed class ptrs, g1 gc, windows-amd64)
GC Precious Log:
 CPUs: 8 total, 8 available
 Memory: 7882M
 Large Page Support: Disabled
 NUMA Support: Disabled
 Compressed Oops: Enabled (32-bit)
 Heap Region Size: 1M
 Heap Min Capacity: 8M
 Heap Initial Capacity: 124M
 Heap Max Capacity: 2G
 Pre-touch: Disabled
 Parallel Workers: 8
 Concurrent Workers: 2
 Concurrent Refinement Workers: 8
 Periodic GC: Disabled
Heap:
 garbage-first heap   total 107520K, used 75528K [0x0000000080000000, 0x0000000100000000)
  region size 1024K, 18 young (18432K), 2 survivors (2048K)
 Metaspace       used 65560K, committed 66176K, reserved 1114112K
  class space    used 8863K, committed 9152K, reserved 1048576K
GC Heap History (20 events):
Event: 2.443 GC heap before
{Heap before GC invocations=6 (full 0):
 garbage-first heap   total 86016K, used 61318K [0x0000000080000000, 0x0000000100000000)
  region size 1024K, 43 young (44032K), 4 survivors (4096K)
 Metaspace       used 35798K, committed 36096K, reserved 1114112K
  class space    used 4890K, committed 5056K, reserved 1048576K
}
Event: 2.447 GC heap after
{Heap after GC invocations=7 (full 0):
 garbage-first heap   total 86016K, used 24309K [0x0000000080000000, 0x0000000100000000)
  region size 1024K, 4 young (4096K), 4 survivors (4096K)
 Metaspace       used 35798K, committed 36096K, reserved 1114112K
  class space    used 4890K, committed 5056K, reserved 1048576K
}
Event: 2.777 GC heap before
{Heap before GC invocations=8 (full 0):
 garbage-first heap   total 86016K, used 63221K [0x0000000080000000, 0x0000000100000000)
  region size 1024K, 43 young (44032K), 4 survivors (4096K)
 Metaspace       used 41347K, committed 41728K, reserved 1114112K
  class space    used 5497K, committed 5696K, reserved 1048576K
}
Event: 2.782 GC heap after
{Heap after GC invocations=9 (full 0):
 garbage-first heap   total 86016K, used 28400K [0x0000000080000000, 0x0000000100000000)
  region size 1024K, 6 young (6144K), 6 survivors (6144K)
 Metaspace       used 41347K, committed 41728K, reserved 1114112K
  class space    used 5497K, committed 5696K, reserved 1048576K
}
Event: 3.089 GC heap before
{Heap before GC invocations=9 (full 0):
 garbage-first heap   total 86016K, used 65264K [0x0000000080000000, 0x0000000100000000)
  region size 1024K, 41 young (41984K), 6 survivors (6144K)
 Metaspace       used 45157K, committed 45504K, reserved 1114112K
  class space    used 6014K, committed 6144K, reserved 1048576K
}
Event: 3.094 GC heap after
{Heap after GC invocations=10 (full 0):
 garbage-first heap   total 86016K, used 30165K [0x0000000080000000, 0x0000000100000000)
  region size 1024K, 3 young (3072K), 3 survivors (3072K)
 Metaspace       used 45157K, committed 45504K, reserved 1114112K
  class space    used 6014K, committed 6144K, reserved 1048576K
}
Event: 3.445 GC heap before
{Heap before GC invocations=10 (full 0):
 garbage-first heap   total 86016K, used 63957K [0x0000000080000000, 0x0000000100000000)
  region size 1024K, 37 young (37888K), 3 survivors (3072K)
 Metaspace       used 49755K, committed 50240K, reserved 1114112K
  class space    used 6739K, committed 6976K, reserved 1048576K
}
Event: 3.448 GC heap after
{Heap after GC invocations=11 (full 0):
 garbage-first heap   total 86016K, used 31660K [0x0000000080000000, 0x0000000100000000)
  region size 1024K, 4 young (4096K), 4 survivors (4096K)
 Metaspace       used 49755K, committed 50240K, reserved 1114112K
  class space    used 6739K, committed 6976K, reserved 1048576K
}
Event: 3.840 GC heap before
{Heap before GC invocations=11 (full 0):
 garbage-first heap   total 86016K, used 66476K [0x0000000080000000, 0x0000000100000000)
  region size 1024K, 38 young (38912K), 4 survivors (4096K)
 Metaspace       used 53909K, committed 54400K, reserved 1114112K
  class space    used 7424K, committed 7616K, reserved 1048576K
}
Event: 3.844 GC heap after
{Heap after GC invocations=12 (full 0):
 garbage-first heap   total 86016K, used 33459K [0x0000000080000000, 0x0000000100000000)
  region size 1024K, 4 young (4096K), 4 survivors (4096K)
 Metaspace       used 53909K, committed 54400K, reserved 1114112K
  class space    used 7424K, committed 7616K, reserved 1048576K
}
Event: 4.326 GC heap before
{Heap before GC invocations=12 (full 0):
 garbage-first heap   total 86016K, used 66227K [0x0000000080000000, 0x0000000100000000)
  region size 1024K, 37 young (37888K), 4 survivors (4096K)
 Metaspace       used 55797K, committed 56384K, reserved 1114112K
  class space    used 7659K, committed 7936K, reserved 1048576K
}
Event: 4.331 GC heap after
{Heap after GC invocations=13 (full 0):
 garbage-first heap   total 103424K, used 36770K [0x0000000080000000, 0x0000000100000000)
  region size 1024K, 5 young (5120K), 5 survivors (5120K)
 Metaspace       used 55797K, committed 56384K, reserved 1114112K
  class space    used 7659K, committed 7936K, reserved 1048576K
}
Event: 4.678 GC heap before
{Heap before GC invocations=13 (full 0):
 garbage-first heap   total 103424K, used 78754K [0x0000000080000000, 0x0000000100000000)
  region size 1024K, 35 young (35840K), 5 survivors (5120K)
 Metaspace       used 57259K, committed 57856K, reserved 1114112K
  class space    used 7839K, committed 8128K, reserved 1048576K
}
Event: 4.683 GC heap after
{Heap after GC invocations=14 (full 0):
 garbage-first heap   total 103424K, used 57283K [0x0000000080000000, 0x0000000100000000)
  region size 1024K, 6 young (6144K), 6 survivors (6144K)
 Metaspace       used 57259K, committed 57856K, reserved 1114112K
  class space    used 7839K, committed 8128K, reserved 1048576K
}
Event: 4.866 GC heap before
{Heap before GC invocations=15 (full 0):
 garbage-first heap   total 103424K, used 80835K [0x0000000080000000, 0x0000000100000000)
  region size 1024K, 28 young (28672K), 6 survivors (6144K)
 Metaspace       used 59042K, committed 59584K, reserved 1114112K
  class space    used 8093K, committed 8384K, reserved 1048576K
}
Event: 4.869 GC heap after
{Heap after GC invocations=16 (full 0):
 garbage-first heap   total 103424K, used 59154K [0x0000000080000000, 0x0000000100000000)
  region size 1024K, 1 young (1024K), 1 survivors (1024K)
 Metaspace       used 59042K, committed 59584K, reserved 1114112K
  class space    used 8093K, committed 8384K, reserved 1048576K
}
Event: 5.057 GC heap before
{Heap before GC invocations=16 (full 0):
 garbage-first heap   total 103424K, used 81682K [0x0000000080000000, 0x0000000100000000)
  region size 1024K, 23 young (23552K), 1 survivors (1024K)
 Metaspace       used 61219K, committed 61824K, reserved 1114112K
  class space    used 8336K, committed 8640K, reserved 1048576K
}
Event: 5.058 GC heap after
{Heap after GC invocations=17 (full 0):
 garbage-first heap   total 103424K, used 59592K [0x0000000080000000, 0x0000000100000000)
  region size 1024K, 2 young (2048K), 2 survivors (2048K)
 Metaspace       used 61219K, committed 61824K, reserved 1114112K
  class space    used 8336K, committed 8640K, reserved 1048576K
}
Event: 5.261 GC heap before
{Heap before GC invocations=18 (full 0):
 garbage-first heap   total 107520K, used 82120K [0x0000000080000000, 0x0000000100000000)
  region size 1024K, 25 young (25600K), 2 survivors (2048K)
 Metaspace       used 63794K, committed 64384K, reserved 1114112K
  class space    used 8598K, committed 8832K, reserved 1048576K
}
Event: 5.264 GC heap after
{Heap after GC invocations=19 (full 0):
 garbage-first heap   total 107520K, used 60168K [0x0000000080000000, 0x0000000100000000)
  region size 1024K, 2 young (2048K), 2 survivors (2048K)
 Metaspace       used 63794K, committed 64384K, reserved 1114112K
  class space    used 8598K, committed 8832K, reserved 1048576K
}

