# JRE version: OpenJDK Runtime Environment (17.0.9) (build 17.0.9+0--11185874)
# Java VM: OpenJDK 64-Bit Server VM (17.0.9+0--11185874, mixed mode, tiered, compressed oops, compressed class ptrs, g1 gc, windows-amd64)
GC Precious Log:
 CPUs: 8 total, 8 available
 Memory: 7882M
 Large Page Support: Disabled
 NUMA Support: Disabled
 Compressed Oops: Enabled (32-bit)
 Heap Region Size: 1M
 Heap Min Capacity: 8M
 Heap Initial Capacity: 124M
 Heap Max Capacity: 2G
 Pre-touch: Disabled
 Parallel Workers: 8
 Concurrent Workers: 2
 Concurrent Refinement Workers: 8
 Periodic GC: Disabled
Heap:
 garbage-first heap   total 219136K, used 135436K [0x0000000080000000, 0x0000000100000000)
  region size 1024K, 7 young (7168K), 7 survivors (7168K)
 Metaspace       used 113709K, committed 114496K, reserved 1179648K
  class space    used 15686K, committed 16064K, reserved 1048576K
GC Heap History (20 events):
Event: 11.827 GC heap after
{Heap after GC invocations=35 (full 0):
 garbage-first heap   total 168960K, used 85824K [0x0000000080000000, 0x0000000100000000)
  region size 1024K, 5 young (5120K), 5 survivors (5120K)
 Metaspace       used 94718K, committed 95360K, reserved 1179648K
  class space    used 13130K, committed 13440K, reserved 1048576K
}
Event: 12.382 GC heap before
{Heap before GC invocations=35 (full 0):
 garbage-first heap   total 168960K, used 139072K [0x0000000080000000, 0x0000000100000000)
  region size 1024K, 57 young (58368K), 5 survivors (5120K)
 Metaspace       used 98990K, committed 99712K, reserved 1179648K
  class space    used 13714K, committed 14080K, reserved 1048576K
}
Event: 12.390 GC heap after
{Heap after GC invocations=36 (full 0):
 garbage-first heap   total 168960K, used 89333K [0x0000000080000000, 0x0000000100000000)
  region size 1024K, 6 young (6144K), 6 survivors (6144K)
 Metaspace       used 98990K, committed 99712K, reserved 1179648K
  class space    used 13714K, committed 14080K, reserved 1048576K
}
Event: 12.658 GC heap before
{Heap before GC invocations=37 (full 0):
 garbage-first heap   total 168960K, used 115957K [0x0000000080000000, 0x0000000100000000)
  region size 1024K, 34 young (34816K), 6 survivors (6144K)
 Metaspace       used 100752K, committed 101504K, reserved 1179648K
  class space    used 13900K, committed 14272K, reserved 1048576K
}
Event: 12.667 GC heap after
{Heap after GC invocations=38 (full 0):
 garbage-first heap   total 168960K, used 93507K [0x0000000080000000, 0x0000000100000000)
  region size 1024K, 7 young (7168K), 7 survivors (7168K)
 Metaspace       used 100752K, committed 101504K, reserved 1179648K
  class space    used 13900K, committed 14272K, reserved 1048576K
}
Event: 13.109 GC heap before
{Heap before GC invocations=39 (full 0):
 garbage-first heap   total 173056K, used 142659K [0x0000000080000000, 0x0000000100000000)
  region size 1024K, 51 young (52224K), 7 survivors (7168K)
 Metaspace       used 103422K, committed 104128K, reserved 1179648K
  class space    used 14296K, committed 14656K, reserved 1048576K
}
Event: 13.118 GC heap after
{Heap after GC invocations=40 (full 0):
 garbage-first heap   total 207872K, used 96984K [0x0000000080000000, 0x0000000100000000)
  region size 1024K, 4 young (4096K), 4 survivors (4096K)
 Metaspace       used 103422K, committed 104128K, reserved 1179648K
  class space    used 14296K, committed 14656K, reserved 1048576K
}
Event: 13.665 GC heap before
{Heap before GC invocations=40 (full 0):
 garbage-first heap   total 207872K, used 168664K [0x0000000080000000, 0x0000000100000000)
  region size 1024K, 75 young (76800K), 4 survivors (4096K)
 Metaspace       used 104364K, committed 105152K, reserved 1179648K
  class space    used 14393K, committed 14784K, reserved 1048576K
}
Event: 13.675 GC heap after
{Heap after GC invocations=41 (full 0):
 garbage-first heap   total 207872K, used 101815K [0x0000000080000000, 0x0000000100000000)
  region size 1024K, 9 young (9216K), 9 survivors (9216K)
 Metaspace       used 104364K, committed 105152K, reserved 1179648K
  class space    used 14393K, committed 14784K, reserved 1048576K
}
Event: 14.366 GC heap before
{Heap before GC invocations=42 (full 0):
 garbage-first heap   total 207872K, used 168375K [0x0000000080000000, 0x0000000100000000)
  region size 1024K, 75 young (76800K), 9 survivors (9216K)
 Metaspace       used 107671K, committed 108480K, reserved 1179648K
  class space    used 14805K, committed 15232K, reserved 1048576K
}
Event: 14.376 GC heap after
{Heap after GC invocations=43 (full 0):
 garbage-first heap   total 207872K, used 107200K [0x0000000080000000, 0x0000000100000000)
  region size 1024K, 6 young (6144K), 6 survivors (6144K)
 Metaspace       used 107671K, committed 108480K, reserved 1179648K
  class space    used 14805K, committed 15232K, reserved 1048576K
}
Event: 14.404 GC heap before
{Heap before GC invocations=43 (full 0):
 garbage-first heap   total 207872K, used 110272K [0x0000000080000000, 0x0000000100000000)
  region size 1024K, 10 young (10240K), 6 survivors (6144K)
 Metaspace       used 107988K, committed 108800K, reserved 1179648K
  class space    used 14840K, committed 15232K, reserved 1048576K
}
Event: 14.408 GC heap after
{Heap after GC invocations=44 (full 0):
 garbage-first heap   total 207872K, used 107958K [0x0000000080000000, 0x0000000100000000)
  region size 1024K, 1 young (1024K), 1 survivors (1024K)
 Metaspace       used 107988K, committed 108800K, reserved 1179648K
  class space    used 14840K, committed 15232K, reserved 1048576K
}
Event: 14.569 GC heap before
{Heap before GC invocations=44 (full 0):
 garbage-first heap   total 207872K, used 170422K [0x0000000080000000, 0x0000000100000000)
  region size 1024K, 63 young (64512K), 1 survivors (1024K)
 Metaspace       used 109188K, committed 109952K, reserved 1179648K
  class space    used 15036K, committed 15424K, reserved 1048576K
}
Event: 14.575 GC heap after
{Heap after GC invocations=45 (full 0):
 garbage-first heap   total 207872K, used 117926K [0x0000000080000000, 0x0000000100000000)
  region size 1024K, 8 young (8192K), 8 survivors (8192K)
 Metaspace       used 109188K, committed 109952K, reserved 1179648K
  class space    used 15036K, committed 15424K, reserved 1048576K
}
Event: 15.238 GC heap before
{Heap before GC invocations=46 (full 0):
 garbage-first heap   total 219136K, used 168102K [0x0000000080000000, 0x0000000100000000)
  region size 1024K, 58 young (59392K), 8 survivors (8192K)
 Metaspace       used 112974K, committed 113792K, reserved 1179648K
  class space    used 15602K, committed 16000K, reserved 1048576K
}
Event: 15.246 GC heap after
{Heap after GC invocations=47 (full 0):
 garbage-first heap   total 219136K, used 123632K [0x0000000080000000, 0x0000000100000000)
  region size 1024K, 6 young (6144K), 6 survivors (6144K)
 Metaspace       used 112974K, committed 113792K, reserved 1179648K
  class space    used 15602K, committed 16000K, reserved 1048576K
}
Event: 15.264 GC heap before
{Heap before GC invocations=47 (full 0):
 garbage-first heap   total 219136K, used 127728K [0x0000000080000000, 0x0000000100000000)
  region size 1024K, 10 young (10240K), 6 survivors (6144K)
 Metaspace       used 112977K, committed 113792K, reserved 1179648K
  class space    used 15603K, committed 16000K, reserved 1048576K
}
Event: 15.270 GC heap after
{Heap after GC invocations=48 (full 0):
 garbage-first heap   total 219136K, used 124783K [0x0000000080000000, 0x0000000100000000)
  region size 1024K, 2 young (2048K), 2 survivors (2048K)
 Metaspace       used 112977K, committed 113792K, reserved 1179648K
  class space    used 15603K, committed 16000K, reserved 1048576K
}
Event: 15.447 GC heap before
{Heap before GC invocations=48 (full 0):
 garbage-first heap   total 219136K, used 177007K [0x0000000080000000, 0x0000000100000000)
  region size 1024K, 53 young (54272K), 2 survivors (2048K)
 Metaspace       used 113709K, committed 114496K, reserved 1179648K
  class space    used 15686K, committed 16064K, reserved 1048576K
}

