# JRE version: OpenJDK Runtime Environment (17.0.9) (build 17.0.9+0--11185874)
# Java VM: OpenJDK 64-Bit Server VM (17.0.9+0--11185874, mixed mode, tiered, compressed oops, compressed class ptrs, g1 gc, windows-amd64)
GC Precious Log:
 CPUs: 8 total, 8 available
 Memory: 7882M
 Large Page Support: Disabled
 NUMA Support: Disabled
 Compressed Oops: Enabled (32-bit)
 Heap Region Size: 1M
 Heap Min Capacity: 8M
 Heap Initial Capacity: 124M
 Heap Max Capacity: 2G
 Pre-touch: Disabled
 Parallel Workers: 8
 Concurrent Workers: 2
 Concurrent Refinement Workers: 8
 Periodic GC: Disabled
Heap:
 garbage-first heap   total 355328K, used 194636K [0x0000000080000000, 0x0000000100000000)
  region size 1024K, 4 young (4096K), 4 survivors (4096K)
 Metaspace       used 126054K, committed 126976K, reserved 1179648K
  class space    used 17645K, committed 18112K, reserved 1048576K
GC Heap History (20 events):
Event: 16.168 GC heap after
{Heap after GC invocations=30 (full 0):
 garbage-first heap   total 249856K, used 102588K [0x0000000080000000, 0x0000000100000000)
  region size 1024K, 4 young (4096K), 4 survivors (4096K)
 Metaspace       used 108920K, committed 109824K, reserved 1179648K
  class space    used 14916K, committed 15360K, reserved 1048576K
}
Event: 16.792 GC heap before
{Heap before GC invocations=30 (full 0):
 garbage-first heap   total 249856K, used 203964K [0x0000000080000000, 0x0000000100000000)
  region size 1024K, 104 young (106496K), 4 survivors (4096K)
 Metaspace       used 110965K, committed 111872K, reserved 1179648K
  class space    used 15155K, committed 15616K, reserved 1048576K
}
Event: 16.804 GC heap after
{Heap after GC invocations=31 (full 0):
 garbage-first heap   total 249856K, used 114114K [0x0000000080000000, 0x0000000100000000)
  region size 1024K, 13 young (13312K), 13 survivors (13312K)
 Metaspace       used 110965K, committed 111872K, reserved 1179648K
  class space    used 15155K, committed 15616K, reserved 1048576K
}
Event: 17.118 GC heap before
{Heap before GC invocations=31 (full 0):
 garbage-first heap   total 249856K, used 160194K [0x0000000080000000, 0x0000000100000000)
  region size 1024K, 60 young (61440K), 13 survivors (13312K)
 Metaspace       used 113396K, committed 114240K, reserved 1179648K
  class space    used 15521K, committed 15936K, reserved 1048576K
}
Event: 17.129 GC heap after
{Heap after GC invocations=32 (full 0):
 garbage-first heap   total 249856K, used 120605K [0x0000000080000000, 0x0000000100000000)
  region size 1024K, 7 young (7168K), 7 survivors (7168K)
 Metaspace       used 113396K, committed 114240K, reserved 1179648K
  class space    used 15521K, committed 15936K, reserved 1048576K
}
Event: 17.553 GC heap before
{Heap before GC invocations=33 (full 0):
 garbage-first heap   total 249856K, used 198429K [0x0000000080000000, 0x0000000100000000)
  region size 1024K, 84 young (86016K), 7 survivors (7168K)
 Metaspace       used 115674K, committed 116544K, reserved 1179648K
  class space    used 15854K, committed 16256K, reserved 1048576K
}
Event: 17.570 GC heap after
{Heap after GC invocations=34 (full 0):
 garbage-first heap   total 249856K, used 134955K [0x0000000080000000, 0x0000000100000000)
  region size 1024K, 11 young (11264K), 11 survivors (11264K)
 Metaspace       used 115674K, committed 116544K, reserved 1179648K
  class space    used 15854K, committed 16256K, reserved 1048576K
}
Event: 17.576 GC heap before
{Heap before GC invocations=34 (full 0):
 garbage-first heap   total 249856K, used 135979K [0x0000000080000000, 0x0000000100000000)
  region size 1024K, 12 young (12288K), 11 survivors (11264K)
 Metaspace       used 115699K, committed 116544K, reserved 1179648K
  class space    used 15858K, committed 16256K, reserved 1048576K
}
Event: 17.584 GC heap after
{Heap after GC invocations=35 (full 0):
 garbage-first heap   total 249856K, used 136749K [0x0000000080000000, 0x0000000100000000)
  region size 1024K, 2 young (2048K), 2 survivors (2048K)
 Metaspace       used 115699K, committed 116544K, reserved 1179648K
  class space    used 15858K, committed 16256K, reserved 1048576K
}
Event: 17.775 GC heap before
{Heap before GC invocations=35 (full 0):
 garbage-first heap   total 249856K, used 199213K [0x0000000080000000, 0x0000000100000000)
  region size 1024K, 63 young (64512K), 2 survivors (2048K)
 Metaspace       used 117679K, committed 118592K, reserved 1179648K
  class space    used 16197K, committed 16640K, reserved 1048576K
}
Event: 17.790 GC heap after
{Heap after GC invocations=36 (full 0):
 garbage-first heap   total 249856K, used 146791K [0x0000000080000000, 0x0000000100000000)
  region size 1024K, 8 young (8192K), 8 survivors (8192K)
 Metaspace       used 117679K, committed 118592K, reserved 1179648K
  class space    used 16197K, committed 16640K, reserved 1048576K
}
Event: 18.035 GC heap before
{Heap before GC invocations=37 (full 0):
 garbage-first heap   total 295936K, used 201063K [0x0000000080000000, 0x0000000100000000)
  region size 1024K, 61 young (62464K), 8 survivors (8192K)
 Metaspace       used 117907K, committed 118784K, reserved 1179648K
  class space    used 16221K, committed 16640K, reserved 1048576K
}
Event: 18.075 GC heap after
{Heap after GC invocations=38 (full 0):
 garbage-first heap   total 355328K, used 157060K [0x0000000080000000, 0x0000000100000000)
  region size 1024K, 8 young (8192K), 8 survivors (8192K)
 Metaspace       used 117907K, committed 118784K, reserved 1179648K
  class space    used 16221K, committed 16640K, reserved 1048576K
}
Event: 18.111 GC heap before
{Heap before GC invocations=38 (full 0):
 garbage-first heap   total 355328K, used 166276K [0x0000000080000000, 0x0000000100000000)
  region size 1024K, 17 young (17408K), 8 survivors (8192K)
 Metaspace       used 118079K, committed 118976K, reserved 1179648K
  class space    used 16254K, committed 16704K, reserved 1048576K
}
Event: 18.121 GC heap after
{Heap after GC invocations=39 (full 0):
 garbage-first heap   total 355328K, used 158076K [0x0000000080000000, 0x0000000100000000)
  region size 1024K, 2 young (2048K), 2 survivors (2048K)
 Metaspace       used 118079K, committed 118976K, reserved 1179648K
  class space    used 16254K, committed 16704K, reserved 1048576K
}
Event: 18.548 GC heap before
{Heap before GC invocations=39 (full 0):
 garbage-first heap   total 355328K, used 270716K [0x0000000080000000, 0x0000000100000000)
  region size 1024K, 113 young (115712K), 2 survivors (2048K)
 Metaspace       used 121109K, committed 121984K, reserved 1179648K
  class space    used 16788K, committed 17216K, reserved 1048576K
}
Event: 18.564 GC heap after
{Heap after GC invocations=40 (full 0):
 garbage-first heap   total 355328K, used 174771K [0x0000000080000000, 0x0000000100000000)
  region size 1024K, 15 young (15360K), 15 survivors (15360K)
 Metaspace       used 121109K, committed 121984K, reserved 1179648K
  class space    used 16788K, committed 17216K, reserved 1048576K
}
Event: 18.699 GC heap before
{Heap before GC invocations=40 (full 0):
 garbage-first heap   total 355328K, used 277171K [0x0000000080000000, 0x0000000100000000)
  region size 1024K, 115 young (117760K), 15 survivors (15360K)
 Metaspace       used 122585K, committed 123456K, reserved 1179648K
  class space    used 17060K, committed 17472K, reserved 1048576K
}
Event: 18.720 GC heap after
{Heap after GC invocations=41 (full 0):
 garbage-first heap   total 355328K, used 190486K [0x0000000080000000, 0x0000000100000000)
  region size 1024K, 15 young (15360K), 15 survivors (15360K)
 Metaspace       used 122585K, committed 123456K, reserved 1179648K
  class space    used 17060K, committed 17472K, reserved 1048576K
}
Event: 19.093 GC heap before
{Heap before GC invocations=41 (full 0):
 garbage-first heap   total 355328K, used 281622K [0x0000000080000000, 0x0000000100000000)
  region size 1024K, 104 young (106496K), 15 survivors (15360K)
 Metaspace       used 126054K, committed 126976K, reserved 1179648K
  class space    used 17645K, committed 18112K, reserved 1048576K
}

