# JRE version: OpenJDK Runtime Environment (17.0.9) (build 17.0.9+0--11185874)
# Java VM: OpenJDK 64-Bit Server VM (17.0.9+0--11185874, mixed mode, tiered, compressed oops, compressed class ptrs, g1 gc, windows-amd64)
GC Precious Log:
 CPUs: 8 total, 8 available
 Memory: 7882M
 Large Page Support: Disabled
 NUMA Support: Disabled
 Compressed Oops: Enabled (32-bit)
 Heap Region Size: 1M
 Heap Min Capacity: 8M
 Heap Initial Capacity: 124M
 Heap Max Capacity: 2G
 Pre-touch: Disabled
 Parallel Workers: 8
 Concurrent Workers: 2
 Concurrent Refinement Workers: 8
 Periodic GC: Disabled
Heap:
 garbage-first heap   total 206848K, used 134103K [0x0000000080000000, 0x0000000100000000)
  region size 1024K, 6 young (6144K), 6 survivors (6144K)
 Metaspace       used 111151K, committed 111872K, reserved 1179648K
  class space    used 15345K, committed 15680K, reserved 1048576K
GC Heap History (20 events):
Event: 13.205 GC heap after
{Heap after GC invocations=46 (full 0):
 garbage-first heap   total 192512K, used 83429K [0x0000000080000000, 0x0000000100000000)
  region size 1024K, 2 young (2048K), 2 survivors (2048K)
 Metaspace       used 89520K, committed 90240K, reserved 1179648K
  class space    used 12327K, committed 12672K, reserved 1048576K
}
Event: 14.166 GC heap before
{Heap before GC invocations=47 (full 0):
 garbage-first heap   total 192512K, used 157157K [0x0000000080000000, 0x0000000100000000)
  region size 1024K, 74 young (75776K), 2 survivors (2048K)
 Metaspace       used 95185K, committed 95936K, reserved 1179648K
  class space    used 13229K, committed 13568K, reserved 1048576K
}
Event: 14.175 GC heap after
{Heap after GC invocations=48 (full 0):
 garbage-first heap   total 192512K, used 86824K [0x0000000080000000, 0x0000000100000000)
  region size 1024K, 6 young (6144K), 6 survivors (6144K)
 Metaspace       used 95185K, committed 95936K, reserved 1179648K
  class space    used 13229K, committed 13568K, reserved 1048576K
}
Event: 14.226 GC heap before
{Heap before GC invocations=48 (full 0):
 garbage-first heap   total 192512K, used 89896K [0x0000000080000000, 0x0000000100000000)
  region size 1024K, 9 young (9216K), 6 survivors (6144K)
 Metaspace       used 95405K, committed 96128K, reserved 1179648K
  class space    used 13258K, committed 13568K, reserved 1048576K
}
Event: 14.232 GC heap after
{Heap after GC invocations=49 (full 0):
 garbage-first heap   total 192512K, used 87266K [0x0000000080000000, 0x0000000100000000)
  region size 1024K, 1 young (1024K), 1 survivors (1024K)
 Metaspace       used 95405K, committed 96128K, reserved 1179648K
  class space    used 13258K, committed 13568K, reserved 1048576K
}
Event: 15.009 GC heap before
{Heap before GC invocations=49 (full 0):
 garbage-first heap   total 192512K, used 156898K [0x0000000080000000, 0x0000000100000000)
  region size 1024K, 70 young (71680K), 1 survivors (1024K)
 Metaspace       used 100803K, committed 101504K, reserved 1179648K
  class space    used 13902K, committed 14272K, reserved 1048576K
}
Event: 15.017 GC heap after
{Heap after GC invocations=50 (full 0):
 garbage-first heap   total 192512K, used 93450K [0x0000000080000000, 0x0000000100000000)
  region size 1024K, 7 young (7168K), 7 survivors (7168K)
 Metaspace       used 100803K, committed 101504K, reserved 1179648K
  class space    used 13902K, committed 14272K, reserved 1048576K
}
Event: 15.553 GC heap before
{Heap before GC invocations=51 (full 0):
 garbage-first heap   total 192512K, used 161034K [0x0000000080000000, 0x0000000100000000)
  region size 1024K, 69 young (70656K), 7 survivors (7168K)
 Metaspace       used 103593K, committed 104384K, reserved 1179648K
  class space    used 14312K, committed 14656K, reserved 1048576K
}
Event: 15.565 GC heap after
{Heap after GC invocations=52 (full 0):
 garbage-first heap   total 192512K, used 98352K [0x0000000080000000, 0x0000000100000000)
  region size 1024K, 5 young (5120K), 5 survivors (5120K)
 Metaspace       used 103593K, committed 104384K, reserved 1179648K
  class space    used 14312K, committed 14656K, reserved 1048576K
}
Event: 16.277 GC heap before
{Heap before GC invocations=52 (full 0):
 garbage-first heap   total 192512K, used 156720K [0x0000000080000000, 0x0000000100000000)
  region size 1024K, 63 young (64512K), 5 survivors (5120K)
 Metaspace       used 105033K, committed 105856K, reserved 1179648K
  class space    used 14480K, committed 14848K, reserved 1048576K
}
Event: 16.286 GC heap after
{Heap after GC invocations=53 (full 0):
 garbage-first heap   total 192512K, used 102765K [0x0000000080000000, 0x0000000100000000)
  region size 1024K, 5 young (5120K), 5 survivors (5120K)
 Metaspace       used 105033K, committed 105856K, reserved 1179648K
  class space    used 14480K, committed 14848K, reserved 1048576K
}
Event: 16.690 GC heap before
{Heap before GC invocations=54 (full 0):
 garbage-first heap   total 192512K, used 158061K [0x0000000080000000, 0x0000000100000000)
  region size 1024K, 60 young (61440K), 5 survivors (5120K)
 Metaspace       used 106609K, committed 107392K, reserved 1179648K
  class space    used 14697K, committed 15040K, reserved 1048576K
}
Event: 16.698 GC heap after
{Heap after GC invocations=55 (full 0):
 garbage-first heap   total 192512K, used 108544K [0x0000000080000000, 0x0000000100000000)
  region size 1024K, 8 young (8192K), 8 survivors (8192K)
 Metaspace       used 106609K, committed 107392K, reserved 1179648K
  class space    used 14697K, committed 15040K, reserved 1048576K
}
Event: 16.764 GC heap before
{Heap before GC invocations=55 (full 0):
 garbage-first heap   total 192512K, used 158720K [0x0000000080000000, 0x0000000100000000)
  region size 1024K, 58 young (59392K), 8 survivors (8192K)
 Metaspace       used 106973K, committed 107776K, reserved 1179648K
  class space    used 14740K, committed 15104K, reserved 1048576K
}
Event: 16.773 GC heap after
{Heap after GC invocations=56 (full 0):
 garbage-first heap   total 192512K, used 118635K [0x0000000080000000, 0x0000000100000000)
  region size 1024K, 8 young (8192K), 8 survivors (8192K)
 Metaspace       used 106973K, committed 107776K, reserved 1179648K
  class space    used 14740K, committed 15104K, reserved 1048576K
}
Event: 17.397 GC heap before
{Heap before GC invocations=57 (full 0):
 garbage-first heap   total 206848K, used 157547K [0x0000000080000000, 0x0000000100000000)
  region size 1024K, 47 young (48128K), 8 survivors (8192K)
 Metaspace       used 110619K, committed 111424K, reserved 1179648K
  class space    used 15295K, committed 15680K, reserved 1048576K
}
Event: 17.404 GC heap after
{Heap after GC invocations=58 (full 0):
 garbage-first heap   total 206848K, used 123099K [0x0000000080000000, 0x0000000100000000)
  region size 1024K, 4 young (4096K), 4 survivors (4096K)
 Metaspace       used 110619K, committed 111424K, reserved 1179648K
  class space    used 15295K, committed 15680K, reserved 1048576K
}
Event: 17.433 GC heap before
{Heap before GC invocations=58 (full 0):
 garbage-first heap   total 206848K, used 129243K [0x0000000080000000, 0x0000000100000000)
  region size 1024K, 10 young (10240K), 4 survivors (4096K)
 Metaspace       used 110694K, committed 111488K, reserved 1179648K
  class space    used 15296K, committed 15680K, reserved 1048576K
}
Event: 17.440 GC heap after
{Heap after GC invocations=59 (full 0):
 garbage-first heap   total 206848K, used 124326K [0x0000000080000000, 0x0000000100000000)
  region size 1024K, 2 young (2048K), 2 survivors (2048K)
 Metaspace       used 110694K, committed 111488K, reserved 1179648K
  class space    used 15296K, committed 15680K, reserved 1048576K
}
Event: 17.603 GC heap before
{Heap before GC invocations=59 (full 0):
 garbage-first heap   total 206848K, used 168358K [0x0000000080000000, 0x0000000100000000)
  region size 1024K, 47 young (48128K), 2 survivors (2048K)
 Metaspace       used 111151K, committed 111872K, reserved 1179648K
  class space    used 15345K, committed 15680K, reserved 1048576K
}

