# JRE version: OpenJDK Runtime Environment (17.0.9) (build 17.0.9+0--11185874)
# Java VM: OpenJDK 64-Bit Server VM (17.0.9+0--11185874, mixed mode, tiered, compressed oops, compressed class ptrs, g1 gc, windows-amd64)
GC Precious Log:
 CPUs: 8 total, 8 available
 Memory: 7882M
 Large Page Support: Disabled
 NUMA Support: Disabled
 Compressed Oops: Enabled (32-bit)
 Heap Region Size: 1M
 Heap Min Capacity: 8M
 Heap Initial Capacity: 124M
 Heap Max Capacity: 2G
 Pre-touch: Disabled
 Parallel Workers: 8
 Concurrent Workers: 2
 Concurrent Refinement Workers: 8
 Periodic GC: Disabled
Heap:
 garbage-first heap   total 162816K, used 98118K [0x0000000080000000, 0x0000000100000000)
  region size 1024K, 4 young (4096K), 4 survivors (4096K)
 Metaspace       used 103493K, committed 104256K, reserved 1179648K
  class space    used 14287K, committed 14656K, reserved 1048576K
GC Heap History (20 events):
Event: 11.681 GC heap after
{Heap after GC invocations=27 (full 0):
 garbage-first heap   total 161792K, used 80580K [0x0000000080000000, 0x0000000100000000)
  region size 1024K, 6 young (6144K), 6 survivors (6144K)
 Metaspace       used 82572K, committed 83200K, reserved 1179648K
  class space    used 11133K, committed 11456K, reserved 1048576K
}
Event: 11.863 GC heap before
{Heap before GC invocations=27 (full 0):
 garbage-first heap   total 161792K, used 99012K [0x0000000080000000, 0x0000000100000000)
  region size 1024K, 25 young (25600K), 6 survivors (6144K)
 Metaspace       used 83765K, committed 84480K, reserved 1179648K
  class space    used 11309K, committed 11648K, reserved 1048576K
}
Event: 11.869 GC heap after
{Heap after GC invocations=28 (full 0):
 garbage-first heap   total 161792K, used 81663K [0x0000000080000000, 0x0000000100000000)
  region size 1024K, 4 young (4096K), 4 survivors (4096K)
 Metaspace       used 83765K, committed 84480K, reserved 1179648K
  class space    used 11309K, committed 11648K, reserved 1048576K
}
Event: 12.628 GC heap before
{Heap before GC invocations=29 (full 0):
 garbage-first heap   total 161792K, used 131839K [0x0000000080000000, 0x0000000100000000)
  region size 1024K, 52 young (53248K), 4 survivors (4096K)
 Metaspace       used 87102K, committed 87744K, reserved 1179648K
  class space    used 11978K, committed 12288K, reserved 1048576K
}
Event: 12.633 GC heap after
{Heap after GC invocations=30 (full 0):
 garbage-first heap   total 161792K, used 83117K [0x0000000080000000, 0x0000000100000000)
  region size 1024K, 3 young (3072K), 3 survivors (3072K)
 Metaspace       used 87102K, committed 87744K, reserved 1179648K
  class space    used 11978K, committed 12288K, reserved 1048576K
}
Event: 12.710 GC heap before
{Heap before GC invocations=30 (full 0):
 garbage-first heap   total 161792K, used 87213K [0x0000000080000000, 0x0000000100000000)
  region size 1024K, 7 young (7168K), 3 survivors (3072K)
 Metaspace       used 87383K, committed 88064K, reserved 1179648K
  class space    used 12030K, committed 12352K, reserved 1048576K
}
Event: 12.713 GC heap after
{Heap after GC invocations=31 (full 0):
 garbage-first heap   total 161792K, used 82808K [0x0000000080000000, 0x0000000100000000)
  region size 1024K, 1 young (1024K), 1 survivors (1024K)
 Metaspace       used 87383K, committed 88064K, reserved 1179648K
  class space    used 12030K, committed 12352K, reserved 1048576K
}
Event: 13.726 GC heap before
{Heap before GC invocations=31 (full 0):
 garbage-first heap   total 161792K, used 132984K [0x0000000080000000, 0x0000000100000000)
  region size 1024K, 50 young (51200K), 1 survivors (1024K)
 Metaspace       used 90985K, committed 91712K, reserved 1179648K
  class space    used 12577K, committed 12928K, reserved 1048576K
}
Event: 13.729 GC heap after
{Heap after GC invocations=32 (full 0):
 garbage-first heap   total 161792K, used 84651K [0x0000000080000000, 0x0000000100000000)
  region size 1024K, 3 young (3072K), 3 survivors (3072K)
 Metaspace       used 90985K, committed 91712K, reserved 1179648K
  class space    used 12577K, committed 12928K, reserved 1048576K
}
Event: 14.316 GC heap before
{Heap before GC invocations=33 (full 0):
 garbage-first heap   total 161792K, used 133803K [0x0000000080000000, 0x0000000100000000)
  region size 1024K, 51 young (52224K), 3 survivors (3072K)
 Metaspace       used 94804K, committed 95552K, reserved 1179648K
  class space    used 13151K, committed 13504K, reserved 1048576K
}
Event: 14.329 GC heap after
{Heap after GC invocations=34 (full 0):
 garbage-first heap   total 161792K, used 87280K [0x0000000080000000, 0x0000000100000000)
  region size 1024K, 5 young (5120K), 5 survivors (5120K)
 Metaspace       used 94804K, committed 95552K, reserved 1179648K
  class space    used 13151K, committed 13504K, reserved 1048576K
}
Event: 14.353 GC heap before
{Heap before GC invocations=34 (full 0):
 garbage-first heap   total 161792K, used 89328K [0x0000000080000000, 0x0000000100000000)
  region size 1024K, 7 young (7168K), 5 survivors (5120K)
 Metaspace       used 94943K, committed 95680K, reserved 1179648K
  class space    used 13179K, committed 13504K, reserved 1048576K
}
Event: 14.359 GC heap after
{Heap after GC invocations=35 (full 0):
 garbage-first heap   total 161792K, used 87332K [0x0000000080000000, 0x0000000100000000)
  region size 1024K, 1 young (1024K), 1 survivors (1024K)
 Metaspace       used 94943K, committed 95680K, reserved 1179648K
  class space    used 13179K, committed 13504K, reserved 1048576K
}
Event: 14.903 GC heap before
{Heap before GC invocations=35 (full 0):
 garbage-first heap   total 161792K, used 133412K [0x0000000080000000, 0x0000000100000000)
  region size 1024K, 47 young (48128K), 1 survivors (1024K)
 Metaspace       used 98829K, committed 99584K, reserved 1179648K
  class space    used 13690K, committed 14016K, reserved 1048576K
}
Event: 14.907 GC heap after
{Heap after GC invocations=36 (full 0):
 garbage-first heap   total 161792K, used 89865K [0x0000000080000000, 0x0000000100000000)
  region size 1024K, 4 young (4096K), 4 survivors (4096K)
 Metaspace       used 98829K, committed 99584K, reserved 1179648K
  class space    used 13690K, committed 14016K, reserved 1048576K
}
Event: 15.385 GC heap before
{Heap before GC invocations=37 (full 0):
 garbage-first heap   total 162816K, used 137993K [0x0000000080000000, 0x0000000100000000)
  region size 1024K, 47 young (48128K), 4 survivors (4096K)
 Metaspace       used 102608K, committed 103360K, reserved 1179648K
  class space    used 14127K, committed 14464K, reserved 1048576K
}
Event: 15.393 GC heap after
{Heap after GC invocations=38 (full 0):
 garbage-first heap   total 162816K, used 94645K [0x0000000080000000, 0x0000000100000000)
  region size 1024K, 6 young (6144K), 6 survivors (6144K)
 Metaspace       used 102608K, committed 103360K, reserved 1179648K
  class space    used 14127K, committed 14464K, reserved 1048576K
}
Event: 15.422 GC heap before
{Heap before GC invocations=38 (full 0):
 garbage-first heap   total 162816K, used 95669K [0x0000000080000000, 0x0000000100000000)
  region size 1024K, 7 young (7168K), 6 survivors (6144K)
 Metaspace       used 102662K, committed 103488K, reserved 1179648K
  class space    used 14138K, committed 14528K, reserved 1048576K
}
Event: 15.427 GC heap after
{Heap after GC invocations=39 (full 0):
 garbage-first heap   total 162816K, used 95538K [0x0000000080000000, 0x0000000100000000)
  region size 1024K, 1 young (1024K), 1 survivors (1024K)
 Metaspace       used 102662K, committed 103488K, reserved 1179648K
  class space    used 14138K, committed 14528K, reserved 1048576K
}
Event: 15.829 GC heap before
{Heap before GC invocations=39 (full 0):
 garbage-first heap   total 162816K, used 134450K [0x0000000080000000, 0x0000000100000000)
  region size 1024K, 40 young (40960K), 1 survivors (1024K)
 Metaspace       used 103493K, committed 104256K, reserved 1179648K
  class space    used 14287K, committed 14656K, reserved 1048576K
}

