# JRE version: OpenJDK Runtime Environment (17.0.9) (build 17.0.9+0--11185874)
# Java VM: OpenJDK 64-Bit Server VM (17.0.9+0--11185874, mixed mode, tiered, compressed oops, compressed class ptrs, g1 gc, windows-amd64)
GC Precious Log:
 CPUs: 8 total, 8 available
 Memory: 7882M
 Large Page Support: Disabled
 NUMA Support: Disabled
 Compressed Oops: Enabled (32-bit)
 Heap Region Size: 1M
 Heap Min Capacity: 8M
 Heap Initial Capacity: 124M
 Heap Max Capacity: 1G
 Pre-touch: Disabled
 Parallel Workers: 8
 Concurrent Workers: 2
 Concurrent Refinement Workers: 8
 Periodic GC: Disabled
Heap:
 garbage-first heap   total 305152K, used 243697K [0x00000000c0000000, 0x0000000100000000)
  region size 1024K, 1 young (1024K), 1 survivors (1024K)
 Metaspace       used 118330K, committed 119104K, reserved 1179648K
  class space    used 16395K, committed 16768K, reserved 1048576K
GC Heap History (20 events):
Event: 14.528 GC heap after
{Heap after GC invocations=55 (full 0):
 garbage-first heap   total 186368K, used 118773K [0x00000000c0000000, 0x0000000100000000)
  region size 1024K, 1 young (1024K), 1 survivors (1024K)
 Metaspace       used 106151K, committed 106944K, reserved 1179648K
  class space    used 14624K, committed 14976K, reserved 1048576K
}
Event: 14.882 GC heap before
{Heap before GC invocations=55 (full 0):
 garbage-first heap   total 186368K, used 164853K [0x00000000c0000000, 0x0000000100000000)
  region size 1024K, 30 young (30720K), 1 survivors (1024K)
 Metaspace       used 107781K, committed 108544K, reserved 1179648K
  class space    used 14801K, committed 15168K, reserved 1048576K
}
Event: 14.887 GC heap after
{Heap after GC invocations=56 (full 0):
 garbage-first heap   total 186368K, used 121646K [0x00000000c0000000, 0x0000000100000000)
  region size 1024K, 4 young (4096K), 4 survivors (4096K)
 Metaspace       used 107781K, committed 108544K, reserved 1179648K
  class space    used 14801K, committed 15168K, reserved 1048576K
}
Event: 15.120 GC heap before
{Heap before GC invocations=56 (full 0):
 garbage-first heap   total 186368K, used 149294K [0x00000000c0000000, 0x0000000100000000)
  region size 1024K, 32 young (32768K), 4 survivors (4096K)
 Metaspace       used 108879K, committed 109696K, reserved 1179648K
  class space    used 14924K, committed 15360K, reserved 1048576K
}
Event: 15.127 GC heap after
{Heap after GC invocations=57 (full 0):
 garbage-first heap   total 186368K, used 123804K [0x00000000c0000000, 0x0000000100000000)
  region size 1024K, 3 young (3072K), 3 survivors (3072K)
 Metaspace       used 108879K, committed 109696K, reserved 1179648K
  class space    used 14924K, committed 15360K, reserved 1048576K
}
Event: 15.273 GC heap before
{Heap before GC invocations=57 (full 0):
 garbage-first heap   total 186368K, used 150428K [0x00000000c0000000, 0x0000000100000000)
  region size 1024K, 30 young (30720K), 3 survivors (3072K)
 Metaspace       used 109198K, committed 110080K, reserved 1179648K
  class space    used 14945K, committed 15360K, reserved 1048576K
}
Event: 15.279 GC heap after
{Heap after GC invocations=58 (full 0):
 garbage-first heap   total 305152K, used 125349K [0x00000000c0000000, 0x0000000100000000)
  region size 1024K, 4 young (4096K), 4 survivors (4096K)
 Metaspace       used 109198K, committed 110080K, reserved 1179648K
  class space    used 14945K, committed 15360K, reserved 1048576K
}
Event: 16.202 GC heap before
{Heap before GC invocations=58 (full 0):
 garbage-first heap   total 305152K, used 237989K [0x00000000c0000000, 0x0000000100000000)
  region size 1024K, 95 young (97280K), 4 survivors (4096K)
 Metaspace       used 113885K, committed 114688K, reserved 1179648K
  class space    used 15598K, committed 16000K, reserved 1048576K
}
Event: 16.214 GC heap after
{Heap after GC invocations=59 (full 0):
 garbage-first heap   total 305152K, used 149944K [0x00000000c0000000, 0x0000000100000000)
  region size 1024K, 12 young (12288K), 12 survivors (12288K)
 Metaspace       used 113885K, committed 114688K, reserved 1179648K
  class space    used 15598K, committed 16000K, reserved 1048576K
}
Event: 17.102 GC heap before
{Heap before GC invocations=59 (full 0):
 garbage-first heap   total 305152K, used 256440K [0x00000000c0000000, 0x0000000100000000)
  region size 1024K, 96 young (98304K), 12 survivors (12288K)
 Metaspace       used 116808K, committed 117632K, reserved 1179648K
  class space    used 16222K, committed 16640K, reserved 1048576K
}
Event: 17.137 GC heap after
{Heap after GC invocations=60 (full 0):
 garbage-first heap   total 305152K, used 186457K [0x00000000c0000000, 0x0000000100000000)
  region size 1024K, 12 young (12288K), 12 survivors (12288K)
 Metaspace       used 116808K, committed 117632K, reserved 1179648K
  class space    used 16222K, committed 16640K, reserved 1048576K
}
Event: 17.266 GC heap before
{Heap before GC invocations=60 (full 0):
 garbage-first heap   total 305152K, used 238681K [0x00000000c0000000, 0x0000000100000000)
  region size 1024K, 64 young (65536K), 12 survivors (12288K)
 Metaspace       used 117066K, committed 117888K, reserved 1179648K
  class space    used 16232K, committed 16640K, reserved 1048576K
}
Event: 17.295 GC heap after
{Heap after GC invocations=61 (full 0):
 garbage-first heap   total 305152K, used 212725K [0x00000000c0000000, 0x0000000100000000)
  region size 1024K, 8 young (8192K), 8 survivors (8192K)
 Metaspace       used 117066K, committed 117888K, reserved 1179648K
  class space    used 16232K, committed 16640K, reserved 1048576K
}
Event: 17.366 GC heap before
{Heap before GC invocations=61 (full 0):
 garbage-first heap   total 305152K, used 244469K [0x00000000c0000000, 0x0000000100000000)
  region size 1024K, 39 young (39936K), 8 survivors (8192K)
 Metaspace       used 117090K, committed 117952K, reserved 1179648K
  class space    used 16233K, committed 16640K, reserved 1048576K
}
Event: 17.386 GC heap after
{Heap after GC invocations=62 (full 0):
 garbage-first heap   total 305152K, used 228864K [0x00000000c0000000, 0x0000000100000000)
  region size 1024K, 5 young (5120K), 5 survivors (5120K)
 Metaspace       used 117090K, committed 117952K, reserved 1179648K
  class space    used 16233K, committed 16640K, reserved 1048576K
}
Event: 17.439 GC heap before
{Heap before GC invocations=62 (full 0):
 garbage-first heap   total 305152K, used 249344K [0x00000000c0000000, 0x0000000100000000)
  region size 1024K, 26 young (26624K), 5 survivors (5120K)
 Metaspace       used 117287K, committed 118144K, reserved 1179648K
  class space    used 16252K, committed 16640K, reserved 1048576K
}
Event: 17.454 GC heap after
{Heap after GC invocations=63 (full 0):
 garbage-first heap   total 305152K, used 238592K [0x00000000c0000000, 0x0000000100000000)
  region size 1024K, 4 young (4096K), 4 survivors (4096K)
 Metaspace       used 117287K, committed 118144K, reserved 1179648K
  class space    used 16252K, committed 16640K, reserved 1048576K
}
Event: 17.512 GC heap before
{Heap before GC invocations=63 (full 0):
 garbage-first heap   total 305152K, used 254976K [0x00000000c0000000, 0x0000000100000000)
  region size 1024K, 21 young (21504K), 4 survivors (4096K)
 Metaspace       used 117608K, committed 118464K, reserved 1179648K
  class space    used 16284K, committed 16704K, reserved 1048576K
}
Event: 17.520 GC heap after
{Heap after GC invocations=64 (full 0):
 garbage-first heap   total 305152K, used 242540K [0x00000000c0000000, 0x0000000100000000)
  region size 1024K, 3 young (3072K), 3 survivors (3072K)
 Metaspace       used 117608K, committed 118464K, reserved 1179648K
  class space    used 16284K, committed 16704K, reserved 1048576K
}
Event: 17.635 GC heap before
{Heap before GC invocations=64 (full 0):
 garbage-first heap   total 305152K, used 257900K [0x00000000c0000000, 0x0000000100000000)
  region size 1024K, 19 young (19456K), 3 survivors (3072K)
 Metaspace       used 118330K, committed 119104K, reserved 1179648K
  class space    used 16395K, committed 16768K, reserved 1048576K
}

