# JRE version: OpenJDK Runtime Environment (17.0.9) (build 17.0.9+0--11185874)
# Java VM: OpenJDK 64-Bit Server VM (17.0.9+0--11185874, mixed mode, tiered, compressed oops, compressed class ptrs, g1 gc, windows-amd64)
GC Precious Log:
 CPUs: 8 total, 8 available
 Memory: 7882M
 Large Page Support: Disabled
 NUMA Support: Disabled
 Compressed Oops: Enabled (32-bit)
 Heap Region Size: 1M
 Heap Min Capacity: 8M
 Heap Initial Capacity: 124M
 Heap Max Capacity: 1G
 Pre-touch: Disabled
 Parallel Workers: 8
 Concurrent Workers: 2
 Concurrent Refinement Workers: 8
 Periodic GC: Disabled
Heap:
 garbage-first heap   total 411648K, used 278157K [0x00000000c0000000, 0x0000000100000000)
  region size 1024K, 49 young (50176K), 1 survivors (1024K)
 Metaspace       used 132124K, committed 133056K, reserved 1179648K
  class space    used 17786K, committed 18240K, reserved 1048576K
GC Heap History (20 events):
Event: 58.265 GC heap before
{Heap before GC invocations=66 (full 0):
 garbage-first heap   total 325632K, used 128691K [0x00000000c0000000, 0x0000000100000000)
  region size 1024K, 22 young (22528K), 21 survivors (21504K)
 Metaspace       used 111972K, committed 112832K, reserved 1179648K
  class space    used 15079K, committed 15488K, reserved 1048576K
}
Event: 58.296 GC heap after
{Heap after GC invocations=67 (full 0):
 garbage-first heap   total 325632K, used 128213K [0x00000000c0000000, 0x0000000100000000)
  region size 1024K, 2 young (2048K), 2 survivors (2048K)
 Metaspace       used 111972K, committed 112832K, reserved 1179648K
  class space    used 15079K, committed 15488K, reserved 1048576K
}
Event: 62.781 GC heap before
{Heap before GC invocations=67 (full 0):
 garbage-first heap   total 325632K, used 265429K [0x00000000c0000000, 0x0000000100000000)
  region size 1024K, 112 young (114688K), 2 survivors (2048K)
 Metaspace       used 113844K, committed 114752K, reserved 1179648K
  class space    used 15244K, committed 15680K, reserved 1048576K
}
Event: 62.799 GC heap after
{Heap after GC invocations=68 (full 0):
 garbage-first heap   total 325632K, used 144186K [0x00000000c0000000, 0x0000000100000000)
  region size 1024K, 14 young (14336K), 14 survivors (14336K)
 Metaspace       used 113844K, committed 114752K, reserved 1179648K
  class space    used 15244K, committed 15680K, reserved 1048576K
}
Event: 63.665 GC heap before
{Heap before GC invocations=68 (full 0):
 garbage-first heap   total 325632K, used 247610K [0x00000000c0000000, 0x0000000100000000)
  region size 1024K, 116 young (118784K), 14 survivors (14336K)
 Metaspace       used 117197K, committed 118080K, reserved 1179648K
  class space    used 15564K, committed 16000K, reserved 1048576K
}
Event: 63.681 GC heap after
{Heap after GC invocations=69 (full 0):
 garbage-first heap   total 325632K, used 148080K [0x00000000c0000000, 0x0000000100000000)
  region size 1024K, 7 young (7168K), 7 survivors (7168K)
 Metaspace       used 117197K, committed 118080K, reserved 1179648K
  class space    used 15564K, committed 16000K, reserved 1048576K
}
Event: 66.002 GC heap before
{Heap before GC invocations=69 (full 0):
 garbage-first heap   total 325632K, used 253552K [0x00000000c0000000, 0x0000000100000000)
  region size 1024K, 111 young (113664K), 7 survivors (7168K)
 Metaspace       used 119989K, committed 120832K, reserved 1179648K
  class space    used 15891K, committed 16320K, reserved 1048576K
}
Event: 66.015 GC heap after
{Heap after GC invocations=70 (full 0):
 garbage-first heap   total 325632K, used 151291K [0x00000000c0000000, 0x0000000100000000)
  region size 1024K, 10 young (10240K), 10 survivors (10240K)
 Metaspace       used 119989K, committed 120832K, reserved 1179648K
  class space    used 15891K, committed 16320K, reserved 1048576K
}
Event: 68.047 GC heap before
{Heap before GC invocations=70 (full 0):
 garbage-first heap   total 325632K, used 275195K [0x00000000c0000000, 0x0000000100000000)
  region size 1024K, 102 young (104448K), 10 survivors (10240K)
 Metaspace       used 124435K, committed 125312K, reserved 1179648K
  class space    used 16485K, committed 16896K, reserved 1048576K
}
Event: 68.061 GC heap after
{Heap after GC invocations=71 (full 0):
 garbage-first heap   total 325632K, used 182101K [0x00000000c0000000, 0x0000000100000000)
  region size 1024K, 15 young (15360K), 15 survivors (15360K)
 Metaspace       used 124435K, committed 125312K, reserved 1179648K
  class space    used 16485K, committed 16896K, reserved 1048576K
}
Event: 70.004 GC heap before
{Heap before GC invocations=71 (full 0):
 garbage-first heap   total 325632K, used 276309K [0x00000000c0000000, 0x0000000100000000)
  region size 1024K, 98 young (100352K), 15 survivors (15360K)
 Metaspace       used 127403K, committed 128384K, reserved 1179648K
  class space    used 17116K, committed 17600K, reserved 1048576K
}
Event: 70.043 GC heap after
{Heap after GC invocations=72 (full 0):
 garbage-first heap   total 325632K, used 213432K [0x00000000c0000000, 0x0000000100000000)
  region size 1024K, 13 young (13312K), 13 survivors (13312K)
 Metaspace       used 127403K, committed 128384K, reserved 1179648K
  class space    used 17116K, committed 17600K, reserved 1048576K
}
Event: 70.246 GC heap before
{Heap before GC invocations=72 (full 0):
 garbage-first heap   total 325632K, used 261560K [0x00000000c0000000, 0x0000000100000000)
  region size 1024K, 61 young (62464K), 13 survivors (13312K)
 Metaspace       used 127562K, committed 128512K, reserved 1179648K
  class space    used 17121K, committed 17600K, reserved 1048576K
}
Event: 70.284 GC heap after
{Heap after GC invocations=73 (full 0):
 garbage-first heap   total 325632K, used 238932K [0x00000000c0000000, 0x0000000100000000)
  region size 1024K, 8 young (8192K), 8 survivors (8192K)
 Metaspace       used 127562K, committed 128512K, reserved 1179648K
  class space    used 17121K, committed 17600K, reserved 1048576K
}
Event: 70.473 GC heap before
{Heap before GC invocations=73 (full 0):
 garbage-first heap   total 325632K, used 265556K [0x00000000c0000000, 0x0000000100000000)
  region size 1024K, 35 young (35840K), 8 survivors (8192K)
 Metaspace       used 127566K, committed 128512K, reserved 1179648K
  class space    used 17121K, committed 17600K, reserved 1048576K
}
Event: 70.491 GC heap after
{Heap after GC invocations=74 (full 0):
 garbage-first heap   total 325632K, used 254890K [0x00000000c0000000, 0x0000000100000000)
  region size 1024K, 5 young (5120K), 5 survivors (5120K)
 Metaspace       used 127566K, committed 128512K, reserved 1179648K
  class space    used 17121K, committed 17600K, reserved 1048576K
}
Event: 71.566 GC heap before
{Heap before GC invocations=75 (full 0):
 garbage-first heap   total 411648K, used 261034K [0x00000000c0000000, 0x0000000100000000)
  region size 1024K, 22 young (22528K), 5 survivors (5120K)
 Metaspace       used 129084K, committed 130048K, reserved 1179648K
  class space    used 17354K, committed 17856K, reserved 1048576K
}
Event: 71.576 GC heap after
{Heap after GC invocations=76 (full 0):
 garbage-first heap   total 411648K, used 248897K [0x00000000c0000000, 0x0000000100000000)
  region size 1024K, 3 young (3072K), 3 survivors (3072K)
 Metaspace       used 129084K, committed 130048K, reserved 1179648K
  class space    used 17354K, committed 17856K, reserved 1048576K
}
Event: 71.895 GC heap before
{Heap before GC invocations=76 (full 0):
 garbage-first heap   total 411648K, used 265281K [0x00000000c0000000, 0x0000000100000000)
  region size 1024K, 20 young (20480K), 3 survivors (3072K)
 Metaspace       used 130697K, committed 131712K, reserved 1179648K
  class space    used 17568K, committed 18048K, reserved 1048576K
}
Event: 71.903 GC heap after
{Heap after GC invocations=77 (full 0):
 garbage-first heap   total 411648K, used 231053K [0x00000000c0000000, 0x0000000100000000)
  region size 1024K, 1 young (1024K), 1 survivors (1024K)
 Metaspace       used 130697K, committed 131712K, reserved 1179648K
  class space    used 17568K, committed 18048K, reserved 1048576K
}

