# JRE version: OpenJDK Runtime Environment (17.0.9) (build 17.0.9+0--11185874)
# Java VM: OpenJDK 64-Bit Server VM (17.0.9+0--11185874, mixed mode, tiered, compressed oops, compressed class ptrs, g1 gc, windows-amd64)
GC Precious Log:
 CPUs: 8 total, 8 available
 Memory: 7882M
 Large Page Support: Disabled
 NUMA Support: Disabled
 Compressed Oops: Enabled (32-bit)
 Heap Region Size: 1M
 Heap Min Capacity: 8M
 Heap Initial Capacity: 124M
 Heap Max Capacity: 1G
 Pre-touch: Disabled
 Parallel Workers: 8
 Concurrent Workers: 2
 Concurrent Refinement Workers: 8
 Periodic GC: Disabled
Heap:
 garbage-first heap   total 86016K, used 54308K [0x00000000c0000000, 0x0000000100000000)
  region size 1024K, 25 young (25600K), 4 survivors (4096K)
 Metaspace       used 55092K, committed 55552K, reserved 1114112K
  class space    used 7593K, committed 7808K, reserved 1048576K
GC Heap History (20 events):
Event: 1.124 GC heap before
{Heap before GC invocations=1 (full 0):
 garbage-first heap   total 126976K, used 38304K [0x00000000c0000000, 0x0000000100000000)
  region size 1024K, 30 young (30720K), 3 survivors (3072K)
 Metaspace       used 11478K, committed 11648K, reserved 1114112K
  class space    used 1199K, committed 1280K, reserved 1048576K
}
Event: 1.141 GC heap after
{Heap after GC invocations=2 (full 0):
 garbage-first heap   total 126976K, used 12191K [0x00000000c0000000, 0x0000000100000000)
  region size 1024K, 2 young (2048K), 2 survivors (2048K)
 Metaspace       used 11478K, committed 11648K, reserved 1114112K
  class space    used 1199K, committed 1280K, reserved 1048576K
}
Event: 2.584 GC heap before
{Heap before GC invocations=2 (full 0):
 garbage-first heap   total 126976K, used 58271K [0x00000000c0000000, 0x0000000100000000)
  region size 1024K, 48 young (49152K), 2 survivors (2048K)
 Metaspace       used 21332K, committed 21504K, reserved 1114112K
  class space    used 2521K, committed 2624K, reserved 1048576K
}
Event: 2.592 GC heap after
{Heap after GC invocations=3 (full 0):
 garbage-first heap   total 126976K, used 18997K [0x00000000c0000000, 0x0000000100000000)
  region size 1024K, 9 young (9216K), 9 survivors (9216K)
 Metaspace       used 21332K, committed 21504K, reserved 1114112K
  class space    used 2521K, committed 2624K, reserved 1048576K
}
Event: 3.178 GC heap before
{Heap before GC invocations=4 (full 0):
 garbage-first heap   total 71680K, used 52789K [0x00000000c0000000, 0x0000000100000000)
  region size 1024K, 42 young (43008K), 9 survivors (9216K)
 Metaspace       used 26586K, committed 26816K, reserved 1114112K
  class space    used 3431K, committed 3520K, reserved 1048576K
}
Event: 3.190 GC heap after
{Heap after GC invocations=5 (full 0):
 garbage-first heap   total 71680K, used 20921K [0x00000000c0000000, 0x0000000100000000)
  region size 1024K, 3 young (3072K), 3 survivors (3072K)
 Metaspace       used 26586K, committed 26816K, reserved 1114112K
  class space    used 3431K, committed 3520K, reserved 1048576K
}
Event: 3.661 GC heap before
{Heap before GC invocations=5 (full 0):
 garbage-first heap   total 71680K, used 48569K [0x00000000c0000000, 0x0000000100000000)
  region size 1024K, 31 young (31744K), 3 survivors (3072K)
 Metaspace       used 30538K, committed 30848K, reserved 1114112K
  class space    used 4072K, committed 4224K, reserved 1048576K
}
Event: 3.665 GC heap after
{Heap after GC invocations=6 (full 0):
 garbage-first heap   total 71680K, used 22245K [0x00000000c0000000, 0x0000000100000000)
  region size 1024K, 4 young (4096K), 4 survivors (4096K)
 Metaspace       used 30538K, committed 30848K, reserved 1114112K
  class space    used 4072K, committed 4224K, reserved 1048576K
}
Event: 4.157 GC heap before
{Heap before GC invocations=6 (full 0):
 garbage-first heap   total 71680K, used 51941K [0x00000000c0000000, 0x0000000100000000)
  region size 1024K, 33 young (33792K), 4 survivors (4096K)
 Metaspace       used 34119K, committed 34432K, reserved 1114112K
  class space    used 4659K, committed 4800K, reserved 1048576K
}
Event: 4.162 GC heap after
{Heap after GC invocations=7 (full 0):
 garbage-first heap   total 71680K, used 23542K [0x00000000c0000000, 0x0000000100000000)
  region size 1024K, 3 young (3072K), 3 survivors (3072K)
 Metaspace       used 34119K, committed 34432K, reserved 1114112K
  class space    used 4659K, committed 4800K, reserved 1048576K
}
Event: 4.303 GC heap before
{Heap before GC invocations=7 (full 0):
 garbage-first heap   total 71680K, used 30710K [0x00000000c0000000, 0x0000000100000000)
  region size 1024K, 12 young (12288K), 3 survivors (3072K)
 Metaspace       used 35742K, committed 36096K, reserved 1114112K
  class space    used 4878K, committed 5056K, reserved 1048576K
}
Event: 4.306 GC heap after
{Heap after GC invocations=8 (full 0):
 garbage-first heap   total 71680K, used 23760K [0x00000000c0000000, 0x0000000100000000)
  region size 1024K, 2 young (2048K), 2 survivors (2048K)
 Metaspace       used 35742K, committed 36096K, reserved 1114112K
  class space    used 4878K, committed 5056K, reserved 1048576K
}
Event: 4.743 GC heap before
{Heap before GC invocations=9 (full 0):
 garbage-first heap   total 71680K, used 53456K [0x00000000c0000000, 0x0000000100000000)
  region size 1024K, 32 young (32768K), 2 survivors (2048K)
 Metaspace       used 40963K, committed 41280K, reserved 1114112K
  class space    used 5423K, committed 5568K, reserved 1048576K
}
Event: 4.748 GC heap after
{Heap after GC invocations=10 (full 0):
 garbage-first heap   total 86016K, used 27744K [0x00000000c0000000, 0x0000000100000000)
  region size 1024K, 4 young (4096K), 4 survivors (4096K)
 Metaspace       used 40963K, committed 41280K, reserved 1114112K
  class space    used 5423K, committed 5568K, reserved 1048576K
}
Event: 5.192 GC heap before
{Heap before GC invocations=10 (full 0):
 garbage-first heap   total 86016K, used 66656K [0x00000000c0000000, 0x0000000100000000)
  region size 1024K, 40 young (40960K), 4 survivors (4096K)
 Metaspace       used 44056K, committed 44416K, reserved 1114112K
  class space    used 5842K, committed 6016K, reserved 1048576K
}
Event: 5.198 GC heap after
{Heap after GC invocations=11 (full 0):
 garbage-first heap   total 86016K, used 30638K [0x00000000c0000000, 0x0000000100000000)
  region size 1024K, 3 young (3072K), 3 survivors (3072K)
 Metaspace       used 44056K, committed 44416K, reserved 1114112K
  class space    used 5842K, committed 6016K, reserved 1048576K
}
Event: 5.823 GC heap before
{Heap before GC invocations=11 (full 0):
 garbage-first heap   total 86016K, used 65454K [0x00000000c0000000, 0x0000000100000000)
  region size 1024K, 37 young (37888K), 3 survivors (3072K)
 Metaspace       used 48257K, committed 48768K, reserved 1114112K
  class space    used 6503K, committed 6720K, reserved 1048576K
}
Event: 5.830 GC heap after
{Heap after GC invocations=12 (full 0):
 garbage-first heap   total 86016K, used 32159K [0x00000000c0000000, 0x0000000100000000)
  region size 1024K, 5 young (5120K), 5 survivors (5120K)
 Metaspace       used 48257K, committed 48768K, reserved 1114112K
  class space    used 6503K, committed 6720K, reserved 1048576K
}
Event: 6.599 GC heap before
{Heap before GC invocations=12 (full 0):
 garbage-first heap   total 86016K, used 65951K [0x00000000c0000000, 0x0000000100000000)
  region size 1024K, 38 young (38912K), 5 survivors (5120K)
 Metaspace       used 52785K, committed 53248K, reserved 1114112K
  class space    used 7244K, committed 7424K, reserved 1048576K
}
Event: 6.605 GC heap after
{Heap after GC invocations=13 (full 0):
 garbage-first heap   total 86016K, used 33828K [0x00000000c0000000, 0x0000000100000000)
  region size 1024K, 4 young (4096K), 4 survivors (4096K)
 Metaspace       used 52785K, committed 53248K, reserved 1114112K
  class space    used 7244K, committed 7424K, reserved 1048576K
}

