# JRE version: OpenJDK Runtime Environment (17.0.9) (build 17.0.9+0--11185874)
# Java VM: OpenJDK 64-Bit Server VM (17.0.9+0--11185874, mixed mode, tiered, compressed oops, compressed class ptrs, g1 gc, windows-amd64)
GC Precious Log:
 CPUs: 8 total, 8 available
 Memory: 7882M
 Large Page Support: Disabled
 NUMA Support: Disabled
 Compressed Oops: Enabled (32-bit)
 Heap Region Size: 1M
 Heap Min Capacity: 8M
 Heap Initial Capacity: 124M
 Heap Max Capacity: 1G
 Pre-touch: Disabled
 Parallel Workers: 8
 Concurrent Workers: 2
 Concurrent Refinement Workers: 8
 Periodic GC: Disabled
Heap:
 garbage-first heap   total 333824K, used 226814K [0x00000000c0000000, 0x0000000100000000)
  region size 1024K, 7 young (7168K), 7 survivors (7168K)
 Metaspace       used 120346K, committed 121152K, reserved 1179648K
  class space    used 16769K, committed 17216K, reserved 1048576K
GC Heap History (20 events):
Event: 16.229 GC heap after
{Heap after GC invocations=56 (full 0):
 garbage-first heap   total 214016K, used 147706K [0x00000000c0000000, 0x0000000100000000)
  region size 1024K, 6 young (6144K), 6 survivors (6144K)
 Metaspace       used 109758K, committed 110464K, reserved 1179648K
  class space    used 15152K, committed 15488K, reserved 1048576K
}
Event: 16.355 GC heap before
{Heap before GC invocations=56 (full 0):
 garbage-first heap   total 214016K, used 174330K [0x00000000c0000000, 0x0000000100000000)
  region size 1024K, 30 young (30720K), 6 survivors (6144K)
 Metaspace       used 109761K, committed 110464K, reserved 1179648K
  class space    used 15152K, committed 15488K, reserved 1048576K
}
Event: 16.369 GC heap after
{Heap after GC invocations=57 (full 0):
 garbage-first heap   total 214016K, used 158732K [0x00000000c0000000, 0x0000000100000000)
  region size 1024K, 4 young (4096K), 4 survivors (4096K)
 Metaspace       used 109761K, committed 110464K, reserved 1179648K
  class space    used 15152K, committed 15488K, reserved 1048576K
}
Event: 16.526 GC heap before
{Heap before GC invocations=57 (full 0):
 garbage-first heap   total 214016K, used 175116K [0x00000000c0000000, 0x0000000100000000)
  region size 1024K, 21 young (21504K), 4 survivors (4096K)
 Metaspace       used 112082K, committed 112896K, reserved 1179648K
  class space    used 15692K, committed 16128K, reserved 1048576K
}
Event: 16.535 GC heap after
{Heap after GC invocations=58 (full 0):
 garbage-first heap   total 214016K, used 161433K [0x00000000c0000000, 0x0000000100000000)
  region size 1024K, 2 young (2048K), 2 survivors (2048K)
 Metaspace       used 112082K, committed 112896K, reserved 1179648K
  class space    used 15692K, committed 16128K, reserved 1048576K
}
Event: 16.608 GC heap before
{Heap before GC invocations=58 (full 0):
 garbage-first heap   total 214016K, used 178841K [0x00000000c0000000, 0x0000000100000000)
  region size 1024K, 19 young (19456K), 2 survivors (2048K)
 Metaspace       used 112388K, committed 113152K, reserved 1179648K
  class space    used 15734K, committed 16128K, reserved 1048576K
}
Event: 16.621 GC heap after
{Heap after GC invocations=59 (full 0):
 garbage-first heap   total 214016K, used 169311K [0x00000000c0000000, 0x0000000100000000)
  region size 1024K, 3 young (3072K), 3 survivors (3072K)
 Metaspace       used 112388K, committed 113152K, reserved 1179648K
  class space    used 15734K, committed 16128K, reserved 1048576K
}
Event: 16.666 GC heap before
{Heap before GC invocations=59 (full 0):
 garbage-first heap   total 214016K, used 179551K [0x00000000c0000000, 0x0000000100000000)
  region size 1024K, 14 young (14336K), 3 survivors (3072K)
 Metaspace       used 112515K, committed 113280K, reserved 1179648K
  class space    used 15738K, committed 16128K, reserved 1048576K
}
Event: 16.676 GC heap after
{Heap after GC invocations=60 (full 0):
 garbage-first heap   total 333824K, used 174990K [0x00000000c0000000, 0x0000000100000000)
  region size 1024K, 2 young (2048K), 2 survivors (2048K)
 Metaspace       used 112515K, committed 113280K, reserved 1179648K
  class space    used 15738K, committed 16128K, reserved 1048576K
}
Event: 16.882 GC heap before
{Heap before GC invocations=60 (full 0):
 garbage-first heap   total 333824K, used 237454K [0x00000000c0000000, 0x0000000100000000)
  region size 1024K, 64 young (65536K), 2 survivors (2048K)
 Metaspace       used 112591K, committed 113344K, reserved 1179648K
  class space    used 15739K, committed 16128K, reserved 1048576K
}
Event: 16.945 GC heap after
{Heap after GC invocations=61 (full 0):
 garbage-first heap   total 333824K, used 206848K [0x00000000c0000000, 0x0000000100000000)
  region size 1024K, 8 young (8192K), 8 survivors (8192K)
 Metaspace       used 112591K, committed 113344K, reserved 1179648K
  class space    used 15739K, committed 16128K, reserved 1048576K
}
Event: 17.146 GC heap before
{Heap before GC invocations=61 (full 0):
 garbage-first heap   total 333824K, used 250880K [0x00000000c0000000, 0x0000000100000000)
  region size 1024K, 52 young (53248K), 8 survivors (8192K)
 Metaspace       used 114769K, committed 115584K, reserved 1179648K
  class space    used 16046K, committed 16448K, reserved 1048576K
}
Event: 17.162 GC heap after
{Heap after GC invocations=62 (full 0):
 garbage-first heap   total 333824K, used 218092K [0x00000000c0000000, 0x0000000100000000)
  region size 1024K, 7 young (7168K), 7 survivors (7168K)
 Metaspace       used 114769K, committed 115584K, reserved 1179648K
  class space    used 16046K, committed 16448K, reserved 1048576K
}
Event: 17.396 GC heap before
{Heap before GC invocations=62 (full 0):
 garbage-first heap   total 333824K, used 259052K [0x00000000c0000000, 0x0000000100000000)
  region size 1024K, 48 young (49152K), 7 survivors (7168K)
 Metaspace       used 116934K, committed 117696K, reserved 1179648K
  class space    used 16324K, committed 16704K, reserved 1048576K
}
Event: 17.406 GC heap after
{Heap after GC invocations=63 (full 0):
 garbage-first heap   total 333824K, used 220817K [0x00000000c0000000, 0x0000000100000000)
  region size 1024K, 3 young (3072K), 3 survivors (3072K)
 Metaspace       used 116934K, committed 117696K, reserved 1179648K
  class space    used 16324K, committed 16704K, reserved 1048576K
}
Event: 17.608 GC heap before
{Heap before GC invocations=63 (full 0):
 garbage-first heap   total 333824K, used 262801K [0x00000000c0000000, 0x0000000100000000)
  region size 1024K, 45 young (46080K), 3 survivors (3072K)
 Metaspace       used 118814K, committed 119680K, reserved 1179648K
  class space    used 16584K, committed 17024K, reserved 1048576K
}
Event: 17.613 GC heap after
{Heap after GC invocations=64 (full 0):
 garbage-first heap   total 333824K, used 221816K [0x00000000c0000000, 0x0000000100000000)
  region size 1024K, 4 young (4096K), 4 survivors (4096K)
 Metaspace       used 118814K, committed 119680K, reserved 1179648K
  class space    used 16584K, committed 17024K, reserved 1048576K
}
Event: 17.692 GC heap before
{Heap before GC invocations=64 (full 0):
 garbage-first heap   total 333824K, used 266872K [0x00000000c0000000, 0x0000000100000000)
  region size 1024K, 49 young (50176K), 4 survivors (4096K)
 Metaspace       used 119101K, committed 119936K, reserved 1179648K
  class space    used 16607K, committed 17024K, reserved 1048576K
}
Event: 17.697 GC heap after
{Heap after GC invocations=65 (full 0):
 garbage-first heap   total 333824K, used 223859K [0x00000000c0000000, 0x0000000100000000)
  region size 1024K, 6 young (6144K), 6 survivors (6144K)
 Metaspace       used 119101K, committed 119936K, reserved 1179648K
  class space    used 16607K, committed 17024K, reserved 1048576K
}
Event: 17.898 GC heap before
{Heap before GC invocations=65 (full 0):
 garbage-first heap   total 333824K, used 269939K [0x00000000c0000000, 0x0000000100000000)
  region size 1024K, 52 young (53248K), 6 survivors (6144K)
 Metaspace       used 120346K, committed 121152K, reserved 1179648K
  class space    used 16769K, committed 17216K, reserved 1048576K
}

